Warning: Permanently added '100.121.87.73' (ED25519) to the list of known hosts.
[legacy-compat] variant=baseline script=tvm_002.py output_dir=/home/user/Downloads/jscc-test/jscc/infer_outputs/lpips_remote_snr10_retry_20260330_163229_baseline snr=10 batch_size=1 max_inputs=300 python=/home/user/venv/bin/tvm_compat_python.sh artifact=/home/user/Downloads/5.1TVM优化结果/tvm_tune_logs/optimized_model.so
[legacy-compat] probe_ok artifact=/home/user/Downloads/5.1TVM优化结果/tvm_tune_logs/optimized_model.so type_key=relax.VMExecutable
2026-03-30 16:49:55,110 - INFO - TVM 模型加载成功
2026-03-30 16:49:57,327 - INFO - 批量推理时间（1 个样本）: 1.8657 秒
2026-03-30 16:49:57,528 - INFO - 重构图像保存至: /home/user/Downloads/jscc-test/jscc/infer_outputs/lpips_remote_snr10_retry_20260330_163229_baseline/reconstructions/Places365_val_00000208_recon.png
2026-03-30 16:49:59,373 - INFO - 批量推理时间（1 个样本）: 1.8387 秒
2026-03-30 16:49:59,481 - INFO - 重构图像保存至: /home/user/Downloads/jscc-test/jscc/infer_outputs/lpips_remote_snr10_retry_20260330_163229_baseline/reconstructions/Places365_val_00000209_recon.png
2026-03-30 16:50:01,324 - INFO - 批量推理时间（1 个样本）: 1.8373 秒
2026-03-30 16:50:01,420 - INFO - 重构图像保存至: /home/user/Downloads/jscc-test/jscc/infer_outputs/lpips_remote_snr10_retry_20260330_163229_baseline/reconstructions/Places365_val_00000210_recon.png
2026-03-30 16:50:03,264 - INFO - 批量推理时间（1 个样本）: 1.8388 秒
2026-03-30 16:50:03,357 - INFO - 重构图像保存至: /home/user/Downloads/jscc-test/jscc/infer_outputs/lpips_remote_snr10_retry_20260330_163229_baseline/reconstructions/Places365_val_00000211_recon.png
2026-03-30 16:50:05,199 - INFO - 批量推理时间（1 个样本）: 1.8365 秒
2026-03-30 16:50:05,301 - INFO - 重构图像保存至: /home/user/Downloads/jscc-test/jscc/infer_outputs/lpips_remote_snr10_retry_20260330_163229_baseline/reconstructions/Places365_val_00000212_recon.png
2026-03-30 16:50:07,143 - INFO - 批量推理时间（1 个样本）: 1.8362 秒
2026-03-30 16:50:07,245 - INFO - 重构图像保存至: /home/user/Downloads/jscc-test/jscc/infer_outputs/lpips_remote_snr10_retry_20260330_163229_baseline/reconstructions/Places365_val_00000213_recon.png
2026-03-30 16:50:09,084 - INFO - 批量推理时间（1 个样本）: 1.8344 秒
2026-03-30 16:50:09,167 - INFO - 重构图像保存至: /home/user/Downloads/jscc-test/jscc/infer_outputs/lpips_remote_snr10_retry_20260330_163229_baseline/reconstructions/Places365_val_00000214_recon.png
2026-03-30 16:50:11,009 - INFO - 批量推理时间（1 个样本）: 1.8370 秒
2026-03-30 16:50:11,076 - INFO - 重构图像保存至: /home/user/Downloads/jscc-test/jscc/infer_outputs/lpips_remote_snr10_retry_20260330_163229_baseline/reconstructions/Places365_val_00000215_recon.png
2026-03-30 16:50:12,918 - INFO - 批量推理时间（1 个样本）: 1.8358 秒
2026-03-30 16:50:13,016 - INFO - 重构图像保存至: /home/user/Downloads/jscc-test/jscc/infer_outputs/lpips_remote_snr10_retry_20260330_163229_baseline/reconstructions/Places365_val_00000216_recon.png
2026-03-30 16:50:14,858 - INFO - 批量推理时间（1 个样本）: 1.8375 秒
2026-03-30 16:50:14,953 - INFO - 重构图像保存至: /home/user/Downloads/jscc-test/jscc/infer_outputs/lpips_remote_snr10_retry_20260330_163229_baseline/reconstructions/Places365_val_00000217_recon.png
2026-03-30 16:50:16,797 - INFO - 批量推理时间（1 个样本）: 1.8364 秒
2026-03-30 16:50:16,894 - INFO - 重构图像保存至: /home/user/Downloads/jscc-test/jscc/infer_outputs/lpips_remote_snr10_retry_20260330_163229_baseline/reconstructions/Places365_val_00000218_recon.png
2026-03-30 16:50:18,735 - INFO - 批量推理时间（1 个样本）: 1.8349 秒
2026-03-30 16:50:18,843 - INFO - 重构图像保存至: /home/user/Downloads/jscc-test/jscc/infer_outputs/lpips_remote_snr10_retry_20260330_163229_baseline/reconstructions/Places365_val_00000219_recon.png
2026-03-30 16:50:20,685 - INFO - 批量推理时间（1 个样本）: 1.8360 秒
2026-03-30 16:50:20,793 - INFO - 重构图像保存至: /home/user/Downloads/jscc-test/jscc/infer_outputs/lpips_remote_snr10_retry_20260330_163229_baseline/reconstructions/Places365_val_00000220_recon.png
2026-03-30 16:50:22,641 - INFO - 批量推理时间（1 个样本）: 1.8403 秒
2026-03-30 16:50:22,731 - INFO - 重构图像保存至: /home/user/Downloads/jscc-test/jscc/infer_outputs/lpips_remote_snr10_retry_20260330_163229_baseline/reconstructions/Places365_val_00000221_recon.png
2026-03-30 16:50:24,572 - INFO - 批量推理时间（1 个样本）: 1.8358 秒
2026-03-30 16:50:24,667 - INFO - 重构图像保存至: /home/user/Downloads/jscc-test/jscc/infer_outputs/lpips_remote_snr10_retry_20260330_163229_baseline/reconstructions/Places365_val_00000222_recon.png
2026-03-30 16:50:26,509 - INFO - 批量推理时间（1 个样本）: 1.8351 秒
2026-03-30 16:50:26,609 - INFO - 重构图像保存至: /home/user/Downloads/jscc-test/jscc/infer_outputs/lpips_remote_snr10_retry_20260330_163229_baseline/reconstructions/Places365_val_00000223_recon.png
2026-03-30 16:50:28,451 - INFO - 批量推理时间（1 个样本）: 1.8366 秒
2026-03-30 16:50:28,548 - INFO - 重构图像保存至: /home/user/Downloads/jscc-test/jscc/infer_outputs/lpips_remote_snr10_retry_20260330_163229_baseline/reconstructions/Places365_val_00000224_recon.png
2026-03-30 16:50:30,394 - INFO - 批量推理时间（1 个样本）: 1.8393 秒
2026-03-30 16:50:30,497 - INFO - 重构图像保存至: /home/user/Downloads/jscc-test/jscc/infer_outputs/lpips_remote_snr10_retry_20260330_163229_baseline/reconstructions/Places365_val_00000225_recon.png
2026-03-30 16:50:32,343 - INFO - 批量推理时间（1 个样本）: 1.8385 秒
2026-03-30 16:50:32,424 - INFO - 重构图像保存至: /home/user/Downloads/jscc-test/jscc/infer_outputs/lpips_remote_snr10_retry_20260330_163229_baseline/reconstructions/Places365_val_00000226_recon.png
2026-03-30 16:50:34,266 - INFO - 批量推理时间（1 个样本）: 1.8356 秒
2026-03-30 16:50:34,385 - INFO - 重构图像保存至: /home/user/Downloads/jscc-test/jscc/infer_outputs/lpips_remote_snr10_retry_20260330_163229_baseline/reconstructions/Places365_val_00000227_recon.png
2026-03-30 16:50:36,226 - INFO - 批量推理时间（1 个样本）: 1.8338 秒
2026-03-30 16:50:36,311 - INFO - 重构图像保存至: /home/user/Downloads/jscc-test/jscc/infer_outputs/lpips_remote_snr10_retry_20260330_163229_baseline/reconstructions/Places365_val_00000228_recon.png
2026-03-30 16:50:38,152 - INFO - 批量推理时间（1 个样本）: 1.8360 秒
2026-03-30 16:50:38,253 - INFO - 重构图像保存至: /home/user/Downloads/jscc-test/jscc/infer_outputs/lpips_remote_snr10_retry_20260330_163229_baseline/reconstructions/Places365_val_00000229_recon.png
2026-03-30 16:50:40,094 - INFO - 批量推理时间（1 个样本）: 1.8362 秒
2026-03-30 16:50:40,204 - INFO - 重构图像保存至: /home/user/Downloads/jscc-test/jscc/infer_outputs/lpips_remote_snr10_retry_20260330_163229_baseline/reconstructions/Places365_val_00000230_recon.png
2026-03-30 16:50:42,047 - INFO - 批量推理时间（1 个样本）: 1.8374 秒
2026-03-30 16:50:42,149 - INFO - 重构图像保存至: /home/user/Downloads/jscc-test/jscc/infer_outputs/lpips_remote_snr10_retry_20260330_163229_baseline/reconstructions/Places365_val_00000231_recon.png
2026-03-30 16:50:43,994 - INFO - 批量推理时间（1 个样本）: 1.8397 秒
2026-03-30 16:50:44,089 - INFO - 重构图像保存至: /home/user/Downloads/jscc-test/jscc/infer_outputs/lpips_remote_snr10_retry_20260330_163229_baseline/reconstructions/Places365_val_00000232_recon.png
2026-03-30 16:50:45,951 - INFO - 批量推理时间（1 个样本）: 1.8561 秒
2026-03-30 16:50:46,036 - INFO - 重构图像保存至: /home/user/Downloads/jscc-test/jscc/infer_outputs/lpips_remote_snr10_retry_20260330_163229_baseline/reconstructions/Places365_val_00000233_recon.png
2026-03-30 16:50:47,899 - INFO - 批量推理时间（1 个样本）: 1.8584 秒
2026-03-30 16:50:48,008 - INFO - 重构图像保存至: /home/user/Downloads/jscc-test/jscc/infer_outputs/lpips_remote_snr10_retry_20260330_163229_baseline/reconstructions/Places365_val_00000234_recon.png
2026-03-30 16:50:49,875 - INFO - 批量推理时间（1 个样本）: 1.8478 秒
2026-03-30 16:50:49,944 - INFO - 重构图像保存至: /home/user/Downloads/jscc-test/jscc/infer_outputs/lpips_remote_snr10_retry_20260330_163229_baseline/reconstructions/Places365_val_00000235_recon.png
2026-03-30 16:50:51,797 - INFO - 批量推理时间（1 个样本）: 1.8472 秒
2026-03-30 16:50:51,879 - INFO - 重构图像保存至: /home/user/Downloads/jscc-test/jscc/infer_outputs/lpips_remote_snr10_retry_20260330_163229_baseline/reconstructions/Places365_val_00000236_recon.png
2026-03-30 16:50:53,722 - INFO - 批量推理时间（1 个样本）: 1.8351 秒
2026-03-30 16:50:53,813 - INFO - 重构图像保存至: /home/user/Downloads/jscc-test/jscc/infer_outputs/lpips_remote_snr10_retry_20260330_163229_baseline/reconstructions/Places365_val_00000237_recon.png
2026-03-30 16:50:55,654 - INFO - 批量推理时间（1 个样本）: 1.8360 秒
2026-03-30 16:50:55,766 - INFO - 重构图像保存至: /home/user/Downloads/jscc-test/jscc/infer_outputs/lpips_remote_snr10_retry_20260330_163229_baseline/reconstructions/Places365_val_00000238_recon.png
2026-03-30 16:50:57,608 - INFO - 批量推理时间（1 个样本）: 1.8368 秒
2026-03-30 16:50:57,703 - INFO - 重构图像保存至: /home/user/Downloads/jscc-test/jscc/infer_outputs/lpips_remote_snr10_retry_20260330_163229_baseline/reconstructions/Places365_val_00000239_recon.png
2026-03-30 16:50:59,548 - INFO - 批量推理时间（1 个样本）: 1.8382 秒
2026-03-30 16:50:59,641 - INFO - 重构图像保存至: /home/user/Downloads/jscc-test/jscc/infer_outputs/lpips_remote_snr10_retry_20260330_163229_baseline/reconstructions/Places365_val_00000240_recon.png
2026-03-30 16:51:01,485 - INFO - 批量推理时间（1 个样本）: 1.8387 秒
2026-03-30 16:51:01,571 - INFO - 重构图像保存至: /home/user/Downloads/jscc-test/jscc/infer_outputs/lpips_remote_snr10_retry_20260330_163229_baseline/reconstructions/Places365_val_00000241_recon.png
2026-03-30 16:51:03,415 - INFO - 批量推理时间（1 个样本）: 1.8388 秒
2026-03-30 16:51:03,512 - INFO - 重构图像保存至: /home/user/Downloads/jscc-test/jscc/infer_outputs/lpips_remote_snr10_retry_20260330_163229_baseline/reconstructions/Places365_val_00000242_recon.png
2026-03-30 16:51:05,355 - INFO - 批量推理时间（1 个样本）: 1.8370 秒
2026-03-30 16:51:05,462 - INFO - 重构图像保存至: /home/user/Downloads/jscc-test/jscc/infer_outputs/lpips_remote_snr10_retry_20260330_163229_baseline/reconstructions/Places365_val_00000243_recon.png
2026-03-30 16:51:07,307 - INFO - 批量推理时间（1 个样本）: 1.8372 秒
2026-03-30 16:51:07,421 - INFO - 重构图像保存至: /home/user/Downloads/jscc-test/jscc/infer_outputs/lpips_remote_snr10_retry_20260330_163229_baseline/reconstructions/Places365_val_00000244_recon.png
2026-03-30 16:51:09,268 - INFO - 批量推理时间（1 个样本）: 1.8373 秒
2026-03-30 16:51:09,370 - INFO - 重构图像保存至: /home/user/Downloads/jscc-test/jscc/infer_outputs/lpips_remote_snr10_retry_20260330_163229_baseline/reconstructions/Places365_val_00000245_recon.png
2026-03-30 16:51:11,213 - INFO - 批量推理时间（1 个样本）: 1.8372 秒
2026-03-30 16:51:11,313 - INFO - 重构图像保存至: /home/user/Downloads/jscc-test/jscc/infer_outputs/lpips_remote_snr10_retry_20260330_163229_baseline/reconstructions/Places365_val_00000246_recon.png
2026-03-30 16:51:13,155 - INFO - 批量推理时间（1 个样本）: 1.8368 秒
2026-03-30 16:51:13,261 - INFO - 重构图像保存至: /home/user/Downloads/jscc-test/jscc/infer_outputs/lpips_remote_snr10_retry_20260330_163229_baseline/reconstructions/Places365_val_00000247_recon.png
2026-03-30 16:51:15,102 - INFO - 批量推理时间（1 个样本）: 1.8363 秒
2026-03-30 16:51:15,204 - INFO - 重构图像保存至: /home/user/Downloads/jscc-test/jscc/infer_outputs/lpips_remote_snr10_retry_20260330_163229_baseline/reconstructions/Places365_val_00000248_recon.png
2026-03-30 16:51:17,048 - INFO - 批量推理时间（1 个样本）: 1.8362 秒
2026-03-30 16:51:17,161 - INFO - 重构图像保存至: /home/user/Downloads/jscc-test/jscc/infer_outputs/lpips_remote_snr10_retry_20260330_163229_baseline/reconstructions/Places365_val_00000249_recon.png
2026-03-30 16:51:19,004 - INFO - 批量推理时间（1 个样本）: 1.8366 秒
2026-03-30 16:51:19,108 - INFO - 重构图像保存至: /home/user/Downloads/jscc-test/jscc/infer_outputs/lpips_remote_snr10_retry_20260330_163229_baseline/reconstructions/Places365_val_00000250_recon.png
2026-03-30 16:51:20,948 - INFO - 批量推理时间（1 个样本）: 1.8354 秒
2026-03-30 16:51:21,053 - INFO - 重构图像保存至: /home/user/Downloads/jscc-test/jscc/infer_outputs/lpips_remote_snr10_retry_20260330_163229_baseline/reconstructions/Places365_val_00000251_recon.png
2026-03-30 16:51:22,897 - INFO - 批量推理时间（1 个样本）: 1.8383 秒
2026-03-30 16:51:22,987 - INFO - 重构图像保存至: /home/user/Downloads/jscc-test/jscc/infer_outputs/lpips_remote_snr10_retry_20260330_163229_baseline/reconstructions/Places365_val_00000252_recon.png
2026-03-30 16:51:24,879 - INFO - 批量推理时间（1 个样本）: 1.8840 秒
2026-03-30 16:51:24,978 - INFO - 重构图像保存至: /home/user/Downloads/jscc-test/jscc/infer_outputs/lpips_remote_snr10_retry_20260330_163229_baseline/reconstructions/Places365_val_00000253_recon.png
2026-03-30 16:51:26,818 - INFO - 批量推理时间（1 个样本）: 1.8346 秒
2026-03-30 16:51:26,913 - INFO - 重构图像保存至: /home/user/Downloads/jscc-test/jscc/infer_outputs/lpips_remote_snr10_retry_20260330_163229_baseline/reconstructions/Places365_val_00000254_recon.png
2026-03-30 16:51:28,755 - INFO - 批量推理时间（1 个样本）: 1.8355 秒
2026-03-30 16:51:28,875 - INFO - 重构图像保存至: /home/user/Downloads/jscc-test/jscc/infer_outputs/lpips_remote_snr10_retry_20260330_163229_baseline/reconstructions/Places365_val_00000255_recon.png
2026-03-30 16:51:30,719 - INFO - 批量推理时间（1 个样本）: 1.8375 秒
2026-03-30 16:51:30,817 - INFO - 重构图像保存至: /home/user/Downloads/jscc-test/jscc/infer_outputs/lpips_remote_snr10_retry_20260330_163229_baseline/reconstructions/Places365_val_00000256_recon.png
2026-03-30 16:51:32,666 - INFO - 批量推理时间（1 个样本）: 1.8416 秒
2026-03-30 16:51:32,766 - INFO - 重构图像保存至: /home/user/Downloads/jscc-test/jscc/infer_outputs/lpips_remote_snr10_retry_20260330_163229_baseline/reconstructions/Places365_val_00000257_recon.png
2026-03-30 16:51:34,615 - INFO - 批量推理时间（1 个样本）: 1.8415 秒
2026-03-30 16:51:34,699 - INFO - 重构图像保存至: /home/user/Downloads/jscc-test/jscc/infer_outputs/lpips_remote_snr10_retry_20260330_163229_baseline/reconstructions/Places365_val_00000258_recon.png
2026-03-30 16:51:36,540 - INFO - 批量推理时间（1 个样本）: 1.8356 秒
2026-03-30 16:51:36,647 - INFO - 重构图像保存至: /home/user/Downloads/jscc-test/jscc/infer_outputs/lpips_remote_snr10_retry_20260330_163229_baseline/reconstructions/Places365_val_00000259_recon.png
2026-03-30 16:51:38,497 - INFO - 批量推理时间（1 个样本）: 1.8374 秒
2026-03-30 16:51:38,605 - INFO - 重构图像保存至: /home/user/Downloads/jscc-test/jscc/infer_outputs/lpips_remote_snr10_retry_20260330_163229_baseline/reconstructions/Places365_val_00000260_recon.png
2026-03-30 16:51:40,447 - INFO - 批量推理时间（1 个样本）: 1.8368 秒
2026-03-30 16:51:40,522 - INFO - 重构图像保存至: /home/user/Downloads/jscc-test/jscc/infer_outputs/lpips_remote_snr10_retry_20260330_163229_baseline/reconstructions/Places365_val_00000261_recon.png
2026-03-30 16:51:42,367 - INFO - 批量推理时间（1 个样本）: 1.8371 秒
2026-03-30 16:51:42,430 - INFO - 重构图像保存至: /home/user/Downloads/jscc-test/jscc/infer_outputs/lpips_remote_snr10_retry_20260330_163229_baseline/reconstructions/Places365_val_00000262_recon.png
2026-03-30 16:51:44,273 - INFO - 批量推理时间（1 个样本）: 1.8355 秒
2026-03-30 16:51:44,353 - INFO - 重构图像保存至: /home/user/Downloads/jscc-test/jscc/infer_outputs/lpips_remote_snr10_retry_20260330_163229_baseline/reconstructions/Places365_val_00000263_recon.png
2026-03-30 16:51:46,199 - INFO - 批量推理时间（1 个样本）: 1.8379 秒
2026-03-30 16:51:46,295 - INFO - 重构图像保存至: /home/user/Downloads/jscc-test/jscc/infer_outputs/lpips_remote_snr10_retry_20260330_163229_baseline/reconstructions/Places365_val_00000264_recon.png
2026-03-30 16:51:48,138 - INFO - 批量推理时间（1 个样本）: 1.8361 秒
2026-03-30 16:51:48,214 - INFO - 重构图像保存至: /home/user/Downloads/jscc-test/jscc/infer_outputs/lpips_remote_snr10_retry_20260330_163229_baseline/reconstructions/Places365_val_00000265_recon.png
2026-03-30 16:51:50,056 - INFO - 批量推理时间（1 个样本）: 1.8349 秒
2026-03-30 16:51:50,164 - INFO - 重构图像保存至: /home/user/Downloads/jscc-test/jscc/infer_outputs/lpips_remote_snr10_retry_20260330_163229_baseline/reconstructions/Places365_val_00000266_recon.png
2026-03-30 16:51:52,006 - INFO - 批量推理时间（1 个样本）: 1.8345 秒
2026-03-30 16:51:52,087 - INFO - 重构图像保存至: /home/user/Downloads/jscc-test/jscc/infer_outputs/lpips_remote_snr10_retry_20260330_163229_baseline/reconstructions/Places365_val_00000267_recon.png
2026-03-30 16:51:53,931 - INFO - 批量推理时间（1 个样本）: 1.8383 秒
2026-03-30 16:51:54,027 - INFO - 重构图像保存至: /home/user/Downloads/jscc-test/jscc/infer_outputs/lpips_remote_snr10_retry_20260330_163229_baseline/reconstructions/Places365_val_00000268_recon.png
2026-03-30 16:51:55,871 - INFO - 批量推理时间（1 个样本）: 1.8360 秒
2026-03-30 16:51:55,958 - INFO - 重构图像保存至: /home/user/Downloads/jscc-test/jscc/infer_outputs/lpips_remote_snr10_retry_20260330_163229_baseline/reconstructions/Places365_val_00000269_recon.png
2026-03-30 16:51:57,800 - INFO - 批量推理时间（1 个样本）: 1.8366 秒
2026-03-30 16:51:57,899 - INFO - 重构图像保存至: /home/user/Downloads/jscc-test/jscc/infer_outputs/lpips_remote_snr10_retry_20260330_163229_baseline/reconstructions/Places365_val_00000270_recon.png
2026-03-30 16:51:59,743 - INFO - 批量推理时间（1 个样本）: 1.8379 秒
2026-03-30 16:51:59,836 - INFO - 重构图像保存至: /home/user/Downloads/jscc-test/jscc/infer_outputs/lpips_remote_snr10_retry_20260330_163229_baseline/reconstructions/Places365_val_00000271_recon.png
2026-03-30 16:52:01,678 - INFO - 批量推理时间（1 个样本）: 1.8348 秒
2026-03-30 16:52:01,775 - INFO - 重构图像保存至: /home/user/Downloads/jscc-test/jscc/infer_outputs/lpips_remote_snr10_retry_20260330_163229_baseline/reconstructions/Places365_val_00000272_recon.png
2026-03-30 16:52:03,619 - INFO - 批量推理时间（1 个样本）: 1.8374 秒
2026-03-30 16:52:03,718 - INFO - 重构图像保存至: /home/user/Downloads/jscc-test/jscc/infer_outputs/lpips_remote_snr10_retry_20260330_163229_baseline/reconstructions/Places365_val_00000273_recon.png
2026-03-30 16:52:05,563 - INFO - 批量推理时间（1 个样本）: 1.8382 秒
2026-03-30 16:52:05,649 - INFO - 重构图像保存至: /home/user/Downloads/jscc-test/jscc/infer_outputs/lpips_remote_snr10_retry_20260330_163229_baseline/reconstructions/Places365_val_00000274_recon.png
2026-03-30 16:52:07,491 - INFO - 批量推理时间（1 个样本）: 1.8355 秒
2026-03-30 16:52:07,586 - INFO - 重构图像保存至: /home/user/Downloads/jscc-test/jscc/infer_outputs/lpips_remote_snr10_retry_20260330_163229_baseline/reconstructions/Places365_val_00000275_recon.png
2026-03-30 16:52:09,427 - INFO - 批量推理时间（1 个样本）: 1.8340 秒
2026-03-30 16:52:09,529 - INFO - 重构图像保存至: /home/user/Downloads/jscc-test/jscc/infer_outputs/lpips_remote_snr10_retry_20260330_163229_baseline/reconstructions/Places365_val_00000276_recon.png
2026-03-30 16:52:11,372 - INFO - 批量推理时间（1 个样本）: 1.8356 秒
2026-03-30 16:52:11,486 - INFO - 重构图像保存至: /home/user/Downloads/jscc-test/jscc/infer_outputs/lpips_remote_snr10_retry_20260330_163229_baseline/reconstructions/Places365_val_00000277_recon.png
2026-03-30 16:52:13,330 - INFO - 批量推理时间（1 个样本）: 1.8375 秒
2026-03-30 16:52:13,441 - INFO - 重构图像保存至: /home/user/Downloads/jscc-test/jscc/infer_outputs/lpips_remote_snr10_retry_20260330_163229_baseline/reconstructions/Places365_val_00000278_recon.png
2026-03-30 16:52:15,286 - INFO - 批量推理时间（1 个样本）: 1.8387 秒
2026-03-30 16:52:15,375 - INFO - 重构图像保存至: /home/user/Downloads/jscc-test/jscc/infer_outputs/lpips_remote_snr10_retry_20260330_163229_baseline/reconstructions/Places365_val_00000279_recon.png
2026-03-30 16:52:17,220 - INFO - 批量推理时间（1 个样本）: 1.8376 秒
2026-03-30 16:52:17,325 - INFO - 重构图像保存至: /home/user/Downloads/jscc-test/jscc/infer_outputs/lpips_remote_snr10_retry_20260330_163229_baseline/reconstructions/Places365_val_00000280_recon.png
2026-03-30 16:52:19,165 - INFO - 批量推理时间（1 个样本）: 1.8350 秒
2026-03-30 16:52:19,250 - INFO - 重构图像保存至: /home/user/Downloads/jscc-test/jscc/infer_outputs/lpips_remote_snr10_retry_20260330_163229_baseline/reconstructions/Places365_val_00000281_recon.png
2026-03-30 16:52:21,092 - INFO - 批量推理时间（1 个样本）: 1.8348 秒
2026-03-30 16:52:21,198 - INFO - 重构图像保存至: /home/user/Downloads/jscc-test/jscc/infer_outputs/lpips_remote_snr10_retry_20260330_163229_baseline/reconstructions/Places365_val_00000282_recon.png
2026-03-30 16:52:23,041 - INFO - 批量推理时间（1 个样本）: 1.8374 秒
2026-03-30 16:52:23,160 - INFO - 重构图像保存至: /home/user/Downloads/jscc-test/jscc/infer_outputs/lpips_remote_snr10_retry_20260330_163229_baseline/reconstructions/Places365_val_00000283_recon.png
2026-03-30 16:52:25,003 - INFO - 批量推理时间（1 个样本）: 1.8370 秒
2026-03-30 16:52:25,114 - INFO - 重构图像保存至: /home/user/Downloads/jscc-test/jscc/infer_outputs/lpips_remote_snr10_retry_20260330_163229_baseline/reconstructions/Places365_val_00000284_recon.png
2026-03-30 16:52:26,961 - INFO - 批量推理时间（1 个样本）: 1.8400 秒
2026-03-30 16:52:27,049 - INFO - 重构图像保存至: /home/user/Downloads/jscc-test/jscc/infer_outputs/lpips_remote_snr10_retry_20260330_163229_baseline/reconstructions/Places365_val_00000285_recon.png
2026-03-30 16:52:28,893 - INFO - 批量推理时间（1 个样本）: 1.8369 秒
2026-03-30 16:52:29,000 - INFO - 重构图像保存至: /home/user/Downloads/jscc-test/jscc/infer_outputs/lpips_remote_snr10_retry_20260330_163229_baseline/reconstructions/Places365_val_00000286_recon.png
2026-03-30 16:52:30,845 - INFO - 批量推理时间（1 个样本）: 1.8374 秒
2026-03-30 16:52:30,959 - INFO - 重构图像保存至: /home/user/Downloads/jscc-test/jscc/infer_outputs/lpips_remote_snr10_retry_20260330_163229_baseline/reconstructions/Places365_val_00000287_recon.png
2026-03-30 16:52:32,801 - INFO - 批量推理时间（1 个样本）: 1.8348 秒
2026-03-30 16:52:32,923 - INFO - 重构图像保存至: /home/user/Downloads/jscc-test/jscc/infer_outputs/lpips_remote_snr10_retry_20260330_163229_baseline/reconstructions/Places365_val_00000288_recon.png
2026-03-30 16:52:34,767 - INFO - 批量推理时间（1 个样本）: 1.8374 秒
2026-03-30 16:52:34,868 - INFO - 重构图像保存至: /home/user/Downloads/jscc-test/jscc/infer_outputs/lpips_remote_snr10_retry_20260330_163229_baseline/reconstructions/Places365_val_00000289_recon.png
2026-03-30 16:52:36,709 - INFO - 批量推理时间（1 个样本）: 1.8336 秒
2026-03-30 16:52:36,801 - INFO - 重构图像保存至: /home/user/Downloads/jscc-test/jscc/infer_outputs/lpips_remote_snr10_retry_20260330_163229_baseline/reconstructions/Places365_val_00000290_recon.png
2026-03-30 16:52:38,644 - INFO - 批量推理时间（1 个样本）: 1.8356 秒
2026-03-30 16:52:38,742 - INFO - 重构图像保存至: /home/user/Downloads/jscc-test/jscc/infer_outputs/lpips_remote_snr10_retry_20260330_163229_baseline/reconstructions/Places365_val_00000291_recon.png
2026-03-30 16:52:40,584 - INFO - 批量推理时间（1 个样本）: 1.8358 秒
2026-03-30 16:52:40,662 - INFO - 重构图像保存至: /home/user/Downloads/jscc-test/jscc/infer_outputs/lpips_remote_snr10_retry_20260330_163229_baseline/reconstructions/Places365_val_00000292_recon.png
2026-03-30 16:52:42,503 - INFO - 批量推理时间（1 个样本）: 1.8333 秒
2026-03-30 16:52:42,595 - INFO - 重构图像保存至: /home/user/Downloads/jscc-test/jscc/infer_outputs/lpips_remote_snr10_retry_20260330_163229_baseline/reconstructions/Places365_val_00000293_recon.png
2026-03-30 16:52:44,439 - INFO - 批量推理时间（1 个样本）: 1.8388 秒
2026-03-30 16:52:44,522 - INFO - 重构图像保存至: /home/user/Downloads/jscc-test/jscc/infer_outputs/lpips_remote_snr10_retry_20260330_163229_baseline/reconstructions/Places365_val_00000294_recon.png
2026-03-30 16:52:46,376 - INFO - 批量推理时间（1 个样本）: 1.8481 秒
2026-03-30 16:52:46,474 - INFO - 重构图像保存至: /home/user/Downloads/jscc-test/jscc/infer_outputs/lpips_remote_snr10_retry_20260330_163229_baseline/reconstructions/Places365_val_00000295_recon.png
2026-03-30 16:52:48,319 - INFO - 批量推理时间（1 个样本）: 1.8376 秒
2026-03-30 16:52:48,393 - INFO - 重构图像保存至: /home/user/Downloads/jscc-test/jscc/infer_outputs/lpips_remote_snr10_retry_20260330_163229_baseline/reconstructions/Places365_val_00000296_recon.png
2026-03-30 16:52:50,243 - INFO - 批量推理时间（1 个样本）: 1.8423 秒
2026-03-30 16:52:50,327 - INFO - 重构图像保存至: /home/user/Downloads/jscc-test/jscc/infer_outputs/lpips_remote_snr10_retry_20260330_163229_baseline/reconstructions/Places365_val_00000297_recon.png
2026-03-30 16:52:52,171 - INFO - 批量推理时间（1 个样本）: 1.8385 秒
2026-03-30 16:52:52,265 - INFO - 重构图像保存至: /home/user/Downloads/jscc-test/jscc/infer_outputs/lpips_remote_snr10_retry_20260330_163229_baseline/reconstructions/Places365_val_00000298_recon.png
2026-03-30 16:52:54,109 - INFO - 批量推理时间（1 个样本）: 1.8375 秒
2026-03-30 16:52:54,193 - INFO - 重构图像保存至: /home/user/Downloads/jscc-test/jscc/infer_outputs/lpips_remote_snr10_retry_20260330_163229_baseline/reconstructions/Places365_val_00000299_recon.png
2026-03-30 16:52:56,034 - INFO - 批量推理时间（1 个样本）: 1.8355 秒
2026-03-30 16:52:56,138 - INFO - 重构图像保存至: /home/user/Downloads/jscc-test/jscc/infer_outputs/lpips_remote_snr10_retry_20260330_163229_baseline/reconstructions/Places365_val_00000300_recon.png
2026-03-30 16:52:57,980 - INFO - 批量推理时间（1 个样本）: 1.8363 秒
2026-03-30 16:52:58,081 - INFO - 重构图像保存至: /home/user/Downloads/jscc-test/jscc/infer_outputs/lpips_remote_snr10_retry_20260330_163229_baseline/reconstructions/Places365_val_00000301_recon.png
2026-03-30 16:52:59,926 - INFO - 批量推理时间（1 个样本）: 1.8374 秒
2026-03-30 16:53:00,007 - INFO - 重构图像保存至: /home/user/Downloads/jscc-test/jscc/infer_outputs/lpips_remote_snr10_retry_20260330_163229_baseline/reconstructions/Places365_val_00000302_recon.png
2026-03-30 16:53:01,850 - INFO - 批量推理时间（1 个样本）: 1.8376 秒
2026-03-30 16:53:01,935 - INFO - 重构图像保存至: /home/user/Downloads/jscc-test/jscc/infer_outputs/lpips_remote_snr10_retry_20260330_163229_baseline/reconstructions/Places365_val_00000303_recon.png
2026-03-30 16:53:03,778 - INFO - 批量推理时间（1 个样本）: 1.8360 秒
2026-03-30 16:53:03,875 - INFO - 重构图像保存至: /home/user/Downloads/jscc-test/jscc/infer_outputs/lpips_remote_snr10_retry_20260330_163229_baseline/reconstructions/Places365_val_00000304_recon.png
2026-03-30 16:53:05,718 - INFO - 批量推理时间（1 个样本）: 1.8371 秒
2026-03-30 16:53:05,804 - INFO - 重构图像保存至: /home/user/Downloads/jscc-test/jscc/infer_outputs/lpips_remote_snr10_retry_20260330_163229_baseline/reconstructions/Places365_val_00000305_recon.png
2026-03-30 16:53:07,649 - INFO - 批量推理时间（1 个样本）: 1.8381 秒
2026-03-30 16:53:07,737 - INFO - 重构图像保存至: /home/user/Downloads/jscc-test/jscc/infer_outputs/lpips_remote_snr10_retry_20260330_163229_baseline/reconstructions/Places365_val_00000306_recon.png
2026-03-30 16:53:09,582 - INFO - 批量推理时间（1 个样本）: 1.8397 秒
2026-03-30 16:53:09,672 - INFO - 重构图像保存至: /home/user/Downloads/jscc-test/jscc/infer_outputs/lpips_remote_snr10_retry_20260330_163229_baseline/reconstructions/Places365_val_00000307_recon.png
2026-03-30 16:53:11,517 - INFO - 批量推理时间（1 个样本）: 1.8376 秒
2026-03-30 16:53:11,591 - INFO - 重构图像保存至: /home/user/Downloads/jscc-test/jscc/infer_outputs/lpips_remote_snr10_retry_20260330_163229_baseline/reconstructions/Places365_val_00000308_recon.png
2026-03-30 16:53:13,436 - INFO - 批量推理时间（1 个样本）: 1.8396 秒
2026-03-30 16:53:13,555 - INFO - 重构图像保存至: /home/user/Downloads/jscc-test/jscc/infer_outputs/lpips_remote_snr10_retry_20260330_163229_baseline/reconstructions/Places365_val_00000309_recon.png
2026-03-30 16:53:15,398 - INFO - 批量推理时间（1 个样本）: 1.8352 秒
2026-03-30 16:53:15,517 - INFO - 重构图像保存至: /home/user/Downloads/jscc-test/jscc/infer_outputs/lpips_remote_snr10_retry_20260330_163229_baseline/reconstructions/Places365_val_00000310_recon.png
2026-03-30 16:53:17,361 - INFO - 批量推理时间（1 个样本）: 1.8376 秒
2026-03-30 16:53:17,451 - INFO - 重构图像保存至: /home/user/Downloads/jscc-test/jscc/infer_outputs/lpips_remote_snr10_retry_20260330_163229_baseline/reconstructions/Places365_val_00000311_recon.png
2026-03-30 16:53:19,298 - INFO - 批量推理时间（1 个样本）: 1.8397 秒
2026-03-30 16:53:19,386 - INFO - 重构图像保存至: /home/user/Downloads/jscc-test/jscc/infer_outputs/lpips_remote_snr10_retry_20260330_163229_baseline/reconstructions/Places365_val_00000312_recon.png
2026-03-30 16:53:21,229 - INFO - 批量推理时间（1 个样本）: 1.8355 秒
2026-03-30 16:53:21,326 - INFO - 重构图像保存至: /home/user/Downloads/jscc-test/jscc/infer_outputs/lpips_remote_snr10_retry_20260330_163229_baseline/reconstructions/Places365_val_00000313_recon.png
2026-03-30 16:53:23,180 - INFO - 批量推理时间（1 个样本）: 1.8467 秒
2026-03-30 16:53:23,301 - INFO - 重构图像保存至: /home/user/Downloads/jscc-test/jscc/infer_outputs/lpips_remote_snr10_retry_20260330_163229_baseline/reconstructions/Places365_val_00000314_recon.png
2026-03-30 16:53:25,143 - INFO - 批量推理时间（1 个样本）: 1.8363 秒
2026-03-30 16:53:25,257 - INFO - 重构图像保存至: /home/user/Downloads/jscc-test/jscc/infer_outputs/lpips_remote_snr10_retry_20260330_163229_baseline/reconstructions/Places365_val_00000315_recon.png
2026-03-30 16:53:27,100 - INFO - 批量推理时间（1 个样本）: 1.8363 秒
2026-03-30 16:53:27,204 - INFO - 重构图像保存至: /home/user/Downloads/jscc-test/jscc/infer_outputs/lpips_remote_snr10_retry_20260330_163229_baseline/reconstructions/Places365_val_00000316_recon.png
2026-03-30 16:53:29,048 - INFO - 批量推理时间（1 个样本）: 1.8388 秒
2026-03-30 16:53:29,134 - INFO - 重构图像保存至: /home/user/Downloads/jscc-test/jscc/infer_outputs/lpips_remote_snr10_retry_20260330_163229_baseline/reconstructions/Places365_val_00000317_recon.png
2026-03-30 16:53:30,977 - INFO - 批量推理时间（1 个样本）: 1.8365 秒
2026-03-30 16:53:31,084 - INFO - 重构图像保存至: /home/user/Downloads/jscc-test/jscc/infer_outputs/lpips_remote_snr10_retry_20260330_163229_baseline/reconstructions/Places365_val_00000318_recon.png
2026-03-30 16:53:32,928 - INFO - 批量推理时间（1 个样本）: 1.8380 秒
2026-03-30 16:53:33,032 - INFO - 重构图像保存至: /home/user/Downloads/jscc-test/jscc/infer_outputs/lpips_remote_snr10_retry_20260330_163229_baseline/reconstructions/Places365_val_00000319_recon.png
2026-03-30 16:53:34,878 - INFO - 批量推理时间（1 个样本）: 1.8411 秒
2026-03-30 16:53:34,993 - INFO - 重构图像保存至: /home/user/Downloads/jscc-test/jscc/infer_outputs/lpips_remote_snr10_retry_20260330_163229_baseline/reconstructions/Places365_val_00000320_recon.png
2026-03-30 16:53:36,842 - INFO - 批量推理时间（1 个样本）: 1.8425 秒
2026-03-30 16:53:36,929 - INFO - 重构图像保存至: /home/user/Downloads/jscc-test/jscc/infer_outputs/lpips_remote_snr10_retry_20260330_163229_baseline/reconstructions/Places365_val_00000321_recon.png
2026-03-30 16:53:38,776 - INFO - 批量推理时间（1 个样本）: 1.8418 秒
2026-03-30 16:53:38,858 - INFO - 重构图像保存至: /home/user/Downloads/jscc-test/jscc/infer_outputs/lpips_remote_snr10_retry_20260330_163229_baseline/reconstructions/Places365_val_00000322_recon.png
2026-03-30 16:53:40,700 - INFO - 批量推理时间（1 个样本）: 1.8365 秒
2026-03-30 16:53:40,776 - INFO - 重构图像保存至: /home/user/Downloads/jscc-test/jscc/infer_outputs/lpips_remote_snr10_retry_20260330_163229_baseline/reconstructions/Places365_val_00000323_recon.png
2026-03-30 16:53:42,622 - INFO - 批量推理时间（1 个样本）: 1.8384 秒
2026-03-30 16:53:42,704 - INFO - 重构图像保存至: /home/user/Downloads/jscc-test/jscc/infer_outputs/lpips_remote_snr10_retry_20260330_163229_baseline/reconstructions/Places365_val_00000324_recon.png
2026-03-30 16:53:44,551 - INFO - 批量推理时间（1 个样本）: 1.8400 秒
2026-03-30 16:53:44,661 - INFO - 重构图像保存至: /home/user/Downloads/jscc-test/jscc/infer_outputs/lpips_remote_snr10_retry_20260330_163229_baseline/reconstructions/Places365_val_00000325_recon.png
2026-03-30 16:53:46,501 - INFO - 批量推理时间（1 个样本）: 1.8351 秒
2026-03-30 16:53:46,611 - INFO - 重构图像保存至: /home/user/Downloads/jscc-test/jscc/infer_outputs/lpips_remote_snr10_retry_20260330_163229_baseline/reconstructions/Places365_val_00000326_recon.png
2026-03-30 16:53:48,454 - INFO - 批量推理时间（1 个样本）: 1.8355 秒
2026-03-30 16:53:48,544 - INFO - 重构图像保存至: /home/user/Downloads/jscc-test/jscc/infer_outputs/lpips_remote_snr10_retry_20260330_163229_baseline/reconstructions/Places365_val_00000327_recon.png
2026-03-30 16:53:50,386 - INFO - 批量推理时间（1 个样本）: 1.8365 秒
2026-03-30 16:53:50,491 - INFO - 重构图像保存至: /home/user/Downloads/jscc-test/jscc/infer_outputs/lpips_remote_snr10_retry_20260330_163229_baseline/reconstructions/Places365_val_00000328_recon.png
2026-03-30 16:53:52,333 - INFO - 批量推理时间（1 个样本）: 1.8369 秒
2026-03-30 16:53:52,434 - INFO - 重构图像保存至: /home/user/Downloads/jscc-test/jscc/infer_outputs/lpips_remote_snr10_retry_20260330_163229_baseline/reconstructions/Places365_val_00000329_recon.png
2026-03-30 16:53:54,277 - INFO - 批量推理时间（1 个样本）: 1.8371 秒
2026-03-30 16:53:54,356 - INFO - 重构图像保存至: /home/user/Downloads/jscc-test/jscc/infer_outputs/lpips_remote_snr10_retry_20260330_163229_baseline/reconstructions/Places365_val_00000330_recon.png
2026-03-30 16:53:56,198 - INFO - 批量推理时间（1 个样本）: 1.8364 秒
2026-03-30 16:53:56,303 - INFO - 重构图像保存至: /home/user/Downloads/jscc-test/jscc/infer_outputs/lpips_remote_snr10_retry_20260330_163229_baseline/reconstructions/Places365_val_00000331_recon.png
2026-03-30 16:53:58,148 - INFO - 批量推理时间（1 个样本）: 1.8397 秒
2026-03-30 16:53:58,251 - INFO - 重构图像保存至: /home/user/Downloads/jscc-test/jscc/infer_outputs/lpips_remote_snr10_retry_20260330_163229_baseline/reconstructions/Places365_val_00000332_recon.png
2026-03-30 16:54:00,093 - INFO - 批量推理时间（1 个样本）: 1.8361 秒
2026-03-30 16:54:00,204 - INFO - 重构图像保存至: /home/user/Downloads/jscc-test/jscc/infer_outputs/lpips_remote_snr10_retry_20260330_163229_baseline/reconstructions/Places365_val_00000333_recon.png
2026-03-30 16:54:02,048 - INFO - 批量推理时间（1 个样本）: 1.8369 秒
2026-03-30 16:54:02,137 - INFO - 重构图像保存至: /home/user/Downloads/jscc-test/jscc/infer_outputs/lpips_remote_snr10_retry_20260330_163229_baseline/reconstructions/Places365_val_00000334_recon.png
2026-03-30 16:54:03,983 - INFO - 批量推理时间（1 个样本）: 1.8386 秒
2026-03-30 16:54:04,078 - INFO - 重构图像保存至: /home/user/Downloads/jscc-test/jscc/infer_outputs/lpips_remote_snr10_retry_20260330_163229_baseline/reconstructions/Places365_val_00000335_recon.png
2026-03-30 16:54:05,924 - INFO - 批量推理时间（1 个样本）: 1.8388 秒
2026-03-30 16:54:06,024 - INFO - 重构图像保存至: /home/user/Downloads/jscc-test/jscc/infer_outputs/lpips_remote_snr10_retry_20260330_163229_baseline/reconstructions/Places365_val_00000336_recon.png
2026-03-30 16:54:07,865 - INFO - 批量推理时间（1 个样本）: 1.8359 秒
2026-03-30 16:54:07,936 - INFO - 重构图像保存至: /home/user/Downloads/jscc-test/jscc/infer_outputs/lpips_remote_snr10_retry_20260330_163229_baseline/reconstructions/Places365_val_00000337_recon.png
2026-03-30 16:54:09,778 - INFO - 批量推理时间（1 个样本）: 1.8345 秒
2026-03-30 16:54:09,846 - INFO - 重构图像保存至: /home/user/Downloads/jscc-test/jscc/infer_outputs/lpips_remote_snr10_retry_20260330_163229_baseline/reconstructions/Places365_val_00000338_recon.png
2026-03-30 16:54:11,690 - INFO - 批量推理时间（1 个样本）: 1.8370 秒
2026-03-30 16:54:11,805 - INFO - 重构图像保存至: /home/user/Downloads/jscc-test/jscc/infer_outputs/lpips_remote_snr10_retry_20260330_163229_baseline/reconstructions/Places365_val_00000339_recon.png
2026-03-30 16:54:13,647 - INFO - 批量推理时间（1 个样本）: 1.8350 秒
2026-03-30 16:54:13,728 - INFO - 重构图像保存至: /home/user/Downloads/jscc-test/jscc/infer_outputs/lpips_remote_snr10_retry_20260330_163229_baseline/reconstructions/Places365_val_00000340_recon.png
2026-03-30 16:54:15,573 - INFO - 批量推理时间（1 个样本）: 1.8390 秒
2026-03-30 16:54:15,675 - INFO - 重构图像保存至: /home/user/Downloads/jscc-test/jscc/infer_outputs/lpips_remote_snr10_retry_20260330_163229_baseline/reconstructions/Places365_val_00000341_recon.png
2026-03-30 16:54:17,519 - INFO - 批量推理时间（1 个样本）: 1.8369 秒
2026-03-30 16:54:17,628 - INFO - 重构图像保存至: /home/user/Downloads/jscc-test/jscc/infer_outputs/lpips_remote_snr10_retry_20260330_163229_baseline/reconstructions/Places365_val_00000342_recon.png
2026-03-30 16:54:19,473 - INFO - 批量推理时间（1 个样本）: 1.8374 秒
2026-03-30 16:54:19,553 - INFO - 重构图像保存至: /home/user/Downloads/jscc-test/jscc/infer_outputs/lpips_remote_snr10_retry_20260330_163229_baseline/reconstructions/Places365_val_00000343_recon.png
2026-03-30 16:54:21,399 - INFO - 批量推理时间（1 个样本）: 1.8389 秒
2026-03-30 16:54:21,497 - INFO - 重构图像保存至: /home/user/Downloads/jscc-test/jscc/infer_outputs/lpips_remote_snr10_retry_20260330_163229_baseline/reconstructions/Places365_val_00000344_recon.png
2026-03-30 16:54:23,346 - INFO - 批量推理时间（1 个样本）: 1.8417 秒
2026-03-30 16:54:23,436 - INFO - 重构图像保存至: /home/user/Downloads/jscc-test/jscc/infer_outputs/lpips_remote_snr10_retry_20260330_163229_baseline/reconstructions/Places365_val_00000345_recon.png
2026-03-30 16:54:25,297 - INFO - 批量推理时间（1 个样本）: 1.8545 秒
2026-03-30 16:54:25,387 - INFO - 重构图像保存至: /home/user/Downloads/jscc-test/jscc/infer_outputs/lpips_remote_snr10_retry_20260330_163229_baseline/reconstructions/Places365_val_00000346_recon.png
2026-03-30 16:54:27,229 - INFO - 批量推理时间（1 个样本）: 1.8348 秒
2026-03-30 16:54:27,331 - INFO - 重构图像保存至: /home/user/Downloads/jscc-test/jscc/infer_outputs/lpips_remote_snr10_retry_20260330_163229_baseline/reconstructions/Places365_val_00000347_recon.png
2026-03-30 16:54:29,176 - INFO - 批量推理时间（1 个样本）: 1.8382 秒
2026-03-30 16:54:29,274 - INFO - 重构图像保存至: /home/user/Downloads/jscc-test/jscc/infer_outputs/lpips_remote_snr10_retry_20260330_163229_baseline/reconstructions/Places365_val_00000348_recon.png
2026-03-30 16:54:31,129 - INFO - 批量推理时间（1 个样本）: 1.8473 秒
2026-03-30 16:54:31,227 - INFO - 重构图像保存至: /home/user/Downloads/jscc-test/jscc/infer_outputs/lpips_remote_snr10_retry_20260330_163229_baseline/reconstructions/Places365_val_00000349_recon.png
2026-03-30 16:54:33,080 - INFO - 批量推理时间（1 个样本）: 1.8465 秒
2026-03-30 16:54:33,164 - INFO - 重构图像保存至: /home/user/Downloads/jscc-test/jscc/infer_outputs/lpips_remote_snr10_retry_20260330_163229_baseline/reconstructions/Places365_val_00000350_recon.png
2026-03-30 16:54:35,017 - INFO - 批量推理时间（1 个样本）: 1.8454 秒
2026-03-30 16:54:35,102 - INFO - 重构图像保存至: /home/user/Downloads/jscc-test/jscc/infer_outputs/lpips_remote_snr10_retry_20260330_163229_baseline/reconstructions/Places365_val_00000351_recon.png
2026-03-30 16:54:36,948 - INFO - 批量推理时间（1 个样本）: 1.8391 秒
2026-03-30 16:54:37,072 - INFO - 重构图像保存至: /home/user/Downloads/jscc-test/jscc/infer_outputs/lpips_remote_snr10_retry_20260330_163229_baseline/reconstructions/Places365_val_00000352_recon.png
2026-03-30 16:54:38,917 - INFO - 批量推理时间（1 个样本）: 1.8380 秒
2026-03-30 16:54:39,000 - INFO - 重构图像保存至: /home/user/Downloads/jscc-test/jscc/infer_outputs/lpips_remote_snr10_retry_20260330_163229_baseline/reconstructions/Places365_val_00000353_recon.png
2026-03-30 16:54:40,844 - INFO - 批量推理时间（1 个样本）: 1.8371 秒
2026-03-30 16:54:40,949 - INFO - 重构图像保存至: /home/user/Downloads/jscc-test/jscc/infer_outputs/lpips_remote_snr10_retry_20260330_163229_baseline/reconstructions/Places365_val_00000354_recon.png
2026-03-30 16:54:42,793 - INFO - 批量推理时间（1 个样本）: 1.8367 秒
2026-03-30 16:54:42,849 - INFO - 重构图像保存至: /home/user/Downloads/jscc-test/jscc/infer_outputs/lpips_remote_snr10_retry_20260330_163229_baseline/reconstructions/Places365_val_00000355_recon.png
2026-03-30 16:54:44,691 - INFO - 批量推理时间（1 个样本）: 1.8351 秒
2026-03-30 16:54:44,794 - INFO - 重构图像保存至: /home/user/Downloads/jscc-test/jscc/infer_outputs/lpips_remote_snr10_retry_20260330_163229_baseline/reconstructions/Places365_val_00000356_recon.png
2026-03-30 16:54:46,672 - INFO - 批量推理时间（1 个样本）: 1.8715 秒
2026-03-30 16:54:46,770 - INFO - 重构图像保存至: /home/user/Downloads/jscc-test/jscc/infer_outputs/lpips_remote_snr10_retry_20260330_163229_baseline/reconstructions/Places365_val_00000357_recon.png
2026-03-30 16:54:48,615 - INFO - 批量推理时间（1 个样本）: 1.8378 秒
2026-03-30 16:54:48,686 - INFO - 重构图像保存至: /home/user/Downloads/jscc-test/jscc/infer_outputs/lpips_remote_snr10_retry_20260330_163229_baseline/reconstructions/Places365_val_00000358_recon.png
2026-03-30 16:54:50,529 - INFO - 批量推理时间（1 个样本）: 1.8365 秒
2026-03-30 16:54:50,625 - INFO - 重构图像保存至: /home/user/Downloads/jscc-test/jscc/infer_outputs/lpips_remote_snr10_retry_20260330_163229_baseline/reconstructions/Places365_val_00000359_recon.png
2026-03-30 16:54:52,471 - INFO - 批量推理时间（1 个样本）: 1.8382 秒
2026-03-30 16:54:52,577 - INFO - 重构图像保存至: /home/user/Downloads/jscc-test/jscc/infer_outputs/lpips_remote_snr10_retry_20260330_163229_baseline/reconstructions/Places365_val_00000360_recon.png
2026-03-30 16:54:54,423 - INFO - 批量推理时间（1 个样本）: 1.8402 秒
2026-03-30 16:54:54,527 - INFO - 重构图像保存至: /home/user/Downloads/jscc-test/jscc/infer_outputs/lpips_remote_snr10_retry_20260330_163229_baseline/reconstructions/Places365_val_00000361_recon.png
2026-03-30 16:54:56,368 - INFO - 批量推理时间（1 个样本）: 1.8342 秒
2026-03-30 16:54:56,459 - INFO - 重构图像保存至: /home/user/Downloads/jscc-test/jscc/infer_outputs/lpips_remote_snr10_retry_20260330_163229_baseline/reconstructions/Places365_val_00000362_recon.png
2026-03-30 16:54:58,303 - INFO - 批量推理时间（1 个样本）: 1.8372 秒
2026-03-30 16:54:58,414 - INFO - 重构图像保存至: /home/user/Downloads/jscc-test/jscc/infer_outputs/lpips_remote_snr10_retry_20260330_163229_baseline/reconstructions/Places365_val_00000363_recon.png
2026-03-30 16:55:00,258 - INFO - 批量推理时间（1 个样本）: 1.8363 秒
2026-03-30 16:55:00,345 - INFO - 重构图像保存至: /home/user/Downloads/jscc-test/jscc/infer_outputs/lpips_remote_snr10_retry_20260330_163229_baseline/reconstructions/Places365_val_00000364_recon.png
2026-03-30 16:55:02,190 - INFO - 批量推理时间（1 个样本）: 1.8379 秒
2026-03-30 16:55:02,277 - INFO - 重构图像保存至: /home/user/Downloads/jscc-test/jscc/infer_outputs/lpips_remote_snr10_retry_20260330_163229_baseline/reconstructions/Places365_val_00000365_recon.png
2026-03-30 16:55:04,118 - INFO - 批量推理时间（1 个样本）: 1.8348 秒
2026-03-30 16:55:04,196 - INFO - 重构图像保存至: /home/user/Downloads/jscc-test/jscc/infer_outputs/lpips_remote_snr10_retry_20260330_163229_baseline/reconstructions/Places365_val_00000366_recon.png
2026-03-30 16:55:06,039 - INFO - 批量推理时间（1 个样本）: 1.8366 秒
2026-03-30 16:55:06,129 - INFO - 重构图像保存至: /home/user/Downloads/jscc-test/jscc/infer_outputs/lpips_remote_snr10_retry_20260330_163229_baseline/reconstructions/Places365_val_00000367_recon.png
2026-03-30 16:55:07,971 - INFO - 批量推理时间（1 个样本）: 1.8348 秒
2026-03-30 16:55:08,080 - INFO - 重构图像保存至: /home/user/Downloads/jscc-test/jscc/infer_outputs/lpips_remote_snr10_retry_20260330_163229_baseline/reconstructions/Places365_val_00000368_recon.png
2026-03-30 16:55:09,924 - INFO - 批量推理时间（1 个样本）: 1.8363 秒
2026-03-30 16:55:09,987 - INFO - 重构图像保存至: /home/user/Downloads/jscc-test/jscc/infer_outputs/lpips_remote_snr10_retry_20260330_163229_baseline/reconstructions/Places365_val_00000369_recon.png
2026-03-30 16:55:11,839 - INFO - 批量推理时间（1 个样本）: 1.8382 秒
2026-03-30 16:55:11,945 - INFO - 重构图像保存至: /home/user/Downloads/jscc-test/jscc/infer_outputs/lpips_remote_snr10_retry_20260330_163229_baseline/reconstructions/Places365_val_00000370_recon.png
2026-03-30 16:55:13,787 - INFO - 批量推理时间（1 个样本）: 1.8356 秒
2026-03-30 16:55:13,874 - INFO - 重构图像保存至: /home/user/Downloads/jscc-test/jscc/infer_outputs/lpips_remote_snr10_retry_20260330_163229_baseline/reconstructions/Places365_val_00000371_recon.png
2026-03-30 16:55:15,716 - INFO - 批量推理时间（1 个样本）: 1.8352 秒
2026-03-30 16:55:15,815 - INFO - 重构图像保存至: /home/user/Downloads/jscc-test/jscc/infer_outputs/lpips_remote_snr10_retry_20260330_163229_baseline/reconstructions/Places365_val_00000372_recon.png
2026-03-30 16:55:17,659 - INFO - 批量推理时间（1 个样本）: 1.8375 秒
2026-03-30 16:55:17,753 - INFO - 重构图像保存至: /home/user/Downloads/jscc-test/jscc/infer_outputs/lpips_remote_snr10_retry_20260330_163229_baseline/reconstructions/Places365_val_00000373_recon.png
2026-03-30 16:55:19,595 - INFO - 批量推理时间（1 个样本）: 1.8349 秒
2026-03-30 16:55:19,682 - INFO - 重构图像保存至: /home/user/Downloads/jscc-test/jscc/infer_outputs/lpips_remote_snr10_retry_20260330_163229_baseline/reconstructions/Places365_val_00000374_recon.png
2026-03-30 16:55:21,525 - INFO - 批量推理时间（1 个样本）: 1.8360 秒
2026-03-30 16:55:21,618 - INFO - 重构图像保存至: /home/user/Downloads/jscc-test/jscc/infer_outputs/lpips_remote_snr10_retry_20260330_163229_baseline/reconstructions/Places365_val_00000375_recon.png
2026-03-30 16:55:23,467 - INFO - 批量推理时间（1 个样本）: 1.8420 秒
2026-03-30 16:55:23,557 - INFO - 重构图像保存至: /home/user/Downloads/jscc-test/jscc/infer_outputs/lpips_remote_snr10_retry_20260330_163229_baseline/reconstructions/Places365_val_00000376_recon.png
2026-03-30 16:55:25,402 - INFO - 批量推理时间（1 个样本）: 1.8382 秒
2026-03-30 16:55:25,480 - INFO - 重构图像保存至: /home/user/Downloads/jscc-test/jscc/infer_outputs/lpips_remote_snr10_retry_20260330_163229_baseline/reconstructions/Places365_val_00000377_recon.png
2026-03-30 16:55:27,324 - INFO - 批量推理时间（1 个样本）: 1.8373 秒
2026-03-30 16:55:27,404 - INFO - 重构图像保存至: /home/user/Downloads/jscc-test/jscc/infer_outputs/lpips_remote_snr10_retry_20260330_163229_baseline/reconstructions/Places365_val_00000378_recon.png
2026-03-30 16:55:29,244 - INFO - 批量推理时间（1 个样本）: 1.8338 秒
2026-03-30 16:55:29,330 - INFO - 重构图像保存至: /home/user/Downloads/jscc-test/jscc/infer_outputs/lpips_remote_snr10_retry_20260330_163229_baseline/reconstructions/Places365_val_00000379_recon.png
2026-03-30 16:55:31,171 - INFO - 批量推理时间（1 个样本）: 1.8350 秒
2026-03-30 16:55:31,249 - INFO - 重构图像保存至: /home/user/Downloads/jscc-test/jscc/infer_outputs/lpips_remote_snr10_retry_20260330_163229_baseline/reconstructions/Places365_val_00000380_recon.png
2026-03-30 16:55:33,097 - INFO - 批量推理时间（1 个样本）: 1.8415 秒
2026-03-30 16:55:33,191 - INFO - 重构图像保存至: /home/user/Downloads/jscc-test/jscc/infer_outputs/lpips_remote_snr10_retry_20260330_163229_baseline/reconstructions/Places365_val_00000381_recon.png
2026-03-30 16:55:35,039 - INFO - 批量推理时间（1 个样本）: 1.8418 秒
2026-03-30 16:55:35,147 - INFO - 重构图像保存至: /home/user/Downloads/jscc-test/jscc/infer_outputs/lpips_remote_snr10_retry_20260330_163229_baseline/reconstructions/Places365_val_00000382_recon.png
2026-03-30 16:55:37,000 - INFO - 批量推理时间（1 个样本）: 1.8457 秒
2026-03-30 16:55:37,078 - INFO - 重构图像保存至: /home/user/Downloads/jscc-test/jscc/infer_outputs/lpips_remote_snr10_retry_20260330_163229_baseline/reconstructions/Places365_val_00000383_recon.png
2026-03-30 16:55:38,920 - INFO - 批量推理时间（1 个样本）: 1.8348 秒
2026-03-30 16:55:39,019 - INFO - 重构图像保存至: /home/user/Downloads/jscc-test/jscc/infer_outputs/lpips_remote_snr10_retry_20260330_163229_baseline/reconstructions/Places365_val_00000384_recon.png
2026-03-30 16:55:40,861 - INFO - 批量推理时间（1 个样本）: 1.8346 秒
2026-03-30 16:55:40,944 - INFO - 重构图像保存至: /home/user/Downloads/jscc-test/jscc/infer_outputs/lpips_remote_snr10_retry_20260330_163229_baseline/reconstructions/Places365_val_00000385_recon.png
2026-03-30 16:55:42,786 - INFO - 批量推理时间（1 个样本）: 1.8345 秒
2026-03-30 16:55:42,880 - INFO - 重构图像保存至: /home/user/Downloads/jscc-test/jscc/infer_outputs/lpips_remote_snr10_retry_20260330_163229_baseline/reconstructions/Places365_val_00000386_recon.png
2026-03-30 16:55:44,720 - INFO - 批量推理时间（1 个样本）: 1.8329 秒
2026-03-30 16:55:44,824 - INFO - 重构图像保存至: /home/user/Downloads/jscc-test/jscc/infer_outputs/lpips_remote_snr10_retry_20260330_163229_baseline/reconstructions/Places365_val_00000387_recon.png
2026-03-30 16:55:46,663 - INFO - 批量推理时间（1 个样本）: 1.8322 秒
2026-03-30 16:55:46,770 - INFO - 重构图像保存至: /home/user/Downloads/jscc-test/jscc/infer_outputs/lpips_remote_snr10_retry_20260330_163229_baseline/reconstructions/Places365_val_00000388_recon.png
2026-03-30 16:55:48,610 - INFO - 批量推理时间（1 个样本）: 1.8334 秒
2026-03-30 16:55:48,687 - INFO - 重构图像保存至: /home/user/Downloads/jscc-test/jscc/infer_outputs/lpips_remote_snr10_retry_20260330_163229_baseline/reconstructions/Places365_val_00000389_recon.png
2026-03-30 16:55:50,528 - INFO - 批量推理时间（1 个样本）: 1.8340 秒
2026-03-30 16:55:50,636 - INFO - 重构图像保存至: /home/user/Downloads/jscc-test/jscc/infer_outputs/lpips_remote_snr10_retry_20260330_163229_baseline/reconstructions/Places365_val_00000390_recon.png
2026-03-30 16:55:52,479 - INFO - 批量推理时间（1 个样本）: 1.8354 秒
2026-03-30 16:55:52,594 - INFO - 重构图像保存至: /home/user/Downloads/jscc-test/jscc/infer_outputs/lpips_remote_snr10_retry_20260330_163229_baseline/reconstructions/Places365_val_00000391_recon.png
2026-03-30 16:55:54,435 - INFO - 批量推理时间（1 个样本）: 1.8344 秒
2026-03-30 16:55:54,540 - INFO - 重构图像保存至: /home/user/Downloads/jscc-test/jscc/infer_outputs/lpips_remote_snr10_retry_20260330_163229_baseline/reconstructions/Places365_val_00000392_recon.png
2026-03-30 16:55:56,383 - INFO - 批量推理时间（1 个样本）: 1.8356 秒
2026-03-30 16:55:56,490 - INFO - 重构图像保存至: /home/user/Downloads/jscc-test/jscc/infer_outputs/lpips_remote_snr10_retry_20260330_163229_baseline/reconstructions/Places365_val_00000393_recon.png
2026-03-30 16:55:58,332 - INFO - 批量推理时间（1 个样本）: 1.8349 秒
2026-03-30 16:55:58,414 - INFO - 重构图像保存至: /home/user/Downloads/jscc-test/jscc/infer_outputs/lpips_remote_snr10_retry_20260330_163229_baseline/reconstructions/Places365_val_00000394_recon.png
2026-03-30 16:56:00,258 - INFO - 批量推理时间（1 个样本）: 1.8373 秒
2026-03-30 16:56:00,327 - INFO - 重构图像保存至: /home/user/Downloads/jscc-test/jscc/infer_outputs/lpips_remote_snr10_retry_20260330_163229_baseline/reconstructions/Places365_val_00000395_recon.png
2026-03-30 16:56:02,170 - INFO - 批量推理时间（1 个样本）: 1.8367 秒
2026-03-30 16:56:02,279 - INFO - 重构图像保存至: /home/user/Downloads/jscc-test/jscc/infer_outputs/lpips_remote_snr10_retry_20260330_163229_baseline/reconstructions/Places365_val_00000396_recon.png
2026-03-30 16:56:04,118 - INFO - 批量推理时间（1 个样本）: 1.8329 秒
2026-03-30 16:56:04,207 - INFO - 重构图像保存至: /home/user/Downloads/jscc-test/jscc/infer_outputs/lpips_remote_snr10_retry_20260330_163229_baseline/reconstructions/Places365_val_00000397_recon.png
2026-03-30 16:56:06,047 - INFO - 批量推理时间（1 个样本）: 1.8334 秒
2026-03-30 16:56:06,150 - INFO - 重构图像保存至: /home/user/Downloads/jscc-test/jscc/infer_outputs/lpips_remote_snr10_retry_20260330_163229_baseline/reconstructions/Places365_val_00000398_recon.png
2026-03-30 16:56:07,991 - INFO - 批量推理时间（1 个样本）: 1.8337 秒
2026-03-30 16:56:08,077 - INFO - 重构图像保存至: /home/user/Downloads/jscc-test/jscc/infer_outputs/lpips_remote_snr10_retry_20260330_163229_baseline/reconstructions/Places365_val_00000399_recon.png
2026-03-30 16:56:09,917 - INFO - 批量推理时间（1 个样本）: 1.8336 秒
2026-03-30 16:56:10,030 - INFO - 重构图像保存至: /home/user/Downloads/jscc-test/jscc/infer_outputs/lpips_remote_snr10_retry_20260330_163229_baseline/reconstructions/Places365_val_00000400_recon.png
2026-03-30 16:56:11,872 - INFO - 批量推理时间（1 个样本）: 1.8347 秒
2026-03-30 16:56:11,978 - INFO - 重构图像保存至: /home/user/Downloads/jscc-test/jscc/infer_outputs/lpips_remote_snr10_retry_20260330_163229_baseline/reconstructions/Places365_val_00000401_recon.png
2026-03-30 16:56:13,820 - INFO - 批量推理时间（1 个样本）: 1.8354 秒
2026-03-30 16:56:13,926 - INFO - 重构图像保存至: /home/user/Downloads/jscc-test/jscc/infer_outputs/lpips_remote_snr10_retry_20260330_163229_baseline/reconstructions/Places365_val_00000402_recon.png
2026-03-30 16:56:15,764 - INFO - 批量推理时间（1 个样本）: 1.8324 秒
2026-03-30 16:56:15,870 - INFO - 重构图像保存至: /home/user/Downloads/jscc-test/jscc/infer_outputs/lpips_remote_snr10_retry_20260330_163229_baseline/reconstructions/Places365_val_00000403_recon.png
2026-03-30 16:56:17,710 - INFO - 批量推理时间（1 个样本）: 1.8338 秒
2026-03-30 16:56:17,797 - INFO - 重构图像保存至: /home/user/Downloads/jscc-test/jscc/infer_outputs/lpips_remote_snr10_retry_20260330_163229_baseline/reconstructions/Places365_val_00000404_recon.png
2026-03-30 16:56:19,638 - INFO - 批量推理时间（1 个样本）: 1.8344 秒
2026-03-30 16:56:19,753 - INFO - 重构图像保存至: /home/user/Downloads/jscc-test/jscc/infer_outputs/lpips_remote_snr10_retry_20260330_163229_baseline/reconstructions/Places365_val_00000405_recon.png
2026-03-30 16:56:21,594 - INFO - 批量推理时间（1 个样本）: 1.8337 秒
2026-03-30 16:56:21,692 - INFO - 重构图像保存至: /home/user/Downloads/jscc-test/jscc/infer_outputs/lpips_remote_snr10_retry_20260330_163229_baseline/reconstructions/Places365_val_00000406_recon.png
2026-03-30 16:56:23,594 - INFO - 批量推理时间（1 个样本）: 1.8344 秒
2026-03-30 16:56:23,669 - INFO - 重构图像保存至: /home/user/Downloads/jscc-test/jscc/infer_outputs/lpips_remote_snr10_retry_20260330_163229_baseline/reconstructions/Places365_val_00000407_recon.png
2026-03-30 16:56:25,511 - INFO - 批量推理时间（1 个样本）: 1.8346 秒
2026-03-30 16:56:25,608 - INFO - 重构图像保存至: /home/user/Downloads/jscc-test/jscc/infer_outputs/lpips_remote_snr10_retry_20260330_163229_baseline/reconstructions/Places365_val_00000408_recon.png
2026-03-30 16:56:27,453 - INFO - 批量推理时间（1 个样本）: 1.8389 秒
2026-03-30 16:56:27,533 - INFO - 重构图像保存至: /home/user/Downloads/jscc-test/jscc/infer_outputs/lpips_remote_snr10_retry_20260330_163229_baseline/reconstructions/Places365_val_00000409_recon.png
2026-03-30 16:56:29,375 - INFO - 批量推理时间（1 个样本）: 1.8347 秒
2026-03-30 16:56:29,460 - INFO - 重构图像保存至: /home/user/Downloads/jscc-test/jscc/infer_outputs/lpips_remote_snr10_retry_20260330_163229_baseline/reconstructions/Places365_val_00000410_recon.png
2026-03-30 16:56:31,301 - INFO - 批量推理时间（1 个样本）: 1.8335 秒
2026-03-30 16:56:31,386 - INFO - 重构图像保存至: /home/user/Downloads/jscc-test/jscc/infer_outputs/lpips_remote_snr10_retry_20260330_163229_baseline/reconstructions/Places365_val_00000411_recon.png
2026-03-30 16:56:33,228 - INFO - 批量推理时间（1 个样本）: 1.8347 秒
2026-03-30 16:56:33,322 - INFO - 重构图像保存至: /home/user/Downloads/jscc-test/jscc/infer_outputs/lpips_remote_snr10_retry_20260330_163229_baseline/reconstructions/Places365_val_00000412_recon.png
2026-03-30 16:56:35,162 - INFO - 批量推理时间（1 个样本）: 1.8329 秒
2026-03-30 16:56:35,269 - INFO - 重构图像保存至: /home/user/Downloads/jscc-test/jscc/infer_outputs/lpips_remote_snr10_retry_20260330_163229_baseline/reconstructions/Places365_val_00000413_recon.png
2026-03-30 16:56:37,108 - INFO - 批量推理时间（1 个样本）: 1.8328 秒
2026-03-30 16:56:37,206 - INFO - 重构图像保存至: /home/user/Downloads/jscc-test/jscc/infer_outputs/lpips_remote_snr10_retry_20260330_163229_baseline/reconstructions/Places365_val_00000414_recon.png
2026-03-30 16:56:39,045 - INFO - 批量推理时间（1 个样本）: 1.8330 秒
2026-03-30 16:56:39,148 - INFO - 重构图像保存至: /home/user/Downloads/jscc-test/jscc/infer_outputs/lpips_remote_snr10_retry_20260330_163229_baseline/reconstructions/Places365_val_00000415_recon.png
2026-03-30 16:56:40,989 - INFO - 批量推理时间（1 个样本）: 1.8342 秒
2026-03-30 16:56:41,074 - INFO - 重构图像保存至: /home/user/Downloads/jscc-test/jscc/infer_outputs/lpips_remote_snr10_retry_20260330_163229_baseline/reconstructions/Places365_val_00000416_recon.png
2026-03-30 16:56:42,916 - INFO - 批量推理时间（1 个样本）: 1.8358 秒
2026-03-30 16:56:43,024 - INFO - 重构图像保存至: /home/user/Downloads/jscc-test/jscc/infer_outputs/lpips_remote_snr10_retry_20260330_163229_baseline/reconstructions/Places365_val_00000417_recon.png
2026-03-30 16:56:44,864 - INFO - 批量推理时间（1 个样本）: 1.8332 秒
2026-03-30 16:56:44,943 - INFO - 重构图像保存至: /home/user/Downloads/jscc-test/jscc/infer_outputs/lpips_remote_snr10_retry_20260330_163229_baseline/reconstructions/Places365_val_00000418_recon.png
2026-03-30 16:56:46,784 - INFO - 批量推理时间（1 个样本）: 1.8342 秒
2026-03-30 16:56:46,859 - INFO - 重构图像保存至: /home/user/Downloads/jscc-test/jscc/infer_outputs/lpips_remote_snr10_retry_20260330_163229_baseline/reconstructions/Places365_val_00000419_recon.png
2026-03-30 16:56:48,700 - INFO - 批量推理时间（1 个样本）: 1.8338 秒
2026-03-30 16:56:48,773 - INFO - 重构图像保存至: /home/user/Downloads/jscc-test/jscc/infer_outputs/lpips_remote_snr10_retry_20260330_163229_baseline/reconstructions/Places365_val_00000420_recon.png
2026-03-30 16:56:50,614 - INFO - 批量推理时间（1 个样本）: 1.8334 秒
2026-03-30 16:56:50,722 - INFO - 重构图像保存至: /home/user/Downloads/jscc-test/jscc/infer_outputs/lpips_remote_snr10_retry_20260330_163229_baseline/reconstructions/Places365_val_00000421_recon.png
2026-03-30 16:56:52,568 - INFO - 批量推理时间（1 个样本）: 1.8396 秒
2026-03-30 16:56:52,664 - INFO - 重构图像保存至: /home/user/Downloads/jscc-test/jscc/infer_outputs/lpips_remote_snr10_retry_20260330_163229_baseline/reconstructions/Places365_val_00000422_recon.png
2026-03-30 16:56:54,507 - INFO - 批量推理时间（1 个样本）: 1.8357 秒
2026-03-30 16:56:54,598 - INFO - 重构图像保存至: /home/user/Downloads/jscc-test/jscc/infer_outputs/lpips_remote_snr10_retry_20260330_163229_baseline/reconstructions/Places365_val_00000423_recon.png
2026-03-30 16:56:56,438 - INFO - 批量推理时间（1 个样本）: 1.8342 秒
2026-03-30 16:56:56,537 - INFO - 重构图像保存至: /home/user/Downloads/jscc-test/jscc/infer_outputs/lpips_remote_snr10_retry_20260330_163229_baseline/reconstructions/Places365_val_00000424_recon.png
2026-03-30 16:56:58,378 - INFO - 批量推理时间（1 个样本）: 1.8341 秒
2026-03-30 16:56:58,466 - INFO - 重构图像保存至: /home/user/Downloads/jscc-test/jscc/infer_outputs/lpips_remote_snr10_retry_20260330_163229_baseline/reconstructions/Places365_val_00000425_recon.png
2026-03-30 16:57:00,306 - INFO - 批量推理时间（1 个样本）: 1.8331 秒
2026-03-30 16:57:00,398 - INFO - 重构图像保存至: /home/user/Downloads/jscc-test/jscc/infer_outputs/lpips_remote_snr10_retry_20260330_163229_baseline/reconstructions/Places365_val_00000426_recon.png
2026-03-30 16:57:02,240 - INFO - 批量推理时间（1 个样本）: 1.8354 秒
2026-03-30 16:57:02,313 - INFO - 重构图像保存至: /home/user/Downloads/jscc-test/jscc/infer_outputs/lpips_remote_snr10_retry_20260330_163229_baseline/reconstructions/Places365_val_00000427_recon.png
2026-03-30 16:57:04,153 - INFO - 批量推理时间（1 个样本）: 1.8332 秒
2026-03-30 16:57:04,235 - INFO - 重构图像保存至: /home/user/Downloads/jscc-test/jscc/infer_outputs/lpips_remote_snr10_retry_20260330_163229_baseline/reconstructions/Places365_val_00000428_recon.png
2026-03-30 16:57:06,078 - INFO - 批量推理时间（1 个样本）: 1.8359 秒
2026-03-30 16:57:06,183 - INFO - 重构图像保存至: /home/user/Downloads/jscc-test/jscc/infer_outputs/lpips_remote_snr10_retry_20260330_163229_baseline/reconstructions/Places365_val_00000429_recon.png
2026-03-30 16:57:08,023 - INFO - 批量推理时间（1 个样本）: 1.8328 秒
2026-03-30 16:57:08,112 - INFO - 重构图像保存至: /home/user/Downloads/jscc-test/jscc/infer_outputs/lpips_remote_snr10_retry_20260330_163229_baseline/reconstructions/Places365_val_00000430_recon.png
2026-03-30 16:57:09,951 - INFO - 批量推理时间（1 个样本）: 1.8324 秒
2026-03-30 16:57:10,052 - INFO - 重构图像保存至: /home/user/Downloads/jscc-test/jscc/infer_outputs/lpips_remote_snr10_retry_20260330_163229_baseline/reconstructions/Places365_val_00000431_recon.png
2026-03-30 16:57:11,893 - INFO - 批量推理时间（1 个样本）: 1.8335 秒
2026-03-30 16:57:11,992 - INFO - 重构图像保存至: /home/user/Downloads/jscc-test/jscc/infer_outputs/lpips_remote_snr10_retry_20260330_163229_baseline/reconstructions/Places365_val_00000432_recon.png
2026-03-30 16:57:13,832 - INFO - 批量推理时间（1 个样本）: 1.8336 秒
2026-03-30 16:57:13,896 - INFO - 重构图像保存至: /home/user/Downloads/jscc-test/jscc/infer_outputs/lpips_remote_snr10_retry_20260330_163229_baseline/reconstructions/Places365_val_00000433_recon.png
2026-03-30 16:57:15,739 - INFO - 批量推理时间（1 个样本）: 1.8368 秒
2026-03-30 16:57:15,817 - INFO - 重构图像保存至: /home/user/Downloads/jscc-test/jscc/infer_outputs/lpips_remote_snr10_retry_20260330_163229_baseline/reconstructions/Places365_val_00000434_recon.png
2026-03-30 16:57:17,659 - INFO - 批量推理时间（1 个样本）: 1.8351 秒
2026-03-30 16:57:17,760 - INFO - 重构图像保存至: /home/user/Downloads/jscc-test/jscc/infer_outputs/lpips_remote_snr10_retry_20260330_163229_baseline/reconstructions/Places365_val_00000435_recon.png
2026-03-30 16:57:19,601 - INFO - 批量推理时间（1 个样本）: 1.8340 秒
2026-03-30 16:57:19,685 - INFO - 重构图像保存至: /home/user/Downloads/jscc-test/jscc/infer_outputs/lpips_remote_snr10_retry_20260330_163229_baseline/reconstructions/Places365_val_00000436_recon.png
2026-03-30 16:57:21,526 - INFO - 批量推理时间（1 个样本）: 1.8344 秒
2026-03-30 16:57:21,622 - INFO - 重构图像保存至: /home/user/Downloads/jscc-test/jscc/infer_outputs/lpips_remote_snr10_retry_20260330_163229_baseline/reconstructions/Places365_val_00000437_recon.png
2026-03-30 16:57:23,465 - INFO - 批量推理时间（1 个样本）: 1.8358 秒
2026-03-30 16:57:23,553 - INFO - 重构图像保存至: /home/user/Downloads/jscc-test/jscc/infer_outputs/lpips_remote_snr10_retry_20260330_163229_baseline/reconstructions/Places365_val_00000438_recon.png
2026-03-30 16:57:25,394 - INFO - 批量推理时间（1 个样本）: 1.8337 秒
2026-03-30 16:57:25,486 - INFO - 重构图像保存至: /home/user/Downloads/jscc-test/jscc/infer_outputs/lpips_remote_snr10_retry_20260330_163229_baseline/reconstructions/Places365_val_00000439_recon.png
2026-03-30 16:57:27,329 - INFO - 批量推理时间（1 个样本）: 1.8358 秒
2026-03-30 16:57:27,421 - INFO - 重构图像保存至: /home/user/Downloads/jscc-test/jscc/infer_outputs/lpips_remote_snr10_retry_20260330_163229_baseline/reconstructions/Places365_val_00000440_recon.png
2026-03-30 16:57:29,261 - INFO - 批量推理时间（1 个样本）: 1.8347 秒
2026-03-30 16:57:29,344 - INFO - 重构图像保存至: /home/user/Downloads/jscc-test/jscc/infer_outputs/lpips_remote_snr10_retry_20260330_163229_baseline/reconstructions/Places365_val_00000441_recon.png
2026-03-30 16:57:31,186 - INFO - 批量推理时间（1 个样本）: 1.8355 秒
2026-03-30 16:57:31,282 - INFO - 重构图像保存至: /home/user/Downloads/jscc-test/jscc/infer_outputs/lpips_remote_snr10_retry_20260330_163229_baseline/reconstructions/Places365_val_00000442_recon.png
2026-03-30 16:57:33,123 - INFO - 批量推理时间（1 个样本）: 1.8347 秒
2026-03-30 16:57:33,213 - INFO - 重构图像保存至: /home/user/Downloads/jscc-test/jscc/infer_outputs/lpips_remote_snr10_retry_20260330_163229_baseline/reconstructions/Places365_val_00000443_recon.png
2026-03-30 16:57:35,055 - INFO - 批量推理时间（1 个样本）: 1.8351 秒
2026-03-30 16:57:35,152 - INFO - 重构图像保存至: /home/user/Downloads/jscc-test/jscc/infer_outputs/lpips_remote_snr10_retry_20260330_163229_baseline/reconstructions/Places365_val_00000444_recon.png
2026-03-30 16:57:36,996 - INFO - 批量推理时间（1 个样本）: 1.8389 秒
2026-03-30 16:57:37,121 - INFO - 重构图像保存至: /home/user/Downloads/jscc-test/jscc/infer_outputs/lpips_remote_snr10_retry_20260330_163229_baseline/reconstructions/Places365_val_00000445_recon.png
2026-03-30 16:57:38,960 - INFO - 批量推理时间（1 个样本）: 1.8327 秒
2026-03-30 16:57:39,068 - INFO - 重构图像保存至: /home/user/Downloads/jscc-test/jscc/infer_outputs/lpips_remote_snr10_retry_20260330_163229_baseline/reconstructions/Places365_val_00000446_recon.png
2026-03-30 16:57:40,911 - INFO - 批量推理时间（1 个样本）: 1.8354 秒
2026-03-30 16:57:41,013 - INFO - 重构图像保存至: /home/user/Downloads/jscc-test/jscc/infer_outputs/lpips_remote_snr10_retry_20260330_163229_baseline/reconstructions/Places365_val_00000447_recon.png
2026-03-30 16:57:42,852 - INFO - 批量推理时间（1 个样本）: 1.8325 秒
2026-03-30 16:57:42,964 - INFO - 重构图像保存至: /home/user/Downloads/jscc-test/jscc/infer_outputs/lpips_remote_snr10_retry_20260330_163229_baseline/reconstructions/Places365_val_00000448_recon.png
2026-03-30 16:57:44,805 - INFO - 批量推理时间（1 个样本）: 1.8338 秒
2026-03-30 16:57:44,893 - INFO - 重构图像保存至: /home/user/Downloads/jscc-test/jscc/infer_outputs/lpips_remote_snr10_retry_20260330_163229_baseline/reconstructions/Places365_val_00000449_recon.png
2026-03-30 16:57:46,733 - INFO - 批量推理时间（1 个样本）: 1.8339 秒
2026-03-30 16:57:46,831 - INFO - 重构图像保存至: /home/user/Downloads/jscc-test/jscc/infer_outputs/lpips_remote_snr10_retry_20260330_163229_baseline/reconstructions/Places365_val_00000450_recon.png
2026-03-30 16:57:48,667 - INFO - 批量推理时间（1 个样本）: 1.8310 秒
2026-03-30 16:57:48,763 - INFO - 重构图像保存至: /home/user/Downloads/jscc-test/jscc/infer_outputs/lpips_remote_snr10_retry_20260330_163229_baseline/reconstructions/Places365_val_00000451_recon.png
2026-03-30 16:57:50,602 - INFO - 批量推理时间（1 个样本）: 1.8326 秒
2026-03-30 16:57:50,681 - INFO - 重构图像保存至: /home/user/Downloads/jscc-test/jscc/infer_outputs/lpips_remote_snr10_retry_20260330_163229_baseline/reconstructions/Places365_val_00000452_recon.png
2026-03-30 16:57:52,523 - INFO - 批量推理时间（1 个样本）: 1.8359 秒
2026-03-30 16:57:52,613 - INFO - 重构图像保存至: /home/user/Downloads/jscc-test/jscc/infer_outputs/lpips_remote_snr10_retry_20260330_163229_baseline/reconstructions/Places365_val_00000453_recon.png
2026-03-30 16:57:54,455 - INFO - 批量推理时间（1 个样本）: 1.8345 秒
2026-03-30 16:57:54,548 - INFO - 重构图像保存至: /home/user/Downloads/jscc-test/jscc/infer_outputs/lpips_remote_snr10_retry_20260330_163229_baseline/reconstructions/Places365_val_00000454_recon.png
2026-03-30 16:57:56,389 - INFO - 批量推理时间（1 个样本）: 1.8346 秒
2026-03-30 16:57:56,495 - INFO - 重构图像保存至: /home/user/Downloads/jscc-test/jscc/infer_outputs/lpips_remote_snr10_retry_20260330_163229_baseline/reconstructions/Places365_val_00000455_recon.png
2026-03-30 16:57:58,335 - INFO - 批量推理时间（1 个样本）: 1.8338 秒
2026-03-30 16:57:58,416 - INFO - 重构图像保存至: /home/user/Downloads/jscc-test/jscc/infer_outputs/lpips_remote_snr10_retry_20260330_163229_baseline/reconstructions/Places365_val_00000456_recon.png
2026-03-30 16:58:00,259 - INFO - 批量推理时间（1 个样本）: 1.8360 秒
2026-03-30 16:58:00,358 - INFO - 重构图像保存至: /home/user/Downloads/jscc-test/jscc/infer_outputs/lpips_remote_snr10_retry_20260330_163229_baseline/reconstructions/Places365_val_00000457_recon.png
2026-03-30 16:58:02,199 - INFO - 批量推理时间（1 个样本）: 1.8334 秒
2026-03-30 16:58:02,301 - INFO - 重构图像保存至: /home/user/Downloads/jscc-test/jscc/infer_outputs/lpips_remote_snr10_retry_20260330_163229_baseline/reconstructions/Places365_val_00000458_recon.png
2026-03-30 16:58:04,139 - INFO - 批量推理时间（1 个样本）: 1.8326 秒
2026-03-30 16:58:04,201 - INFO - 重构图像保存至: /home/user/Downloads/jscc-test/jscc/infer_outputs/lpips_remote_snr10_retry_20260330_163229_baseline/reconstructions/Places365_val_00000459_recon.png
2026-03-30 16:58:06,043 - INFO - 批量推理时间（1 个样本）: 1.8360 秒
2026-03-30 16:58:06,159 - INFO - 重构图像保存至: /home/user/Downloads/jscc-test/jscc/infer_outputs/lpips_remote_snr10_retry_20260330_163229_baseline/reconstructions/Places365_val_00000460_recon.png
2026-03-30 16:58:07,999 - INFO - 批量推理时间（1 个样本）: 1.8347 秒
2026-03-30 16:58:08,127 - INFO - 重构图像保存至: /home/user/Downloads/jscc-test/jscc/infer_outputs/lpips_remote_snr10_retry_20260330_163229_baseline/reconstructions/Places365_val_00000461_recon.png
2026-03-30 16:58:09,966 - INFO - 批量推理时间（1 个样本）: 1.8322 秒
2026-03-30 16:58:10,055 - INFO - 重构图像保存至: /home/user/Downloads/jscc-test/jscc/infer_outputs/lpips_remote_snr10_retry_20260330_163229_baseline/reconstructions/Places365_val_00000462_recon.png
2026-03-30 16:58:11,896 - INFO - 批量推理时间（1 个样本）: 1.8350 秒
2026-03-30 16:58:12,005 - INFO - 重构图像保存至: /home/user/Downloads/jscc-test/jscc/infer_outputs/lpips_remote_snr10_retry_20260330_163229_baseline/reconstructions/Places365_val_00000463_recon.png
2026-03-30 16:58:13,844 - INFO - 批量推理时间（1 个样本）: 1.8325 秒
2026-03-30 16:58:13,956 - INFO - 重构图像保存至: /home/user/Downloads/jscc-test/jscc/infer_outputs/lpips_remote_snr10_retry_20260330_163229_baseline/reconstructions/Places365_val_00000464_recon.png
2026-03-30 16:58:15,795 - INFO - 批量推理时间（1 个样本）: 1.8338 秒
2026-03-30 16:58:15,900 - INFO - 重构图像保存至: /home/user/Downloads/jscc-test/jscc/infer_outputs/lpips_remote_snr10_retry_20260330_163229_baseline/reconstructions/Places365_val_00000465_recon.png
2026-03-30 16:58:17,742 - INFO - 批量推理时间（1 个样本）: 1.8343 秒
2026-03-30 16:58:17,836 - INFO - 重构图像保存至: /home/user/Downloads/jscc-test/jscc/infer_outputs/lpips_remote_snr10_retry_20260330_163229_baseline/reconstructions/Places365_val_00000466_recon.png
2026-03-30 16:58:19,675 - INFO - 批量推理时间（1 个样本）: 1.8330 秒
2026-03-30 16:58:19,778 - INFO - 重构图像保存至: /home/user/Downloads/jscc-test/jscc/infer_outputs/lpips_remote_snr10_retry_20260330_163229_baseline/reconstructions/Places365_val_00000467_recon.png
2026-03-30 16:58:21,619 - INFO - 批量推理时间（1 个样本）: 1.8345 秒
2026-03-30 16:58:21,718 - INFO - 重构图像保存至: /home/user/Downloads/jscc-test/jscc/infer_outputs/lpips_remote_snr10_retry_20260330_163229_baseline/reconstructions/Places365_val_00000468_recon.png
2026-03-30 16:58:23,560 - INFO - 批量推理时间（1 个样本）: 1.8354 秒
2026-03-30 16:58:23,656 - INFO - 重构图像保存至: /home/user/Downloads/jscc-test/jscc/infer_outputs/lpips_remote_snr10_retry_20260330_163229_baseline/reconstructions/Places365_val_00000469_recon.png
2026-03-30 16:58:25,502 - INFO - 批量推理时间（1 个样本）: 1.8392 秒
2026-03-30 16:58:25,604 - INFO - 重构图像保存至: /home/user/Downloads/jscc-test/jscc/infer_outputs/lpips_remote_snr10_retry_20260330_163229_baseline/reconstructions/Places365_val_00000470_recon.png
2026-03-30 16:58:27,447 - INFO - 批量推理时间（1 个样本）: 1.8364 秒
2026-03-30 16:58:27,539 - INFO - 重构图像保存至: /home/user/Downloads/jscc-test/jscc/infer_outputs/lpips_remote_snr10_retry_20260330_163229_baseline/reconstructions/Places365_val_00000471_recon.png
2026-03-30 16:58:29,378 - INFO - 批量推理时间（1 个样本）: 1.8322 秒
2026-03-30 16:58:29,451 - INFO - 重构图像保存至: /home/user/Downloads/jscc-test/jscc/infer_outputs/lpips_remote_snr10_retry_20260330_163229_baseline/reconstructions/Places365_val_00000472_recon.png
2026-03-30 16:58:31,293 - INFO - 批量推理时间（1 个样本）: 1.8344 秒
2026-03-30 16:58:31,375 - INFO - 重构图像保存至: /home/user/Downloads/jscc-test/jscc/infer_outputs/lpips_remote_snr10_retry_20260330_163229_baseline/reconstructions/Places365_val_00000473_recon.png
2026-03-30 16:58:33,218 - INFO - 批量推理时间（1 个样本）: 1.8360 秒
2026-03-30 16:58:33,303 - INFO - 重构图像保存至: /home/user/Downloads/jscc-test/jscc/infer_outputs/lpips_remote_snr10_retry_20260330_163229_baseline/reconstructions/Places365_val_00000474_recon.png
2026-03-30 16:58:35,144 - INFO - 批量推理时间（1 个样本）: 1.8334 秒
2026-03-30 16:58:35,268 - INFO - 重构图像保存至: /home/user/Downloads/jscc-test/jscc/infer_outputs/lpips_remote_snr10_retry_20260330_163229_baseline/reconstructions/Places365_val_00000475_recon.png
2026-03-30 16:58:37,109 - INFO - 批量推理时间（1 个样本）: 1.8346 秒
2026-03-30 16:58:37,204 - INFO - 重构图像保存至: /home/user/Downloads/jscc-test/jscc/infer_outputs/lpips_remote_snr10_retry_20260330_163229_baseline/reconstructions/Places365_val_00000476_recon.png
2026-03-30 16:58:39,046 - INFO - 批量推理时间（1 个样本）: 1.8345 秒
2026-03-30 16:58:39,127 - INFO - 重构图像保存至: /home/user/Downloads/jscc-test/jscc/infer_outputs/lpips_remote_snr10_retry_20260330_163229_baseline/reconstructions/Places365_val_00000477_recon.png
2026-03-30 16:58:40,966 - INFO - 批量推理时间（1 个样本）: 1.8324 秒
2026-03-30 16:58:41,053 - INFO - 重构图像保存至: /home/user/Downloads/jscc-test/jscc/infer_outputs/lpips_remote_snr10_retry_20260330_163229_baseline/reconstructions/Places365_val_00000478_recon.png
2026-03-30 16:58:42,895 - INFO - 批量推理时间（1 个样本）: 1.8351 秒
2026-03-30 16:58:42,978 - INFO - 重构图像保存至: /home/user/Downloads/jscc-test/jscc/infer_outputs/lpips_remote_snr10_retry_20260330_163229_baseline/reconstructions/Places365_val_00000479_recon.png
2026-03-30 16:58:44,817 - INFO - 批量推理时间（1 个样本）: 1.8318 秒
2026-03-30 16:58:44,893 - INFO - 重构图像保存至: /home/user/Downloads/jscc-test/jscc/infer_outputs/lpips_remote_snr10_retry_20260330_163229_baseline/reconstructions/Places365_val_00000480_recon.png
2026-03-30 16:58:46,734 - INFO - 批量推理时间（1 个样本）: 1.8342 秒
2026-03-30 16:58:46,833 - INFO - 重构图像保存至: /home/user/Downloads/jscc-test/jscc/infer_outputs/lpips_remote_snr10_retry_20260330_163229_baseline/reconstructions/Places365_val_00000481_recon.png
2026-03-30 16:58:48,678 - INFO - 批量推理时间（1 个样本）: 1.8390 秒
2026-03-30 16:58:48,765 - INFO - 重构图像保存至: /home/user/Downloads/jscc-test/jscc/infer_outputs/lpips_remote_snr10_retry_20260330_163229_baseline/reconstructions/Places365_val_00000482_recon.png
2026-03-30 16:58:50,604 - INFO - 批量推理时间（1 个样本）: 1.8326 秒
2026-03-30 16:58:50,706 - INFO - 重构图像保存至: /home/user/Downloads/jscc-test/jscc/infer_outputs/lpips_remote_snr10_retry_20260330_163229_baseline/reconstructions/Places365_val_00000483_recon.png
2026-03-30 16:58:52,547 - INFO - 批量推理时间（1 个样本）: 1.8348 秒
2026-03-30 16:58:52,610 - INFO - 重构图像保存至: /home/user/Downloads/jscc-test/jscc/infer_outputs/lpips_remote_snr10_retry_20260330_163229_baseline/reconstructions/Places365_val_00000484_recon.png
2026-03-30 16:58:54,451 - INFO - 批量推理时间（1 个样本）: 1.8347 秒
2026-03-30 16:58:54,537 - INFO - 重构图像保存至: /home/user/Downloads/jscc-test/jscc/infer_outputs/lpips_remote_snr10_retry_20260330_163229_baseline/reconstructions/Places365_val_00000485_recon.png
2026-03-30 16:58:56,377 - INFO - 批量推理时间（1 个样本）: 1.8339 秒
2026-03-30 16:58:56,486 - INFO - 重构图像保存至: /home/user/Downloads/jscc-test/jscc/infer_outputs/lpips_remote_snr10_retry_20260330_163229_baseline/reconstructions/Places365_val_00000486_recon.png
2026-03-30 16:58:58,327 - INFO - 批量推理时间（1 个样本）: 1.8341 秒
2026-03-30 16:58:58,433 - INFO - 重构图像保存至: /home/user/Downloads/jscc-test/jscc/infer_outputs/lpips_remote_snr10_retry_20260330_163229_baseline/reconstructions/Places365_val_00000487_recon.png
2026-03-30 16:59:00,273 - INFO - 批量推理时间（1 个样本）: 1.8325 秒
2026-03-30 16:59:00,382 - INFO - 重构图像保存至: /home/user/Downloads/jscc-test/jscc/infer_outputs/lpips_remote_snr10_retry_20260330_163229_baseline/reconstructions/Places365_val_00000488_recon.png
2026-03-30 16:59:02,223 - INFO - 批量推理时间（1 个样本）: 1.8351 秒
2026-03-30 16:59:02,310 - INFO - 重构图像保存至: /home/user/Downloads/jscc-test/jscc/infer_outputs/lpips_remote_snr10_retry_20260330_163229_baseline/reconstructions/Places365_val_00000489_recon.png
2026-03-30 16:59:04,149 - INFO - 批量推理时间（1 个样本）: 1.8339 秒
2026-03-30 16:59:04,263 - INFO - 重构图像保存至: /home/user/Downloads/jscc-test/jscc/infer_outputs/lpips_remote_snr10_retry_20260330_163229_baseline/reconstructions/Places365_val_00000490_recon.png
2026-03-30 16:59:06,103 - INFO - 批量推理时间（1 个样本）: 1.8339 秒
2026-03-30 16:59:06,196 - INFO - 重构图像保存至: /home/user/Downloads/jscc-test/jscc/infer_outputs/lpips_remote_snr10_retry_20260330_163229_baseline/reconstructions/Places365_val_00000491_recon.png
2026-03-30 16:59:08,034 - INFO - 批量推理时间（1 个样本）: 1.8325 秒
2026-03-30 16:59:08,141 - INFO - 重构图像保存至: /home/user/Downloads/jscc-test/jscc/infer_outputs/lpips_remote_snr10_retry_20260330_163229_baseline/reconstructions/Places365_val_00000492_recon.png
2026-03-30 16:59:09,980 - INFO - 批量推理时间（1 个样本）: 1.8327 秒
2026-03-30 16:59:10,064 - INFO - 重构图像保存至: /home/user/Downloads/jscc-test/jscc/infer_outputs/lpips_remote_snr10_retry_20260330_163229_baseline/reconstructions/Places365_val_00000493_recon.png
2026-03-30 16:59:11,904 - INFO - 批量推理时间（1 个样本）: 1.8347 秒
2026-03-30 16:59:11,973 - INFO - 重构图像保存至: /home/user/Downloads/jscc-test/jscc/infer_outputs/lpips_remote_snr10_retry_20260330_163229_baseline/reconstructions/Places365_val_00000494_recon.png
2026-03-30 16:59:13,816 - INFO - 批量推理时间（1 个样本）: 1.8358 秒
2026-03-30 16:59:13,926 - INFO - 重构图像保存至: /home/user/Downloads/jscc-test/jscc/infer_outputs/lpips_remote_snr10_retry_20260330_163229_baseline/reconstructions/Places365_val_00000495_recon.png
2026-03-30 16:59:15,765 - INFO - 批量推理时间（1 个样本）: 1.8323 秒
2026-03-30 16:59:15,853 - INFO - 重构图像保存至: /home/user/Downloads/jscc-test/jscc/infer_outputs/lpips_remote_snr10_retry_20260330_163229_baseline/reconstructions/Places365_val_00000496_recon.png
2026-03-30 16:59:17,692 - INFO - 批量推理时间（1 个样本）: 1.8325 秒
2026-03-30 16:59:17,777 - INFO - 重构图像保存至: /home/user/Downloads/jscc-test/jscc/infer_outputs/lpips_remote_snr10_retry_20260330_163229_baseline/reconstructions/Places365_val_00000497_recon.png
2026-03-30 16:59:19,619 - INFO - 批量推理时间（1 个样本）: 1.8349 秒
2026-03-30 16:59:19,701 - INFO - 重构图像保存至: /home/user/Downloads/jscc-test/jscc/infer_outputs/lpips_remote_snr10_retry_20260330_163229_baseline/reconstructions/Places365_val_00000498_recon.png
2026-03-30 16:59:21,542 - INFO - 批量推理时间（1 个样本）: 1.8349 秒
2026-03-30 16:59:21,648 - INFO - 重构图像保存至: /home/user/Downloads/jscc-test/jscc/infer_outputs/lpips_remote_snr10_retry_20260330_163229_baseline/reconstructions/Places365_val_00000499_recon.png
2026-03-30 16:59:23,509 - INFO - 批量推理时间（1 个样本）: 1.8546 秒
2026-03-30 16:59:23,625 - INFO - 重构图像保存至: /home/user/Downloads/jscc-test/jscc/infer_outputs/lpips_remote_snr10_retry_20260330_163229_baseline/reconstructions/Places365_val_00000500_recon.png
2026-03-30 16:59:25,466 - INFO - 批量推理时间（1 个样本）: 1.8344 秒
2026-03-30 16:59:25,570 - INFO - 重构图像保存至: /home/user/Downloads/jscc-test/jscc/infer_outputs/lpips_remote_snr10_retry_20260330_163229_baseline/reconstructions/Places365_val_00000501_recon.png
2026-03-30 16:59:27,410 - INFO - 批量推理时间（1 个样本）: 1.8325 秒
2026-03-30 16:59:27,492 - INFO - 重构图像保存至: /home/user/Downloads/jscc-test/jscc/infer_outputs/lpips_remote_snr10_retry_20260330_163229_baseline/reconstructions/Places365_val_00000502_recon.png
2026-03-30 16:59:29,331 - INFO - 批量推理时间（1 个样本）: 1.8321 秒
2026-03-30 16:59:29,421 - INFO - 重构图像保存至: /home/user/Downloads/jscc-test/jscc/infer_outputs/lpips_remote_snr10_retry_20260330_163229_baseline/reconstructions/Places365_val_00000503_recon.png
2026-03-30 16:59:31,265 - INFO - 批量推理时间（1 个样本）: 1.8373 秒
2026-03-30 16:59:31,381 - INFO - 重构图像保存至: /home/user/Downloads/jscc-test/jscc/infer_outputs/lpips_remote_snr10_retry_20260330_163229_baseline/reconstructions/Places365_val_00000504_recon.png
2026-03-30 16:59:33,224 - INFO - 批量推理时间（1 个样本）: 1.8362 秒
2026-03-30 16:59:33,317 - INFO - 重构图像保存至: /home/user/Downloads/jscc-test/jscc/infer_outputs/lpips_remote_snr10_retry_20260330_163229_baseline/reconstructions/Places365_val_00000505_recon.png
2026-03-30 16:59:35,160 - INFO - 批量推理时间（1 个样本）: 1.8358 秒
2026-03-30 16:59:35,259 - INFO - 重构图像保存至: /home/user/Downloads/jscc-test/jscc/infer_outputs/lpips_remote_snr10_retry_20260330_163229_baseline/reconstructions/Places365_val_00000506_recon.png
2026-03-30 16:59:37,118 - INFO - 批量推理时间（1 个样本）: 1.8523 秒
2026-03-30 16:59:37,190 - INFO - 重构图像保存至: /home/user/Downloads/jscc-test/jscc/infer_outputs/lpips_remote_snr10_retry_20260330_163229_baseline/reconstructions/Places365_val_00000507_recon.png
2026-03-30 16:59:37,190 - INFO - 处理完成
{"variant": "baseline", "artifact_path": "/home/user/Downloads/5.1TVM优化结果/tvm_tune_logs/optimized_model.so", "artifact_sha256": "85d701db0021c26412c3e5e08a4ca043470aaa01fb2d6792cb3b3b29e93bf849", "artifact_sha256_expected": "300", "artifact_sha256_match": false, "input_dir": "/home/user/Downloads/jscc-test/简化版latent", "output_dir": "/home/user/Downloads/jscc-test/jscc/infer_outputs/lpips_remote_snr10_retry_20260330_163229_baseline/reconstructions", "output_count": 300, "processed_count": 300, "input_count": 300, "available_input_count": 300, "load_ms": 0.0, "vm_init_ms": 0.0, "run_count": 300, "run_samples_ms": [1865.7, 1838.7, 1837.3, 1838.8, 1836.5, 1836.2, 1834.4, 1837.0, 1835.8, 1837.5, 1836.4, 1834.9, 1836.0, 1840.3, 1835.8, 1835.1, 1836.6, 1839.3, 1838.5, 1835.6, 1833.8, 1836.0, 1836.2, 1837.4, 1839.7, 1856.1, 1858.4, 1847.8, 1847.2, 1835.1, 1836.0, 1836.8, 1838.2, 1838.7, 1838.8, 1837.0, 1837.2, 1837.3, 1837.2, 1836.8, 1836.3, 1836.2, 1836.6, 1835.4, 1838.3, 1884.0, 1834.6, 1835.5, 1837.5, 1841.6, 1841.5, 1835.6, 1837.4, 1836.8, 1837.1, 1835.5, 1837.9, 1836.1, 1834.9, 1834.5, 1838.3, 1836.0, 1836.6, 1837.9, 1834.8, 1837.4, 1838.2, 1835.5, 1834.0, 1835.6, 1837.5, 1838.7, 1837.6, 1835.0, 1834.8, 1837.4, 1837.0, 1840.0, 1836.9, 1837.4, 1834.8, 1837.4, 1833.6, 1835.6, 1835.8, 1833.3, 1838.8, 1848.1, 1837.6, 1842.3, 1838.5, 1837.5, 1835.5, 1836.3, 1837.4, 1837.6, 1836.0, 1837.1, 1838.1, 1839.7, 1837.6, 1839.6, 1835.2, 1837.6, 1839.7, 1835.5, 1846.7, 1836.3, 1836.3, 1838.8, 1836.5, 1838.0, 1841.1, 1842.5, 1841.8, 1836.5, 1838.4, 1840.0, 1835.1, 1835.5, 1836.5, 1836.9, 1837.1, 1836.4, 1839.7, 1836.1, 1836.9, 1838.6, 1838.8, 1835.9, 1834.5, 1837.0, 1835.0, 1839.0, 1836.9, 1837.4, 1838.9, 1841.7, 1854.5, 1834.8, 1838.2, 1847.3, 1846.5, 1845.4, 1839.1, 1838.0, 1837.1, 1836.7, 1835.1, 1871.5, 1837.8, 1836.5, 1838.2, 1840.2, 1834.2, 1837.2, 1836.3, 1837.9, 1834.8, 1836.6, 1834.8, 1836.3, 1838.2, 1835.6, 1835.2, 1837.5, 1834.9, 1836.0, 1842.0, 1838.2, 1837.3, 1833.8, 1835.0, 1841.5, 1841.8, 1845.7, 1834.8, 1834.6, 1834.5, 1832.9, 1832.2, 1833.4, 1834.0, 1835.4, 1834.4, 1835.6, 1834.9, 1837.3, 1836.7, 1832.9, 1833.4, 1833.7, 1833.6, 1834.7, 1835.4, 1832.4, 1833.8, 1834.4, 1833.7, 1834.4, 1834.6, 1838.9, 1834.7, 1833.5, 1834.7, 1832.9, 1832.8, 1833.0, 1834.2, 1835.8, 1833.2, 1834.2, 1833.8, 1833.4, 1839.6, 1835.7, 1834.2, 1834.1, 1833.1, 1835.4, 1833.2, 1835.9, 1832.8, 1832.4, 1833.5, 1833.6, 1836.8, 1835.1, 1834.0, 1834.4, 1835.8, 1833.7, 1835.8, 1834.7, 1835.5, 1834.7, 1835.1, 1838.9, 1832.7, 1835.4, 1832.5, 1833.8, 1833.9, 1831.0, 1832.6, 1835.9, 1834.5, 1834.6, 1833.8, 1836.0, 1833.4, 1832.6, 1836.0, 1834.7, 1832.2, 1835.0, 1832.5, 1833.8, 1834.3, 1833.0, 1834.5, 1835.4, 1839.2, 1836.4, 1832.2, 1834.4, 1836.0, 1833.4, 1834.6, 1834.5, 1832.4, 1835.1, 1831.8, 1834.2, 1839.0, 1832.6, 1834.8, 1834.7, 1833.9, 1834.1, 1832.5, 1835.1, 1833.9, 1833.9, 1832.5, 1832.7, 1834.7, 1835.8, 1832.3, 1832.5, 1834.9, 1834.9, 1854.6, 1834.4, 1832.5, 1832.1, 1837.3, 1836.2, 1835.8, 1852.3], "run_median_ms": 1835.9, "run_mean_ms": 1836.926, "run_min_ms": 1831.0, "run_max_ms": 1884.0, "run_variance_ms2": 28.065191, "output_shape": null, "output_dtype": null, "snr": 10.0, "batch_size": 1, "save_format": "png", "seed": null, "max_inputs": 1774860579, "parser": "legacy_latency_lines", "warnings": ["run_started_at_missing"]}
