Warning: Permanently added '100.121.87.73' (ED25519) to the list of known hosts.
[18:32:37] /home/user/tvm_samegen_20260307/src/target/canonicalizer/llvm/arm_aprofile.cc:123: Warning: Cannot parse Arm(R)-based target features for target {"kind": "llvm", "mcpu": "carmel", "mtriple": "aarch64-linux-gnu", "num-cores": 8} without LLVM support.
[18:32:37] /home/user/tvm_samegen_20260307/src/target/canonicalizer/llvm/arm_aprofile.cc:123: Warning: Cannot parse Arm(R)-based target features for target {"kind": "llvm", "mcpu": "carmel", "mtriple": "aarch64-linux-gnu", "num-cores": 6} without LLVM support.
[18:32:37] /home/user/tvm_samegen_20260307/src/target/canonicalizer/llvm/arm_aprofile.cc:123: Warning: Cannot parse Arm(R)-based target features for target {"kind": "llvm", "mcpu": "cortex-a78", "mtriple": "aarch64-linux-gnu", "num-cores": 8} without LLVM support.
[18:32:37] /home/user/tvm_samegen_20260307/src/target/canonicalizer/llvm/arm_aprofile.cc:123: Warning: Cannot parse Arm(R)-based target features for target {"kind": "llvm", "mcpu": "cortex-a78", "mtriple": "aarch64-linux-gnu", "num-cores": 12} without LLVM support.
[18:32:37] /home/user/tvm_samegen_20260307/src/target/canonicalizer/llvm/arm_aprofile.cc:123: Warning: Cannot parse Arm(R)-based target features for target {"kind": "llvm", "mattr": ["+neon"], "mcpu": "cortex-a72", "mtriple": "aarch64-linux-gnu", "num-cores": 4} without LLVM support.
[18:32:37] /home/user/tvm_samegen_20260307/src/target/canonicalizer/llvm/arm_aprofile.cc:123: Warning: Cannot parse Arm(R)-based target features for target {"kind": "llvm", "mattr": ["+neon"], "mcpu": "cortex-a72", "mtriple": "aarch64-linux-gnu", "num-cores": 4} without LLVM support.
[18:32:37] /home/user/tvm_samegen_20260307/src/target/canonicalizer/llvm/arm_aprofile.cc:123: Warning: Cannot parse Arm(R)-based target features for target {"kind": "llvm", "keys": ["arm_cpu", "cpu"], "device": "arm_cpu", "model": "snapdragon835", "mattr": ["+neon"], "mtriple": "arm64-linux-android"} without LLVM support.
[18:32:37] /home/user/tvm_samegen_20260307/src/target/canonicalizer/llvm/arm_aprofile.cc:123: Warning: Cannot parse Arm(R)-based target features for target {"kind": "llvm", "keys": ["arm_cpu", "cpu"], "device": "arm_cpu", "model": "kirin970", "mattr": ["+neon"], "mtriple": "arm64-linux-android"} without LLVM support.
[18:32:37] /home/user/tvm_samegen_20260307/src/target/canonicalizer/llvm/arm_aprofile.cc:123: Warning: Cannot parse Arm(R)-based target features for target {"kind": "llvm", "keys": ["arm_cpu", "cpu"], "device": "arm_cpu", "model": "bcm2837", "mattr": ["+neon"], "mtriple": "armv7l-linux-gnueabihf"} without LLVM support.
[18:32:37] /home/user/tvm_samegen_20260307/src/target/canonicalizer/llvm/arm_aprofile.cc:123: Warning: Cannot parse Arm(R)-based target features for target {"kind": "llvm", "keys": ["arm_cpu", "cpu"], "device": "arm_cpu", "model": "bcm2711", "mattr": ["+neon"], "mcpu": "cortex-a72", "mtriple": "armv8l-linux-gnueabihf"} without LLVM support.
[18:32:37] /home/user/tvm_samegen_20260307/src/target/canonicalizer/llvm/arm_aprofile.cc:123: Warning: Cannot parse Arm(R)-based target features for target {"kind": "llvm", "keys": ["arm_cpu", "cpu"], "device": "arm_cpu", "model": "bcm2711", "mattr": ["+neon"], "mcpu": "cortex-a72", "mtriple": "aarch64-linux-gnu"} without LLVM support.
[18:32:37] /home/user/tvm_samegen_20260307/src/target/canonicalizer/llvm/arm_aprofile.cc:123: Warning: Cannot parse Arm(R)-based target features for target {"kind": "llvm", "keys": ["arm_cpu", "cpu"], "device": "arm_cpu", "model": "rk3399", "mattr": ["+neon"], "mtriple": "aarch64-linux-gnu"} without LLVM support.
[18:32:37] /home/user/tvm_samegen_20260307/src/target/canonicalizer/llvm/arm_aprofile.cc:123: Warning: Cannot parse Arm(R)-based target features for target {"kind": "llvm", "keys": ["arm_cpu", "cpu"], "device": "arm_cpu", "model": "pynq", "mattr": ["+neon"], "mtriple": "armv7a-linux-eabi"} without LLVM support.
[18:32:37] /home/user/tvm_samegen_20260307/src/target/canonicalizer/llvm/arm_aprofile.cc:123: Warning: Cannot parse Arm(R)-based target features for target {"kind": "llvm", "keys": ["arm_cpu", "cpu"], "device": "arm_cpu", "model": "ultra96", "mattr": ["+neon"], "mtriple": "aarch64-linux-gnu"} without LLVM support.
[18:32:37] /home/user/tvm_samegen_20260307/src/target/canonicalizer/llvm/arm_aprofile.cc:123: Warning: Cannot parse Arm(R)-based target features for target {"kind": "llvm", "keys": ["arm_cpu", "cpu"], "device": "arm_cpu", "model": "beagleai", "mattr": ["+neon", "+vfp4", "+thumb2"], "mcpu": "cortex-a15", "mtriple": "armv7a-linux-gnueabihf"} without LLVM support.
[18:32:37] /home/user/tvm_samegen_20260307/src/target/canonicalizer/llvm/arm_aprofile.cc:123: Warning: Cannot parse Arm(R)-based target features for target {"kind": "llvm", "keys": ["arm_cpu", "cpu"], "device": "arm_cpu", "model": "stm32mp1", "mattr": ["+neon", "+vfp4", "+thumb2"], "mcpu": "cortex-a7", "mtriple": "armv7a-linux-gnueabihf"} without LLVM support.
[18:32:37] /home/user/tvm_samegen_20260307/src/target/canonicalizer/llvm/arm_aprofile.cc:123: Warning: Cannot parse Arm(R)-based target features for target {"kind": "llvm", "keys": ["arm_cpu", "cpu"], "device": "arm_cpu", "model": "thunderx", "mattr": ["+neon", "+crc", "+lse"], "mcpu": "thunderxt88", "mtriple": "aarch64-linux-gnu"} without LLVM support.
[18:32:37] /home/user/tvm_samegen_20260307/src/target/canonicalizer/llvm/arm_aprofile.cc:123: Warning: Cannot parse Arm(R)-based target features for target {"kind": "llvm", "mcpu": "apple-m1", "mtriple": "arm64-apple-macos"} without LLVM support.
[18:32:37] /home/user/tvm_samegen_20260307/src/target/canonicalizer/llvm/arm_aprofile.cc:123: Warning: Cannot parse Arm(R)-based target features for target {"kind": "llvm", "mcpu": "apple-m1", "mtriple": "arm64-apple-macos"} without LLVM support.
[18:32:37] /home/user/tvm_samegen_20260307/src/target/canonicalizer/llvm/arm_aprofile.cc:123: Warning: Cannot parse Arm(R)-based target features for target {"kind": "llvm", "mcpu": "apple-m2", "mtriple": "arm64-apple-macos"} without LLVM support.
[18:32:37] /home/user/tvm_samegen_20260307/src/target/canonicalizer/llvm/arm_aprofile.cc:123: Warning: Cannot parse Arm(R)-based target features for target {"kind": "llvm", "mcpu": "apple-m2", "mtriple": "arm64-apple-macos"} without LLVM support.
[18:32:37] /home/user/tvm_samegen_20260307/src/target/canonicalizer/llvm/arm_aprofile.cc:123: Warning: Cannot parse Arm(R)-based target features for target {"kind": "llvm", "mcpu": "apple-m1", "mtriple": "arm64-apple-macos"} without LLVM support.
[18:32:37] /home/user/tvm_samegen_20260307/src/target/canonicalizer/llvm/arm_aprofile.cc:123: Warning: Cannot parse Arm(R)-based target features for target {"kind": "llvm", "keys": ["arm_cpu", "cpu"], "device": "arm_cpu", "model": "pynq", "mattr": ["+neon"], "mtriple": "armv7a-linux-eabi"} without LLVM support.
[18:32:37] /home/user/tvm_samegen_20260307/src/target/canonicalizer/llvm/arm_aprofile.cc:123: Warning: Cannot parse Arm(R)-based target features for target {"kind": "llvm", "mcpu": "apple-m1", "mtriple": "arm64-apple-macos"} without LLVM support.
[18:32:37] /home/user/tvm_samegen_20260307/src/target/canonicalizer/llvm/arm_aprofile.cc:123: Warning: Cannot parse Arm(R)-based target features for target {"kind": "llvm", "keys": ["arm_cpu", "cpu"], "device": "arm_cpu", "model": "bcm2711", "mattr": ["+neon"], "mcpu": "cortex-a72", "mtriple": "armv8l-linux-gnueabihf"} without LLVM support.
[18:32:37] /home/user/tvm_samegen_20260307/src/target/canonicalizer/llvm/arm_aprofile.cc:123: Warning: Cannot parse Arm(R)-based target features for target {"kind": "llvm", "mcpu": "cortex-a78", "mtriple": "aarch64-linux-gnu", "num-cores": 8} without LLVM support.
[18:32:37] /home/user/tvm_samegen_20260307/src/target/canonicalizer/llvm/arm_aprofile.cc:123: Warning: Cannot parse Arm(R)-based target features for target {"kind": "llvm", "keys": ["arm_cpu", "cpu"], "device": "arm_cpu", "model": "bcm2711", "mattr": ["+neon"], "mcpu": "cortex-a72", "mtriple": "aarch64-linux-gnu"} without LLVM support.
[18:32:37] /home/user/tvm_samegen_20260307/src/target/canonicalizer/llvm/arm_aprofile.cc:123: Warning: Cannot parse Arm(R)-based target features for target {"kind": "llvm", "mcpu": "cortex-a78", "mtriple": "aarch64-linux-gnu", "num-cores": 12} without LLVM support.
[18:32:37] /home/user/tvm_samegen_20260307/src/target/canonicalizer/llvm/arm_aprofile.cc:123: Warning: Cannot parse Arm(R)-based target features for target {"kind": "llvm", "keys": ["arm_cpu", "cpu"], "device": "arm_cpu", "model": "ultra96", "mattr": ["+neon"], "mtriple": "aarch64-linux-gnu"} without LLVM support.
[18:32:37] /home/user/tvm_samegen_20260307/src/target/canonicalizer/llvm/arm_aprofile.cc:123: Warning: Cannot parse Arm(R)-based target features for target {"kind": "llvm", "mcpu": "carmel", "mtriple": "aarch64-linux-gnu", "num-cores": 6} without LLVM support.
[18:32:37] /home/user/tvm_samegen_20260307/src/target/canonicalizer/llvm/arm_aprofile.cc:123: Warning: Cannot parse Arm(R)-based target features for target {"kind": "llvm", "keys": ["arm_cpu", "cpu"], "device": "arm_cpu", "model": "thunderx", "mattr": ["+neon", "+crc", "+lse"], "mcpu": "thunderxt88", "mtriple": "aarch64-linux-gnu"} without LLVM support.
[18:32:37] /home/user/tvm_samegen_20260307/src/target/canonicalizer/llvm/arm_aprofile.cc:123: Warning: Cannot parse Arm(R)-based target features for target {"kind": "llvm", "keys": ["arm_cpu", "cpu"], "device": "arm_cpu", "model": "rk3399", "mattr": ["+neon"], "mtriple": "aarch64-linux-gnu"} without LLVM support.
[18:32:37] /home/user/tvm_samegen_20260307/src/target/canonicalizer/llvm/arm_aprofile.cc:123: Warning: Cannot parse Arm(R)-based target features for target {"kind": "llvm", "mcpu": "carmel", "mtriple": "aarch64-linux-gnu", "num-cores": 8} without LLVM support.
[18:32:37] /home/user/tvm_samegen_20260307/src/target/canonicalizer/llvm/arm_aprofile.cc:123: Warning: Cannot parse Arm(R)-based target features for target {"kind": "llvm", "keys": ["arm_cpu", "cpu"], "device": "arm_cpu", "model": "bcm2837", "mattr": ["+neon"], "mtriple": "armv7l-linux-gnueabihf"} without LLVM support.
[18:32:37] /home/user/tvm_samegen_20260307/src/target/canonicalizer/llvm/arm_aprofile.cc:123: Warning: Cannot parse Arm(R)-based target features for target {"kind": "llvm", "keys": ["arm_cpu", "cpu"], "device": "arm_cpu", "model": "stm32mp1", "mattr": ["+neon", "+vfp4", "+thumb2"], "mcpu": "cortex-a7", "mtriple": "armv7a-linux-gnueabihf"} without LLVM support.
[18:32:37] /home/user/tvm_samegen_20260307/src/target/canonicalizer/llvm/arm_aprofile.cc:123: Warning: Cannot parse Arm(R)-based target features for target {"kind": "llvm", "keys": ["arm_cpu", "cpu"], "device": "arm_cpu", "model": "kirin970", "mattr": ["+neon"], "mtriple": "arm64-linux-android"} without LLVM support.
[18:32:37] /home/user/tvm_samegen_20260307/src/target/canonicalizer/llvm/arm_aprofile.cc:123: Warning: Cannot parse Arm(R)-based target features for target {"kind": "llvm", "mattr": ["+neon"], "mcpu": "cortex-a72", "mtriple": "aarch64-linux-gnu", "num-cores": 4} without LLVM support.
[18:32:37] /home/user/tvm_samegen_20260307/src/target/canonicalizer/llvm/arm_aprofile.cc:123: Warning: Cannot parse Arm(R)-based target features for target {"kind": "llvm", "mattr": ["+neon"], "mcpu": "cortex-a72", "mtriple": "aarch64-linux-gnu", "num-cores": 4} without LLVM support.
[18:32:37] /home/user/tvm_samegen_20260307/src/target/canonicalizer/llvm/arm_aprofile.cc:123: Warning: Cannot parse Arm(R)-based target features for target {"kind": "llvm", "keys": ["arm_cpu", "cpu"], "device": "arm_cpu", "model": "snapdragon835", "mattr": ["+neon"], "mtriple": "arm64-linux-android"} without LLVM support.
[18:32:37] /home/user/tvm_samegen_20260307/src/target/canonicalizer/llvm/arm_aprofile.cc:123: Warning: Cannot parse Arm(R)-based target features for target {"kind": "llvm", "keys": ["arm_cpu", "cpu"], "device": "arm_cpu", "model": "beagleai", "mattr": ["+neon", "+vfp4", "+thumb2"], "mcpu": "cortex-a15", "mtriple": "armv7a-linux-gnueabihf"} without LLVM support.
