[current-real] variant=current artifact=/home/user/Downloads/jscc-test/jscc/tvm_tune_logs/optimized_model.so output_dir=/home/user/Downloads/jscc-test/jscc/infer_outputs/openamp3_trusted_current_direct_current snr=10 batch_size=1 python=env OMP_NUM_THREADS=3 TVM_NUM_THREADS=3 TVM_FFI_DISABLE_TORCH_C_DLPACK=1 LD_LIBRARY_PATH=/home/user/anaconda3/envs/tvm310_safe/lib/python3.10/site-packages/tvm_ffi/lib:/home/user/tvm_samegen_safe_20260309/build TVM_LIBRARY_PATH=/home/user/tvm_samegen_safe_20260309/build PYTHONPATH=/home/user/tvm_samegen_20260307/python:/home/user/anaconda3/envs/tvm310_safe/lib/python3.10/site-packages:/home/user/anaconda3/envs/myenv/lib/python3.10/site-packages /home/user/anaconda3/envs/tvm310_safe/bin/python
[20:02:51] /home/user/tvm_samegen_20260307/src/target/canonicalizer/llvm/arm_aprofile.cc:123: Warning: Cannot parse Arm(R)-based target features for target {"kind": "llvm", "mcpu": "carmel", "mtriple": "aarch64-linux-gnu", "num-cores": 8} without LLVM support.
[20:02:51] /home/user/tvm_samegen_20260307/src/target/canonicalizer/llvm/arm_aprofile.cc:123: Warning: Cannot parse Arm(R)-based target features for target {"kind": "llvm", "mcpu": "carmel", "mtriple": "aarch64-linux-gnu", "num-cores": 6} without LLVM support.
[20:02:51] /home/user/tvm_samegen_20260307/src/target/canonicalizer/llvm/arm_aprofile.cc:123: Warning: Cannot parse Arm(R)-based target features for target {"kind": "llvm", "mcpu": "cortex-a78", "mtriple": "aarch64-linux-gnu", "num-cores": 8} without LLVM support.
[20:02:51] /home/user/tvm_samegen_20260307/src/target/canonicalizer/llvm/arm_aprofile.cc:123: Warning: Cannot parse Arm(R)-based target features for target {"kind": "llvm", "mcpu": "cortex-a78", "mtriple": "aarch64-linux-gnu", "num-cores": 12} without LLVM support.
[20:02:51] /home/user/tvm_samegen_20260307/src/target/canonicalizer/llvm/arm_aprofile.cc:123: Warning: Cannot parse Arm(R)-based target features for target {"kind": "llvm", "mattr": ["+neon"], "mcpu": "cortex-a72", "mtriple": "aarch64-linux-gnu", "num-cores": 4} without LLVM support.
[20:02:51] /home/user/tvm_samegen_20260307/src/target/canonicalizer/llvm/arm_aprofile.cc:123: Warning: Cannot parse Arm(R)-based target features for target {"kind": "llvm", "mattr": ["+neon"], "mcpu": "cortex-a72", "mtriple": "aarch64-linux-gnu", "num-cores": 4} without LLVM support.
[20:02:51] /home/user/tvm_samegen_20260307/src/target/canonicalizer/llvm/arm_aprofile.cc:123: Warning: Cannot parse Arm(R)-based target features for target {"kind": "llvm", "keys": ["arm_cpu", "cpu"], "device": "arm_cpu", "model": "snapdragon835", "mattr": ["+neon"], "mtriple": "arm64-linux-android"} without LLVM support.
[20:02:51] /home/user/tvm_samegen_20260307/src/target/canonicalizer/llvm/arm_aprofile.cc:123: Warning: Cannot parse Arm(R)-based target features for target {"kind": "llvm", "keys": ["arm_cpu", "cpu"], "device": "arm_cpu", "model": "kirin970", "mattr": ["+neon"], "mtriple": "arm64-linux-android"} without LLVM support.
[20:02:51] /home/user/tvm_samegen_20260307/src/target/canonicalizer/llvm/arm_aprofile.cc:123: Warning: Cannot parse Arm(R)-based target features for target {"kind": "llvm", "keys": ["arm_cpu", "cpu"], "device": "arm_cpu", "model": "bcm2837", "mattr": ["+neon"], "mtriple": "armv7l-linux-gnueabihf"} without LLVM support.
[20:02:51] /home/user/tvm_samegen_20260307/src/target/canonicalizer/llvm/arm_aprofile.cc:123: Warning: Cannot parse Arm(R)-based target features for target {"kind": "llvm", "keys": ["arm_cpu", "cpu"], "device": "arm_cpu", "model": "bcm2711", "mattr": ["+neon"], "mcpu": "cortex-a72", "mtriple": "armv8l-linux-gnueabihf"} without LLVM support.
[20:02:51] /home/user/tvm_samegen_20260307/src/target/canonicalizer/llvm/arm_aprofile.cc:123: Warning: Cannot parse Arm(R)-based target features for target {"kind": "llvm", "keys": ["arm_cpu", "cpu"], "device": "arm_cpu", "model": "bcm2711", "mattr": ["+neon"], "mcpu": "cortex-a72", "mtriple": "aarch64-linux-gnu"} without LLVM support.
[20:02:51] /home/user/tvm_samegen_20260307/src/target/canonicalizer/llvm/arm_aprofile.cc:123: Warning: Cannot parse Arm(R)-based target features for target {"kind": "llvm", "keys": ["arm_cpu", "cpu"], "device": "arm_cpu", "model": "rk3399", "mattr": ["+neon"], "mtriple": "aarch64-linux-gnu"} without LLVM support.
[20:02:51] /home/user/tvm_samegen_20260307/src/target/canonicalizer/llvm/arm_aprofile.cc:123: Warning: Cannot parse Arm(R)-based target features for target {"kind": "llvm", "keys": ["arm_cpu", "cpu"], "device": "arm_cpu", "model": "pynq", "mattr": ["+neon"], "mtriple": "armv7a-linux-eabi"} without LLVM support.
[20:02:51] /home/user/tvm_samegen_20260307/src/target/canonicalizer/llvm/arm_aprofile.cc:123: Warning: Cannot parse Arm(R)-based target features for target {"kind": "llvm", "keys": ["arm_cpu", "cpu"], "device": "arm_cpu", "model": "ultra96", "mattr": ["+neon"], "mtriple": "aarch64-linux-gnu"} without LLVM support.
[20:02:51] /home/user/tvm_samegen_20260307/src/target/canonicalizer/llvm/arm_aprofile.cc:123: Warning: Cannot parse Arm(R)-based target features for target {"kind": "llvm", "keys": ["arm_cpu", "cpu"], "device": "arm_cpu", "model": "beagleai", "mattr": ["+neon", "+vfp4", "+thumb2"], "mcpu": "cortex-a15", "mtriple": "armv7a-linux-gnueabihf"} without LLVM support.
[20:02:51] /home/user/tvm_samegen_20260307/src/target/canonicalizer/llvm/arm_aprofile.cc:123: Warning: Cannot parse Arm(R)-based target features for target {"kind": "llvm", "keys": ["arm_cpu", "cpu"], "device": "arm_cpu", "model": "stm32mp1", "mattr": ["+neon", "+vfp4", "+thumb2"], "mcpu": "cortex-a7", "mtriple": "armv7a-linux-gnueabihf"} without LLVM support.
[20:02:51] /home/user/tvm_samegen_20260307/src/target/canonicalizer/llvm/arm_aprofile.cc:123: Warning: Cannot parse Arm(R)-based target features for target {"kind": "llvm", "keys": ["arm_cpu", "cpu"], "device": "arm_cpu", "model": "thunderx", "mattr": ["+neon", "+crc", "+lse"], "mcpu": "thunderxt88", "mtriple": "aarch64-linux-gnu"} without LLVM support.
[20:02:51] /home/user/tvm_samegen_20260307/src/target/canonicalizer/llvm/arm_aprofile.cc:123: Warning: Cannot parse Arm(R)-based target features for target {"kind": "llvm", "mcpu": "apple-m1", "mtriple": "arm64-apple-macos"} without LLVM support.
[20:02:51] /home/user/tvm_samegen_20260307/src/target/canonicalizer/llvm/arm_aprofile.cc:123: Warning: Cannot parse Arm(R)-based target features for target {"kind": "llvm", "mcpu": "apple-m1", "mtriple": "arm64-apple-macos"} without LLVM support.
[20:02:51] /home/user/tvm_samegen_20260307/src/target/canonicalizer/llvm/arm_aprofile.cc:123: Warning: Cannot parse Arm(R)-based target features for target {"kind": "llvm", "mcpu": "apple-m2", "mtriple": "arm64-apple-macos"} without LLVM support.
[20:02:51] /home/user/tvm_samegen_20260307/src/target/canonicalizer/llvm/arm_aprofile.cc:123: Warning: Cannot parse Arm(R)-based target features for target {"kind": "llvm", "mcpu": "apple-m2", "mtriple": "arm64-apple-macos"} without LLVM support.
[20:02:51] /home/user/tvm_samegen_20260307/src/target/canonicalizer/llvm/arm_aprofile.cc:123: Warning: Cannot parse Arm(R)-based target features for target {"kind": "llvm", "mcpu": "apple-m1", "mtriple": "arm64-apple-macos"} without LLVM support.
[20:02:51] /home/user/tvm_samegen_20260307/src/target/canonicalizer/llvm/arm_aprofile.cc:123: Warning: Cannot parse Arm(R)-based target features for target {"kind": "llvm", "keys": ["arm_cpu", "cpu"], "device": "arm_cpu", "model": "pynq", "mattr": ["+neon"], "mtriple": "armv7a-linux-eabi"} without LLVM support.
[20:02:51] /home/user/tvm_samegen_20260307/src/target/canonicalizer/llvm/arm_aprofile.cc:123: Warning: Cannot parse Arm(R)-based target features for target {"kind": "llvm", "mcpu": "apple-m1", "mtriple": "arm64-apple-macos"} without LLVM support.
[20:02:51] /home/user/tvm_samegen_20260307/src/target/canonicalizer/llvm/arm_aprofile.cc:123: Warning: Cannot parse Arm(R)-based target features for target {"kind": "llvm", "keys": ["arm_cpu", "cpu"], "device": "arm_cpu", "model": "bcm2711", "mattr": ["+neon"], "mcpu": "cortex-a72", "mtriple": "armv8l-linux-gnueabihf"} without LLVM support.
[20:02:51] /home/user/tvm_samegen_20260307/src/target/canonicalizer/llvm/arm_aprofile.cc:123: Warning: Cannot parse Arm(R)-based target features for target {"kind": "llvm", "mcpu": "cortex-a78", "mtriple": "aarch64-linux-gnu", "num-cores": 8} without LLVM support.
[20:02:51] /home/user/tvm_samegen_20260307/src/target/canonicalizer/llvm/arm_aprofile.cc:123: Warning: Cannot parse Arm(R)-based target features for target {"kind": "llvm", "keys": ["arm_cpu", "cpu"], "device": "arm_cpu", "model": "bcm2711", "mattr": ["+neon"], "mcpu": "cortex-a72", "mtriple": "aarch64-linux-gnu"} without LLVM support.
[20:02:51] /home/user/tvm_samegen_20260307/src/target/canonicalizer/llvm/arm_aprofile.cc:123: Warning: Cannot parse Arm(R)-based target features for target {"kind": "llvm", "mcpu": "cortex-a78", "mtriple": "aarch64-linux-gnu", "num-cores": 12} without LLVM support.
[20:02:51] /home/user/tvm_samegen_20260307/src/target/canonicalizer/llvm/arm_aprofile.cc:123: Warning: Cannot parse Arm(R)-based target features for target {"kind": "llvm", "keys": ["arm_cpu", "cpu"], "device": "arm_cpu", "model": "ultra96", "mattr": ["+neon"], "mtriple": "aarch64-linux-gnu"} without LLVM support.
[20:02:51] /home/user/tvm_samegen_20260307/src/target/canonicalizer/llvm/arm_aprofile.cc:123: Warning: Cannot parse Arm(R)-based target features for target {"kind": "llvm", "mcpu": "carmel", "mtriple": "aarch64-linux-gnu", "num-cores": 6} without LLVM support.
[20:02:51] /home/user/tvm_samegen_20260307/src/target/canonicalizer/llvm/arm_aprofile.cc:123: Warning: Cannot parse Arm(R)-based target features for target {"kind": "llvm", "keys": ["arm_cpu", "cpu"], "device": "arm_cpu", "model": "thunderx", "mattr": ["+neon", "+crc", "+lse"], "mcpu": "thunderxt88", "mtriple": "aarch64-linux-gnu"} without LLVM support.
[20:02:51] /home/user/tvm_samegen_20260307/src/target/canonicalizer/llvm/arm_aprofile.cc:123: Warning: Cannot parse Arm(R)-based target features for target {"kind": "llvm", "keys": ["arm_cpu", "cpu"], "device": "arm_cpu", "model": "rk3399", "mattr": ["+neon"], "mtriple": "aarch64-linux-gnu"} without LLVM support.
[20:02:51] /home/user/tvm_samegen_20260307/src/target/canonicalizer/llvm/arm_aprofile.cc:123: Warning: Cannot parse Arm(R)-based target features for target {"kind": "llvm", "mcpu": "carmel", "mtriple": "aarch64-linux-gnu", "num-cores": 8} without LLVM support.
[20:02:51] /home/user/tvm_samegen_20260307/src/target/canonicalizer/llvm/arm_aprofile.cc:123: Warning: Cannot parse Arm(R)-based target features for target {"kind": "llvm", "keys": ["arm_cpu", "cpu"], "device": "arm_cpu", "model": "bcm2837", "mattr": ["+neon"], "mtriple": "armv7l-linux-gnueabihf"} without LLVM support.
[20:02:51] /home/user/tvm_samegen_20260307/src/target/canonicalizer/llvm/arm_aprofile.cc:123: Warning: Cannot parse Arm(R)-based target features for target {"kind": "llvm", "keys": ["arm_cpu", "cpu"], "device": "arm_cpu", "model": "stm32mp1", "mattr": ["+neon", "+vfp4", "+thumb2"], "mcpu": "cortex-a7", "mtriple": "armv7a-linux-gnueabihf"} without LLVM support.
[20:02:51] /home/user/tvm_samegen_20260307/src/target/canonicalizer/llvm/arm_aprofile.cc:123: Warning: Cannot parse Arm(R)-based target features for target {"kind": "llvm", "keys": ["arm_cpu", "cpu"], "device": "arm_cpu", "model": "kirin970", "mattr": ["+neon"], "mtriple": "arm64-linux-android"} without LLVM support.
[20:02:51] /home/user/tvm_samegen_20260307/src/target/canonicalizer/llvm/arm_aprofile.cc:123: Warning: Cannot parse Arm(R)-based target features for target {"kind": "llvm", "mattr": ["+neon"], "mcpu": "cortex-a72", "mtriple": "aarch64-linux-gnu", "num-cores": 4} without LLVM support.
[20:02:51] /home/user/tvm_samegen_20260307/src/target/canonicalizer/llvm/arm_aprofile.cc:123: Warning: Cannot parse Arm(R)-based target features for target {"kind": "llvm", "mattr": ["+neon"], "mcpu": "cortex-a72", "mtriple": "aarch64-linux-gnu", "num-cores": 4} without LLVM support.
[20:02:51] /home/user/tvm_samegen_20260307/src/target/canonicalizer/llvm/arm_aprofile.cc:123: Warning: Cannot parse Arm(R)-based target features for target {"kind": "llvm", "keys": ["arm_cpu", "cpu"], "device": "arm_cpu", "model": "snapdragon835", "mattr": ["+neon"], "mtriple": "arm64-linux-android"} without LLVM support.
[20:02:51] /home/user/tvm_samegen_20260307/src/target/canonicalizer/llvm/arm_aprofile.cc:123: Warning: Cannot parse Arm(R)-based target features for target {"kind": "llvm", "keys": ["arm_cpu", "cpu"], "device": "arm_cpu", "model": "beagleai", "mattr": ["+neon", "+vfp4", "+thumb2"], "mcpu": "cortex-a15", "mtriple": "armv7a-linux-gnueabihf"} without LLVM support.
2026-04-04 20:02:53,190 - INFO - TVM 模型加载成功
2026-04-04 20:02:53,610 - INFO - 批量推理时间（1 个样本）: 0.419207 秒
2026-04-04 20:02:53,611 - INFO - 重构图像保存至: /home/user/Downloads/jscc-test/jscc/infer_outputs/openamp3_trusted_current_direct_current/reconstructions/Places365_val_00000208_recon.png
2026-04-04 20:02:53,978 - INFO - 批量推理时间（1 个样本）: 0.367110 秒
2026-04-04 20:02:53,979 - INFO - 重构图像保存至: /home/user/Downloads/jscc-test/jscc/infer_outputs/openamp3_trusted_current_direct_current/reconstructions/Places365_val_00000209_recon.png
2026-04-04 20:02:54,332 - INFO - 批量推理时间（1 个样本）: 0.352669 秒
2026-04-04 20:02:54,332 - INFO - 重构图像保存至: /home/user/Downloads/jscc-test/jscc/infer_outputs/openamp3_trusted_current_direct_current/reconstructions/Places365_val_00000210_recon.png
2026-04-04 20:02:54,683 - INFO - 批量推理时间（1 个样本）: 0.350425 秒
2026-04-04 20:02:54,683 - INFO - 重构图像保存至: /home/user/Downloads/jscc-test/jscc/infer_outputs/openamp3_trusted_current_direct_current/reconstructions/Places365_val_00000211_recon.png
2026-04-04 20:02:55,048 - INFO - 批量推理时间（1 个样本）: 0.363276 秒
2026-04-04 20:02:55,048 - INFO - 重构图像保存至: /home/user/Downloads/jscc-test/jscc/infer_outputs/openamp3_trusted_current_direct_current/reconstructions/Places365_val_00000212_recon.png
2026-04-04 20:02:55,409 - INFO - 批量推理时间（1 个样本）: 0.360276 秒
2026-04-04 20:02:55,409 - INFO - 重构图像保存至: /home/user/Downloads/jscc-test/jscc/infer_outputs/openamp3_trusted_current_direct_current/reconstructions/Places365_val_00000213_recon.png
2026-04-04 20:02:55,763 - INFO - 批量推理时间（1 个样本）: 0.353198 秒
2026-04-04 20:02:55,763 - INFO - 重构图像保存至: /home/user/Downloads/jscc-test/jscc/infer_outputs/openamp3_trusted_current_direct_current/reconstructions/Places365_val_00000214_recon.png
2026-04-04 20:02:56,093 - INFO - 批量推理时间（1 个样本）: 0.329293 秒
2026-04-04 20:02:56,093 - INFO - 重构图像保存至: /home/user/Downloads/jscc-test/jscc/infer_outputs/openamp3_trusted_current_direct_current/reconstructions/Places365_val_00000215_recon.png
2026-04-04 20:02:56,455 - INFO - 批量推理时间（1 个样本）: 0.361416 秒
2026-04-04 20:02:56,456 - INFO - 重构图像保存至: /home/user/Downloads/jscc-test/jscc/infer_outputs/openamp3_trusted_current_direct_current/reconstructions/Places365_val_00000216_recon.png
2026-04-04 20:02:56,817 - INFO - 批量推理时间（1 个样本）: 0.361297 秒
2026-04-04 20:02:56,818 - INFO - 重构图像保存至: /home/user/Downloads/jscc-test/jscc/infer_outputs/openamp3_trusted_current_direct_current/reconstructions/Places365_val_00000217_recon.png
2026-04-04 20:02:57,178 - INFO - 批量推理时间（1 个样本）: 0.359554 秒
2026-04-04 20:02:57,178 - INFO - 重构图像保存至: /home/user/Downloads/jscc-test/jscc/infer_outputs/openamp3_trusted_current_direct_current/reconstructions/Places365_val_00000218_recon.png
2026-04-04 20:02:57,554 - INFO - 批量推理时间（1 个样本）: 0.375497 秒
2026-04-04 20:02:57,555 - INFO - 重构图像保存至: /home/user/Downloads/jscc-test/jscc/infer_outputs/openamp3_trusted_current_direct_current/reconstructions/Places365_val_00000219_recon.png
2026-04-04 20:02:57,926 - INFO - 批量推理时间（1 个样本）: 0.371018 秒
2026-04-04 20:02:57,926 - INFO - 重构图像保存至: /home/user/Downloads/jscc-test/jscc/infer_outputs/openamp3_trusted_current_direct_current/reconstructions/Places365_val_00000220_recon.png
2026-04-04 20:02:58,282 - INFO - 批量推理时间（1 个样本）: 0.355541 秒
2026-04-04 20:02:58,283 - INFO - 重构图像保存至: /home/user/Downloads/jscc-test/jscc/infer_outputs/openamp3_trusted_current_direct_current/reconstructions/Places365_val_00000221_recon.png
2026-04-04 20:02:58,640 - INFO - 批量推理时间（1 个样本）: 0.357023 秒
2026-04-04 20:02:58,640 - INFO - 重构图像保存至: /home/user/Downloads/jscc-test/jscc/infer_outputs/openamp3_trusted_current_direct_current/reconstructions/Places365_val_00000222_recon.png
2026-04-04 20:02:59,005 - INFO - 批量推理时间（1 个样本）: 0.364126 秒
2026-04-04 20:02:59,006 - INFO - 重构图像保存至: /home/user/Downloads/jscc-test/jscc/infer_outputs/openamp3_trusted_current_direct_current/reconstructions/Places365_val_00000223_recon.png
2026-04-04 20:02:59,365 - INFO - 批量推理时间（1 个样本）: 0.358549 秒
2026-04-04 20:02:59,365 - INFO - 重构图像保存至: /home/user/Downloads/jscc-test/jscc/infer_outputs/openamp3_trusted_current_direct_current/reconstructions/Places365_val_00000224_recon.png
2026-04-04 20:02:59,735 - INFO - 批量推理时间（1 个样本）: 0.369194 秒
2026-04-04 20:02:59,735 - INFO - 重构图像保存至: /home/user/Downloads/jscc-test/jscc/infer_outputs/openamp3_trusted_current_direct_current/reconstructions/Places365_val_00000225_recon.png
2026-04-04 20:03:00,081 - INFO - 批量推理时间（1 个样本）: 0.344946 秒
2026-04-04 20:03:00,081 - INFO - 重构图像保存至: /home/user/Downloads/jscc-test/jscc/infer_outputs/openamp3_trusted_current_direct_current/reconstructions/Places365_val_00000226_recon.png
2026-04-04 20:03:00,466 - INFO - 批量推理时间（1 个样本）: 0.384410 秒
2026-04-04 20:03:00,467 - INFO - 重构图像保存至: /home/user/Downloads/jscc-test/jscc/infer_outputs/openamp3_trusted_current_direct_current/reconstructions/Places365_val_00000227_recon.png
2026-04-04 20:03:00,814 - INFO - 批量推理时间（1 个样本）: 0.347642 秒
2026-04-04 20:03:00,815 - INFO - 重构图像保存至: /home/user/Downloads/jscc-test/jscc/infer_outputs/openamp3_trusted_current_direct_current/reconstructions/Places365_val_00000228_recon.png
2026-04-04 20:03:01,182 - INFO - 批量推理时间（1 个样本）: 0.366824 秒
2026-04-04 20:03:01,183 - INFO - 重构图像保存至: /home/user/Downloads/jscc-test/jscc/infer_outputs/openamp3_trusted_current_direct_current/reconstructions/Places365_val_00000229_recon.png
2026-04-04 20:03:01,556 - INFO - 批量推理时间（1 个样本）: 0.372970 秒
2026-04-04 20:03:01,556 - INFO - 重构图像保存至: /home/user/Downloads/jscc-test/jscc/infer_outputs/openamp3_trusted_current_direct_current/reconstructions/Places365_val_00000230_recon.png
2026-04-04 20:03:01,923 - INFO - 批量推理时间（1 个样本）: 0.365841 秒
2026-04-04 20:03:01,923 - INFO - 重构图像保存至: /home/user/Downloads/jscc-test/jscc/infer_outputs/openamp3_trusted_current_direct_current/reconstructions/Places365_val_00000231_recon.png
2026-04-04 20:03:02,282 - INFO - 批量推理时间（1 个样本）: 0.358535 秒
2026-04-04 20:03:02,283 - INFO - 重构图像保存至: /home/user/Downloads/jscc-test/jscc/infer_outputs/openamp3_trusted_current_direct_current/reconstructions/Places365_val_00000232_recon.png
2026-04-04 20:03:02,629 - INFO - 批量推理时间（1 个样本）: 0.345581 秒
2026-04-04 20:03:02,629 - INFO - 重构图像保存至: /home/user/Downloads/jscc-test/jscc/infer_outputs/openamp3_trusted_current_direct_current/reconstructions/Places365_val_00000233_recon.png
2026-04-04 20:03:03,001 - INFO - 批量推理时间（1 个样本）: 0.371144 秒
2026-04-04 20:03:03,001 - INFO - 重构图像保存至: /home/user/Downloads/jscc-test/jscc/infer_outputs/openamp3_trusted_current_direct_current/reconstructions/Places365_val_00000234_recon.png
2026-04-04 20:03:03,335 - INFO - 批量推理时间（1 个样本）: 0.333123 秒
2026-04-04 20:03:03,335 - INFO - 重构图像保存至: /home/user/Downloads/jscc-test/jscc/infer_outputs/openamp3_trusted_current_direct_current/reconstructions/Places365_val_00000235_recon.png
2026-04-04 20:03:03,678 - INFO - 批量推理时间（1 个样本）: 0.342143 秒
2026-04-04 20:03:03,678 - INFO - 重构图像保存至: /home/user/Downloads/jscc-test/jscc/infer_outputs/openamp3_trusted_current_direct_current/reconstructions/Places365_val_00000236_recon.png
2026-04-04 20:03:04,035 - INFO - 批量推理时间（1 个样本）: 0.355998 秒
2026-04-04 20:03:04,035 - INFO - 重构图像保存至: /home/user/Downloads/jscc-test/jscc/infer_outputs/openamp3_trusted_current_direct_current/reconstructions/Places365_val_00000237_recon.png
2026-04-04 20:03:04,410 - INFO - 批量推理时间（1 个样本）: 0.374804 秒
2026-04-04 20:03:04,411 - INFO - 重构图像保存至: /home/user/Downloads/jscc-test/jscc/infer_outputs/openamp3_trusted_current_direct_current/reconstructions/Places365_val_00000238_recon.png
2026-04-04 20:03:04,772 - INFO - 批量推理时间（1 个样本）: 0.359959 秒
2026-04-04 20:03:04,772 - INFO - 重构图像保存至: /home/user/Downloads/jscc-test/jscc/infer_outputs/openamp3_trusted_current_direct_current/reconstructions/Places365_val_00000239_recon.png
2026-04-04 20:03:05,129 - INFO - 批量推理时间（1 个样本）: 0.357399 秒
2026-04-04 20:03:05,130 - INFO - 重构图像保存至: /home/user/Downloads/jscc-test/jscc/infer_outputs/openamp3_trusted_current_direct_current/reconstructions/Places365_val_00000240_recon.png
2026-04-04 20:03:05,479 - INFO - 批量推理时间（1 个样本）: 0.348447 秒
2026-04-04 20:03:05,479 - INFO - 重构图像保存至: /home/user/Downloads/jscc-test/jscc/infer_outputs/openamp3_trusted_current_direct_current/reconstructions/Places365_val_00000241_recon.png
2026-04-04 20:03:05,843 - INFO - 批量推理时间（1 个样本）: 0.362682 秒
2026-04-04 20:03:05,843 - INFO - 重构图像保存至: /home/user/Downloads/jscc-test/jscc/infer_outputs/openamp3_trusted_current_direct_current/reconstructions/Places365_val_00000242_recon.png
2026-04-04 20:03:06,213 - INFO - 批量推理时间（1 个样本）: 0.369666 秒
2026-04-04 20:03:06,213 - INFO - 重构图像保存至: /home/user/Downloads/jscc-test/jscc/infer_outputs/openamp3_trusted_current_direct_current/reconstructions/Places365_val_00000243_recon.png
2026-04-04 20:03:06,596 - INFO - 批量推理时间（1 个样本）: 0.381407 秒
2026-04-04 20:03:06,596 - INFO - 重构图像保存至: /home/user/Downloads/jscc-test/jscc/infer_outputs/openamp3_trusted_current_direct_current/reconstructions/Places365_val_00000244_recon.png
2026-04-04 20:03:06,963 - INFO - 批量推理时间（1 个样本）: 0.366620 秒
2026-04-04 20:03:06,963 - INFO - 重构图像保存至: /home/user/Downloads/jscc-test/jscc/infer_outputs/openamp3_trusted_current_direct_current/reconstructions/Places365_val_00000245_recon.png
2026-04-04 20:03:07,325 - INFO - 批量推理时间（1 个样本）: 0.361740 秒
2026-04-04 20:03:07,326 - INFO - 重构图像保存至: /home/user/Downloads/jscc-test/jscc/infer_outputs/openamp3_trusted_current_direct_current/reconstructions/Places365_val_00000246_recon.png
2026-04-04 20:03:07,698 - INFO - 批量推理时间（1 个样本）: 0.371178 秒
2026-04-04 20:03:07,698 - INFO - 重构图像保存至: /home/user/Downloads/jscc-test/jscc/infer_outputs/openamp3_trusted_current_direct_current/reconstructions/Places365_val_00000247_recon.png
2026-04-04 20:03:08,066 - INFO - 批量推理时间（1 个样本）: 0.367810 秒
2026-04-04 20:03:08,066 - INFO - 重构图像保存至: /home/user/Downloads/jscc-test/jscc/infer_outputs/openamp3_trusted_current_direct_current/reconstructions/Places365_val_00000248_recon.png
2026-04-04 20:03:08,446 - INFO - 批量推理时间（1 个样本）: 0.378859 秒
2026-04-04 20:03:08,446 - INFO - 重构图像保存至: /home/user/Downloads/jscc-test/jscc/infer_outputs/openamp3_trusted_current_direct_current/reconstructions/Places365_val_00000249_recon.png
2026-04-04 20:03:08,814 - INFO - 批量推理时间（1 个样本）: 0.367587 秒
2026-04-04 20:03:08,815 - INFO - 重构图像保存至: /home/user/Downloads/jscc-test/jscc/infer_outputs/openamp3_trusted_current_direct_current/reconstructions/Places365_val_00000250_recon.png
2026-04-04 20:03:09,187 - INFO - 批量推理时间（1 个样本）: 0.371510 秒
2026-04-04 20:03:09,187 - INFO - 重构图像保存至: /home/user/Downloads/jscc-test/jscc/infer_outputs/openamp3_trusted_current_direct_current/reconstructions/Places365_val_00000251_recon.png
2026-04-04 20:03:09,542 - INFO - 批量推理时间（1 个样本）: 0.354936 秒
2026-04-04 20:03:09,543 - INFO - 重构图像保存至: /home/user/Downloads/jscc-test/jscc/infer_outputs/openamp3_trusted_current_direct_current/reconstructions/Places365_val_00000252_recon.png
2026-04-04 20:03:09,908 - INFO - 批量推理时间（1 个样本）: 0.363973 秒
2026-04-04 20:03:09,908 - INFO - 重构图像保存至: /home/user/Downloads/jscc-test/jscc/infer_outputs/openamp3_trusted_current_direct_current/reconstructions/Places365_val_00000253_recon.png
2026-04-04 20:03:10,267 - INFO - 批量推理时间（1 个样本）: 0.358963 秒
2026-04-04 20:03:10,268 - INFO - 重构图像保存至: /home/user/Downloads/jscc-test/jscc/infer_outputs/openamp3_trusted_current_direct_current/reconstructions/Places365_val_00000254_recon.png
2026-04-04 20:03:10,654 - INFO - 批量推理时间（1 个样本）: 0.385747 秒
2026-04-04 20:03:10,655 - INFO - 重构图像保存至: /home/user/Downloads/jscc-test/jscc/infer_outputs/openamp3_trusted_current_direct_current/reconstructions/Places365_val_00000255_recon.png
2026-04-04 20:03:11,016 - INFO - 批量推理时间（1 个样本）: 0.361023 秒
2026-04-04 20:03:11,016 - INFO - 重构图像保存至: /home/user/Downloads/jscc-test/jscc/infer_outputs/openamp3_trusted_current_direct_current/reconstructions/Places365_val_00000256_recon.png
2026-04-04 20:03:11,381 - INFO - 批量推理时间（1 个样本）: 0.363995 秒
2026-04-04 20:03:11,381 - INFO - 重构图像保存至: /home/user/Downloads/jscc-test/jscc/infer_outputs/openamp3_trusted_current_direct_current/reconstructions/Places365_val_00000257_recon.png
2026-04-04 20:03:11,728 - INFO - 批量推理时间（1 个样本）: 0.346610 秒
2026-04-04 20:03:11,729 - INFO - 重构图像保存至: /home/user/Downloads/jscc-test/jscc/infer_outputs/openamp3_trusted_current_direct_current/reconstructions/Places365_val_00000258_recon.png
2026-04-04 20:03:12,101 - INFO - 批量推理时间（1 个样本）: 0.371035 秒
2026-04-04 20:03:12,101 - INFO - 重构图像保存至: /home/user/Downloads/jscc-test/jscc/infer_outputs/openamp3_trusted_current_direct_current/reconstructions/Places365_val_00000259_recon.png
2026-04-04 20:03:12,474 - INFO - 批量推理时间（1 个样本）: 0.373227 秒
2026-04-04 20:03:12,475 - INFO - 重构图像保存至: /home/user/Downloads/jscc-test/jscc/infer_outputs/openamp3_trusted_current_direct_current/reconstructions/Places365_val_00000260_recon.png
2026-04-04 20:03:12,816 - INFO - 批量推理时间（1 个样本）: 0.340025 秒
2026-04-04 20:03:12,816 - INFO - 重构图像保存至: /home/user/Downloads/jscc-test/jscc/infer_outputs/openamp3_trusted_current_direct_current/reconstructions/Places365_val_00000261_recon.png
2026-04-04 20:03:13,140 - INFO - 批量推理时间（1 个样本）: 0.323761 秒
2026-04-04 20:03:13,140 - INFO - 重构图像保存至: /home/user/Downloads/jscc-test/jscc/infer_outputs/openamp3_trusted_current_direct_current/reconstructions/Places365_val_00000262_recon.png
2026-04-04 20:03:13,488 - INFO - 批量推理时间（1 个样本）: 0.346894 秒
2026-04-04 20:03:13,489 - INFO - 重构图像保存至: /home/user/Downloads/jscc-test/jscc/infer_outputs/openamp3_trusted_current_direct_current/reconstructions/Places365_val_00000263_recon.png
2026-04-04 20:03:13,848 - INFO - 批量推理时间（1 个样本）: 0.359089 秒
2026-04-04 20:03:13,848 - INFO - 重构图像保存至: /home/user/Downloads/jscc-test/jscc/infer_outputs/openamp3_trusted_current_direct_current/reconstructions/Places365_val_00000264_recon.png
2026-04-04 20:03:14,188 - INFO - 批量推理时间（1 个样本）: 0.338818 秒
2026-04-04 20:03:14,188 - INFO - 重构图像保存至: /home/user/Downloads/jscc-test/jscc/infer_outputs/openamp3_trusted_current_direct_current/reconstructions/Places365_val_00000265_recon.png
2026-04-04 20:03:14,559 - INFO - 批量推理时间（1 个样本）: 0.370503 秒
2026-04-04 20:03:14,559 - INFO - 重构图像保存至: /home/user/Downloads/jscc-test/jscc/infer_outputs/openamp3_trusted_current_direct_current/reconstructions/Places365_val_00000266_recon.png
2026-04-04 20:03:14,912 - INFO - 批量推理时间（1 个样本）: 0.351807 秒
2026-04-04 20:03:14,912 - INFO - 重构图像保存至: /home/user/Downloads/jscc-test/jscc/infer_outputs/openamp3_trusted_current_direct_current/reconstructions/Places365_val_00000267_recon.png
2026-04-04 20:03:15,272 - INFO - 批量推理时间（1 个样本）: 0.359809 秒
2026-04-04 20:03:15,273 - INFO - 重构图像保存至: /home/user/Downloads/jscc-test/jscc/infer_outputs/openamp3_trusted_current_direct_current/reconstructions/Places365_val_00000268_recon.png
2026-04-04 20:03:15,627 - INFO - 批量推理时间（1 个样本）: 0.352873 秒
2026-04-04 20:03:15,627 - INFO - 重构图像保存至: /home/user/Downloads/jscc-test/jscc/infer_outputs/openamp3_trusted_current_direct_current/reconstructions/Places365_val_00000269_recon.png
2026-04-04 20:03:15,988 - INFO - 批量推理时间（1 个样本）: 0.360833 秒
2026-04-04 20:03:15,988 - INFO - 重构图像保存至: /home/user/Downloads/jscc-test/jscc/infer_outputs/openamp3_trusted_current_direct_current/reconstructions/Places365_val_00000270_recon.png
2026-04-04 20:03:16,350 - INFO - 批量推理时间（1 个样本）: 0.360900 秒
2026-04-04 20:03:16,351 - INFO - 重构图像保存至: /home/user/Downloads/jscc-test/jscc/infer_outputs/openamp3_trusted_current_direct_current/reconstructions/Places365_val_00000271_recon.png
2026-04-04 20:03:16,711 - INFO - 批量推理时间（1 个样本）: 0.359788 秒
2026-04-04 20:03:16,711 - INFO - 重构图像保存至: /home/user/Downloads/jscc-test/jscc/infer_outputs/openamp3_trusted_current_direct_current/reconstructions/Places365_val_00000272_recon.png
2026-04-04 20:03:17,077 - INFO - 批量推理时间（1 个样本）: 0.364948 秒
2026-04-04 20:03:17,077 - INFO - 重构图像保存至: /home/user/Downloads/jscc-test/jscc/infer_outputs/openamp3_trusted_current_direct_current/reconstructions/Places365_val_00000273_recon.png
2026-04-04 20:03:17,426 - INFO - 批量推理时间（1 个样本）: 0.348556 秒
2026-04-04 20:03:17,426 - INFO - 重构图像保存至: /home/user/Downloads/jscc-test/jscc/infer_outputs/openamp3_trusted_current_direct_current/reconstructions/Places365_val_00000274_recon.png
2026-04-04 20:03:17,787 - INFO - 批量推理时间（1 个样本）: 0.360066 秒
2026-04-04 20:03:17,788 - INFO - 重构图像保存至: /home/user/Downloads/jscc-test/jscc/infer_outputs/openamp3_trusted_current_direct_current/reconstructions/Places365_val_00000275_recon.png
2026-04-04 20:03:18,152 - INFO - 批量推理时间（1 个样本）: 0.364364 秒
2026-04-04 20:03:18,153 - INFO - 重构图像保存至: /home/user/Downloads/jscc-test/jscc/infer_outputs/openamp3_trusted_current_direct_current/reconstructions/Places365_val_00000276_recon.png
2026-04-04 20:03:18,534 - INFO - 批量推理时间（1 个样本）: 0.380318 秒
2026-04-04 20:03:18,534 - INFO - 重构图像保存至: /home/user/Downloads/jscc-test/jscc/infer_outputs/openamp3_trusted_current_direct_current/reconstructions/Places365_val_00000277_recon.png
2026-04-04 20:03:18,907 - INFO - 批量推理时间（1 个样本）: 0.372942 秒
2026-04-04 20:03:18,908 - INFO - 重构图像保存至: /home/user/Downloads/jscc-test/jscc/infer_outputs/openamp3_trusted_current_direct_current/reconstructions/Places365_val_00000278_recon.png
2026-04-04 20:03:19,258 - INFO - 批量推理时间（1 个样本）: 0.350215 秒
2026-04-04 20:03:19,259 - INFO - 重构图像保存至: /home/user/Downloads/jscc-test/jscc/infer_outputs/openamp3_trusted_current_direct_current/reconstructions/Places365_val_00000279_recon.png
2026-04-04 20:03:19,637 - INFO - 批量推理时间（1 个样本）: 0.377989 秒
2026-04-04 20:03:19,638 - INFO - 重构图像保存至: /home/user/Downloads/jscc-test/jscc/infer_outputs/openamp3_trusted_current_direct_current/reconstructions/Places365_val_00000280_recon.png
2026-04-04 20:03:19,988 - INFO - 批量推理时间（1 个样本）: 0.349467 秒
2026-04-04 20:03:19,988 - INFO - 重构图像保存至: /home/user/Downloads/jscc-test/jscc/infer_outputs/openamp3_trusted_current_direct_current/reconstructions/Places365_val_00000281_recon.png
2026-04-04 20:03:20,356 - INFO - 批量推理时间（1 个样本）: 0.367748 秒
2026-04-04 20:03:20,357 - INFO - 重构图像保存至: /home/user/Downloads/jscc-test/jscc/infer_outputs/openamp3_trusted_current_direct_current/reconstructions/Places365_val_00000282_recon.png
2026-04-04 20:03:20,743 - INFO - 批量推理时间（1 个样本）: 0.384867 秒
2026-04-04 20:03:20,743 - INFO - 重构图像保存至: /home/user/Downloads/jscc-test/jscc/infer_outputs/openamp3_trusted_current_direct_current/reconstructions/Places365_val_00000283_recon.png
2026-04-04 20:03:21,117 - INFO - 批量推理时间（1 个样本）: 0.373547 秒
2026-04-04 20:03:21,117 - INFO - 重构图像保存至: /home/user/Downloads/jscc-test/jscc/infer_outputs/openamp3_trusted_current_direct_current/reconstructions/Places365_val_00000284_recon.png
2026-04-04 20:03:21,470 - INFO - 批量推理时间（1 个样本）: 0.351885 秒
2026-04-04 20:03:21,470 - INFO - 重构图像保存至: /home/user/Downloads/jscc-test/jscc/infer_outputs/openamp3_trusted_current_direct_current/reconstructions/Places365_val_00000285_recon.png
2026-04-04 20:03:21,840 - INFO - 批量推理时间（1 个样本）: 0.369847 秒
2026-04-04 20:03:21,841 - INFO - 重构图像保存至: /home/user/Downloads/jscc-test/jscc/infer_outputs/openamp3_trusted_current_direct_current/reconstructions/Places365_val_00000286_recon.png
2026-04-04 20:03:22,221 - INFO - 批量推理时间（1 个样本）: 0.379633 秒
2026-04-04 20:03:22,221 - INFO - 重构图像保存至: /home/user/Downloads/jscc-test/jscc/infer_outputs/openamp3_trusted_current_direct_current/reconstructions/Places365_val_00000287_recon.png
2026-04-04 20:03:22,608 - INFO - 批量推理时间（1 个样本）: 0.385843 秒
2026-04-04 20:03:22,608 - INFO - 重构图像保存至: /home/user/Downloads/jscc-test/jscc/infer_outputs/openamp3_trusted_current_direct_current/reconstructions/Places365_val_00000288_recon.png
2026-04-04 20:03:22,974 - INFO - 批量推理时间（1 个样本）: 0.365695 秒
2026-04-04 20:03:22,975 - INFO - 重构图像保存至: /home/user/Downloads/jscc-test/jscc/infer_outputs/openamp3_trusted_current_direct_current/reconstructions/Places365_val_00000289_recon.png
2026-04-04 20:03:23,332 - INFO - 批量推理时间（1 个样本）: 0.356542 秒
2026-04-04 20:03:23,332 - INFO - 重构图像保存至: /home/user/Downloads/jscc-test/jscc/infer_outputs/openamp3_trusted_current_direct_current/reconstructions/Places365_val_00000290_recon.png
2026-04-04 20:03:23,697 - INFO - 批量推理时间（1 个样本）: 0.364230 秒
2026-04-04 20:03:23,697 - INFO - 重构图像保存至: /home/user/Downloads/jscc-test/jscc/infer_outputs/openamp3_trusted_current_direct_current/reconstructions/Places365_val_00000291_recon.png
2026-04-04 20:03:24,036 - INFO - 批量推理时间（1 个样本）: 0.338674 秒
2026-04-04 20:03:24,037 - INFO - 重构图像保存至: /home/user/Downloads/jscc-test/jscc/infer_outputs/openamp3_trusted_current_direct_current/reconstructions/Places365_val_00000292_recon.png
2026-04-04 20:03:24,395 - INFO - 批量推理时间（1 个样本）: 0.357457 秒
2026-04-04 20:03:24,395 - INFO - 重构图像保存至: /home/user/Downloads/jscc-test/jscc/infer_outputs/openamp3_trusted_current_direct_current/reconstructions/Places365_val_00000293_recon.png
2026-04-04 20:03:24,744 - INFO - 批量推理时间（1 个样本）: 0.348549 秒
2026-04-04 20:03:24,744 - INFO - 重构图像保存至: /home/user/Downloads/jscc-test/jscc/infer_outputs/openamp3_trusted_current_direct_current/reconstructions/Places365_val_00000294_recon.png
2026-04-04 20:03:25,110 - INFO - 批量推理时间（1 个样本）: 0.364623 秒
2026-04-04 20:03:25,110 - INFO - 重构图像保存至: /home/user/Downloads/jscc-test/jscc/infer_outputs/openamp3_trusted_current_direct_current/reconstructions/Places365_val_00000295_recon.png
2026-04-04 20:03:25,446 - INFO - 批量推理时间（1 个样本）: 0.335274 秒
2026-04-04 20:03:25,446 - INFO - 重构图像保存至: /home/user/Downloads/jscc-test/jscc/infer_outputs/openamp3_trusted_current_direct_current/reconstructions/Places365_val_00000296_recon.png
2026-04-04 20:03:25,794 - INFO - 批量推理时间（1 个样本）: 0.347125 秒
2026-04-04 20:03:25,794 - INFO - 重构图像保存至: /home/user/Downloads/jscc-test/jscc/infer_outputs/openamp3_trusted_current_direct_current/reconstructions/Places365_val_00000297_recon.png
2026-04-04 20:03:26,153 - INFO - 批量推理时间（1 个样本）: 0.358045 秒
2026-04-04 20:03:26,153 - INFO - 重构图像保存至: /home/user/Downloads/jscc-test/jscc/infer_outputs/openamp3_trusted_current_direct_current/reconstructions/Places365_val_00000298_recon.png
2026-04-04 20:03:26,501 - INFO - 批量推理时间（1 个样本）: 0.346997 秒
2026-04-04 20:03:26,501 - INFO - 重构图像保存至: /home/user/Downloads/jscc-test/jscc/infer_outputs/openamp3_trusted_current_direct_current/reconstructions/Places365_val_00000299_recon.png
2026-04-04 20:03:26,870 - INFO - 批量推理时间（1 个样本）: 0.368088 秒
2026-04-04 20:03:26,870 - INFO - 重构图像保存至: /home/user/Downloads/jscc-test/jscc/infer_outputs/openamp3_trusted_current_direct_current/reconstructions/Places365_val_00000300_recon.png
2026-04-04 20:03:27,234 - INFO - 批量推理时间（1 个样本）: 0.362783 秒
2026-04-04 20:03:27,234 - INFO - 重构图像保存至: /home/user/Downloads/jscc-test/jscc/infer_outputs/openamp3_trusted_current_direct_current/reconstructions/Places365_val_00000301_recon.png
2026-04-04 20:03:27,578 - INFO - 批量推理时间（1 个样本）: 0.343419 秒
2026-04-04 20:03:27,578 - INFO - 重构图像保存至: /home/user/Downloads/jscc-test/jscc/infer_outputs/openamp3_trusted_current_direct_current/reconstructions/Places365_val_00000302_recon.png
2026-04-04 20:03:27,928 - INFO - 批量推理时间（1 个样本）: 0.349107 秒
2026-04-04 20:03:27,928 - INFO - 重构图像保存至: /home/user/Downloads/jscc-test/jscc/infer_outputs/openamp3_trusted_current_direct_current/reconstructions/Places365_val_00000303_recon.png
2026-04-04 20:03:28,288 - INFO - 批量推理时间（1 个样本）: 0.359919 秒
2026-04-04 20:03:28,289 - INFO - 重构图像保存至: /home/user/Downloads/jscc-test/jscc/infer_outputs/openamp3_trusted_current_direct_current/reconstructions/Places365_val_00000304_recon.png
2026-04-04 20:03:28,636 - INFO - 批量推理时间（1 个样本）: 0.347197 秒
2026-04-04 20:03:28,637 - INFO - 重构图像保存至: /home/user/Downloads/jscc-test/jscc/infer_outputs/openamp3_trusted_current_direct_current/reconstructions/Places365_val_00000305_recon.png
2026-04-04 20:03:28,992 - INFO - 批量推理时间（1 个样本）: 0.354385 秒
2026-04-04 20:03:28,992 - INFO - 重构图像保存至: /home/user/Downloads/jscc-test/jscc/infer_outputs/openamp3_trusted_current_direct_current/reconstructions/Places365_val_00000306_recon.png
2026-04-04 20:03:29,353 - INFO - 批量推理时间（1 个样本）: 0.360319 秒
2026-04-04 20:03:29,353 - INFO - 重构图像保存至: /home/user/Downloads/jscc-test/jscc/infer_outputs/openamp3_trusted_current_direct_current/reconstructions/Places365_val_00000307_recon.png
2026-04-04 20:03:29,715 - INFO - 批量推理时间（1 个样本）: 0.360802 秒
2026-04-04 20:03:29,715 - INFO - 重构图像保存至: /home/user/Downloads/jscc-test/jscc/infer_outputs/openamp3_trusted_current_direct_current/reconstructions/Places365_val_00000308_recon.png
2026-04-04 20:03:30,100 - INFO - 批量推理时间（1 个样本）: 0.384846 秒
2026-04-04 20:03:30,101 - INFO - 重构图像保存至: /home/user/Downloads/jscc-test/jscc/infer_outputs/openamp3_trusted_current_direct_current/reconstructions/Places365_val_00000309_recon.png
2026-04-04 20:03:30,488 - INFO - 批量推理时间（1 个样本）: 0.386869 秒
2026-04-04 20:03:30,489 - INFO - 重构图像保存至: /home/user/Downloads/jscc-test/jscc/infer_outputs/openamp3_trusted_current_direct_current/reconstructions/Places365_val_00000310_recon.png
2026-04-04 20:03:30,840 - INFO - 批量推理时间（1 个样本）: 0.350705 秒
2026-04-04 20:03:30,840 - INFO - 重构图像保存至: /home/user/Downloads/jscc-test/jscc/infer_outputs/openamp3_trusted_current_direct_current/reconstructions/Places365_val_00000311_recon.png
2026-04-04 20:03:31,195 - INFO - 批量推理时间（1 个样本）: 0.353709 秒
2026-04-04 20:03:31,195 - INFO - 重构图像保存至: /home/user/Downloads/jscc-test/jscc/infer_outputs/openamp3_trusted_current_direct_current/reconstructions/Places365_val_00000312_recon.png
2026-04-04 20:03:31,556 - INFO - 批量推理时间（1 个样本）: 0.361096 秒
2026-04-04 20:03:31,557 - INFO - 重构图像保存至: /home/user/Downloads/jscc-test/jscc/infer_outputs/openamp3_trusted_current_direct_current/reconstructions/Places365_val_00000313_recon.png
2026-04-04 20:03:31,942 - INFO - 批量推理时间（1 个样本）: 0.384071 秒
2026-04-04 20:03:31,942 - INFO - 重构图像保存至: /home/user/Downloads/jscc-test/jscc/infer_outputs/openamp3_trusted_current_direct_current/reconstructions/Places365_val_00000314_recon.png
2026-04-04 20:03:32,318 - INFO - 批量推理时间（1 个样本）: 0.375916 秒
2026-04-04 20:03:32,318 - INFO - 重构图像保存至: /home/user/Downloads/jscc-test/jscc/infer_outputs/openamp3_trusted_current_direct_current/reconstructions/Places365_val_00000315_recon.png
2026-04-04 20:03:32,693 - INFO - 批量推理时间（1 个样本）: 0.373238 秒
2026-04-04 20:03:32,693 - INFO - 重构图像保存至: /home/user/Downloads/jscc-test/jscc/infer_outputs/openamp3_trusted_current_direct_current/reconstructions/Places365_val_00000316_recon.png
2026-04-04 20:03:33,040 - INFO - 批量推理时间（1 个样本）: 0.347150 秒
2026-04-04 20:03:33,041 - INFO - 重构图像保存至: /home/user/Downloads/jscc-test/jscc/infer_outputs/openamp3_trusted_current_direct_current/reconstructions/Places365_val_00000317_recon.png
2026-04-04 20:03:33,413 - INFO - 批量推理时间（1 个样本）: 0.371617 秒
2026-04-04 20:03:33,414 - INFO - 重构图像保存至: /home/user/Downloads/jscc-test/jscc/infer_outputs/openamp3_trusted_current_direct_current/reconstructions/Places365_val_00000318_recon.png
2026-04-04 20:03:33,780 - INFO - 批量推理时间（1 个样本）: 0.366383 秒
2026-04-04 20:03:33,781 - INFO - 重构图像保存至: /home/user/Downloads/jscc-test/jscc/infer_outputs/openamp3_trusted_current_direct_current/reconstructions/Places365_val_00000319_recon.png
2026-04-04 20:03:34,158 - INFO - 批量推理时间（1 个样本）: 0.376721 秒
2026-04-04 20:03:34,158 - INFO - 重构图像保存至: /home/user/Downloads/jscc-test/jscc/infer_outputs/openamp3_trusted_current_direct_current/reconstructions/Places365_val_00000320_recon.png
2026-04-04 20:03:34,511 - INFO - 批量推理时间（1 个样本）: 0.352116 秒
2026-04-04 20:03:34,511 - INFO - 重构图像保存至: /home/user/Downloads/jscc-test/jscc/infer_outputs/openamp3_trusted_current_direct_current/reconstructions/Places365_val_00000321_recon.png
2026-04-04 20:03:34,855 - INFO - 批量推理时间（1 个样本）: 0.343979 秒
2026-04-04 20:03:34,856 - INFO - 重构图像保存至: /home/user/Downloads/jscc-test/jscc/infer_outputs/openamp3_trusted_current_direct_current/reconstructions/Places365_val_00000322_recon.png
2026-04-04 20:03:35,196 - INFO - 批量推理时间（1 个样本）: 0.339021 秒
2026-04-04 20:03:35,196 - INFO - 重构图像保存至: /home/user/Downloads/jscc-test/jscc/infer_outputs/openamp3_trusted_current_direct_current/reconstructions/Places365_val_00000323_recon.png
2026-04-04 20:03:35,541 - INFO - 批量推理时间（1 个样本）: 0.344609 秒
2026-04-04 20:03:35,541 - INFO - 重构图像保存至: /home/user/Downloads/jscc-test/jscc/infer_outputs/openamp3_trusted_current_direct_current/reconstructions/Places365_val_00000324_recon.png
2026-04-04 20:03:35,918 - INFO - 批量推理时间（1 个样本）: 0.375320 秒
2026-04-04 20:03:35,918 - INFO - 重构图像保存至: /home/user/Downloads/jscc-test/jscc/infer_outputs/openamp3_trusted_current_direct_current/reconstructions/Places365_val_00000325_recon.png
2026-04-04 20:03:36,292 - INFO - 批量推理时间（1 个样本）: 0.373890 秒
2026-04-04 20:03:36,292 - INFO - 重构图像保存至: /home/user/Downloads/jscc-test/jscc/infer_outputs/openamp3_trusted_current_direct_current/reconstructions/Places365_val_00000326_recon.png
2026-04-04 20:03:36,648 - INFO - 批量推理时间（1 个样本）: 0.354746 秒
2026-04-04 20:03:36,648 - INFO - 重构图像保存至: /home/user/Downloads/jscc-test/jscc/infer_outputs/openamp3_trusted_current_direct_current/reconstructions/Places365_val_00000327_recon.png
2026-04-04 20:03:37,013 - INFO - 批量推理时间（1 个样本）: 0.364201 秒
2026-04-04 20:03:37,013 - INFO - 重构图像保存至: /home/user/Downloads/jscc-test/jscc/infer_outputs/openamp3_trusted_current_direct_current/reconstructions/Places365_val_00000328_recon.png
2026-04-04 20:03:37,378 - INFO - 批量推理时间（1 个样本）: 0.363602 秒
2026-04-04 20:03:37,378 - INFO - 重构图像保存至: /home/user/Downloads/jscc-test/jscc/infer_outputs/openamp3_trusted_current_direct_current/reconstructions/Places365_val_00000329_recon.png
2026-04-04 20:03:37,720 - INFO - 批量推理时间（1 个样本）: 0.341265 秒
2026-04-04 20:03:37,720 - INFO - 重构图像保存至: /home/user/Downloads/jscc-test/jscc/infer_outputs/openamp3_trusted_current_direct_current/reconstructions/Places365_val_00000330_recon.png
2026-04-04 20:03:38,086 - INFO - 批量推理时间（1 个样本）: 0.365474 秒
2026-04-04 20:03:38,086 - INFO - 重构图像保存至: /home/user/Downloads/jscc-test/jscc/infer_outputs/openamp3_trusted_current_direct_current/reconstructions/Places365_val_00000331_recon.png
2026-04-04 20:03:38,456 - INFO - 批量推理时间（1 个样本）: 0.368804 秒
2026-04-04 20:03:38,456 - INFO - 重构图像保存至: /home/user/Downloads/jscc-test/jscc/infer_outputs/openamp3_trusted_current_direct_current/reconstructions/Places365_val_00000332_recon.png
2026-04-04 20:03:38,828 - INFO - 批量推理时间（1 个样本）: 0.372185 秒
2026-04-04 20:03:38,829 - INFO - 重构图像保存至: /home/user/Downloads/jscc-test/jscc/infer_outputs/openamp3_trusted_current_direct_current/reconstructions/Places365_val_00000333_recon.png
2026-04-04 20:03:39,184 - INFO - 批量推理时间（1 个样本）: 0.353842 秒
2026-04-04 20:03:39,184 - INFO - 重构图像保存至: /home/user/Downloads/jscc-test/jscc/infer_outputs/openamp3_trusted_current_direct_current/reconstructions/Places365_val_00000334_recon.png
2026-04-04 20:03:39,542 - INFO - 批量推理时间（1 个样本）: 0.358034 秒
2026-04-04 20:03:39,542 - INFO - 重构图像保存至: /home/user/Downloads/jscc-test/jscc/infer_outputs/openamp3_trusted_current_direct_current/reconstructions/Places365_val_00000335_recon.png
2026-04-04 20:03:39,906 - INFO - 批量推理时间（1 个样本）: 0.362374 秒
2026-04-04 20:03:39,906 - INFO - 重构图像保存至: /home/user/Downloads/jscc-test/jscc/infer_outputs/openamp3_trusted_current_direct_current/reconstructions/Places365_val_00000336_recon.png
2026-04-04 20:03:40,237 - INFO - 批量推理时间（1 个样本）: 0.330969 秒
2026-04-04 20:03:40,238 - INFO - 重构图像保存至: /home/user/Downloads/jscc-test/jscc/infer_outputs/openamp3_trusted_current_direct_current/reconstructions/Places365_val_00000337_recon.png
2026-04-04 20:03:40,571 - INFO - 批量推理时间（1 个样本）: 0.332708 秒
2026-04-04 20:03:40,571 - INFO - 重构图像保存至: /home/user/Downloads/jscc-test/jscc/infer_outputs/openamp3_trusted_current_direct_current/reconstructions/Places365_val_00000338_recon.png
2026-04-04 20:03:40,950 - INFO - 批量推理时间（1 个样本）: 0.378187 秒
2026-04-04 20:03:40,950 - INFO - 重构图像保存至: /home/user/Downloads/jscc-test/jscc/infer_outputs/openamp3_trusted_current_direct_current/reconstructions/Places365_val_00000339_recon.png
2026-04-04 20:03:41,297 - INFO - 批量推理时间（1 个样本）: 0.345524 秒
2026-04-04 20:03:41,297 - INFO - 重构图像保存至: /home/user/Downloads/jscc-test/jscc/infer_outputs/openamp3_trusted_current_direct_current/reconstructions/Places365_val_00000340_recon.png
2026-04-04 20:03:41,663 - INFO - 批量推理时间（1 个样本）: 0.365801 秒
2026-04-04 20:03:41,663 - INFO - 重构图像保存至: /home/user/Downloads/jscc-test/jscc/infer_outputs/openamp3_trusted_current_direct_current/reconstructions/Places365_val_00000341_recon.png
2026-04-04 20:03:42,037 - INFO - 批量推理时间（1 个样本）: 0.373140 秒
2026-04-04 20:03:42,038 - INFO - 重构图像保存至: /home/user/Downloads/jscc-test/jscc/infer_outputs/openamp3_trusted_current_direct_current/reconstructions/Places365_val_00000342_recon.png
2026-04-04 20:03:42,381 - INFO - 批量推理时间（1 个样本）: 0.342473 秒
2026-04-04 20:03:42,381 - INFO - 重构图像保存至: /home/user/Downloads/jscc-test/jscc/infer_outputs/openamp3_trusted_current_direct_current/reconstructions/Places365_val_00000343_recon.png
2026-04-04 20:03:42,742 - INFO - 批量推理时间（1 个样本）: 0.360328 秒
2026-04-04 20:03:42,742 - INFO - 重构图像保存至: /home/user/Downloads/jscc-test/jscc/infer_outputs/openamp3_trusted_current_direct_current/reconstructions/Places365_val_00000344_recon.png
2026-04-04 20:03:43,094 - INFO - 批量推理时间（1 个样本）: 0.350834 秒
2026-04-04 20:03:43,094 - INFO - 重构图像保存至: /home/user/Downloads/jscc-test/jscc/infer_outputs/openamp3_trusted_current_direct_current/reconstructions/Places365_val_00000345_recon.png
2026-04-04 20:03:43,452 - INFO - 批量推理时间（1 个样本）: 0.357625 秒
2026-04-04 20:03:43,453 - INFO - 重构图像保存至: /home/user/Downloads/jscc-test/jscc/infer_outputs/openamp3_trusted_current_direct_current/reconstructions/Places365_val_00000346_recon.png
2026-04-04 20:03:43,822 - INFO - 批量推理时间（1 个样本）: 0.368611 秒
2026-04-04 20:03:43,822 - INFO - 重构图像保存至: /home/user/Downloads/jscc-test/jscc/infer_outputs/openamp3_trusted_current_direct_current/reconstructions/Places365_val_00000347_recon.png
2026-04-04 20:03:44,187 - INFO - 批量推理时间（1 个样本）: 0.364451 秒
2026-04-04 20:03:44,188 - INFO - 重构图像保存至: /home/user/Downloads/jscc-test/jscc/infer_outputs/openamp3_trusted_current_direct_current/reconstructions/Places365_val_00000348_recon.png
2026-04-04 20:03:44,549 - INFO - 批量推理时间（1 个样本）: 0.360795 秒
2026-04-04 20:03:44,549 - INFO - 重构图像保存至: /home/user/Downloads/jscc-test/jscc/infer_outputs/openamp3_trusted_current_direct_current/reconstructions/Places365_val_00000349_recon.png
2026-04-04 20:03:44,900 - INFO - 批量推理时间（1 个样本）: 0.350254 秒
2026-04-04 20:03:44,901 - INFO - 重构图像保存至: /home/user/Downloads/jscc-test/jscc/infer_outputs/openamp3_trusted_current_direct_current/reconstructions/Places365_val_00000350_recon.png
2026-04-04 20:03:45,240 - INFO - 批量推理时间（1 个样本）: 0.339279 秒
2026-04-04 20:03:45,241 - INFO - 重构图像保存至: /home/user/Downloads/jscc-test/jscc/infer_outputs/openamp3_trusted_current_direct_current/reconstructions/Places365_val_00000351_recon.png
2026-04-04 20:03:45,630 - INFO - 批量推理时间（1 个样本）: 0.388797 秒
2026-04-04 20:03:45,631 - INFO - 重构图像保存至: /home/user/Downloads/jscc-test/jscc/infer_outputs/openamp3_trusted_current_direct_current/reconstructions/Places365_val_00000352_recon.png
2026-04-04 20:03:45,976 - INFO - 批量推理时间（1 个样本）: 0.345240 秒
2026-04-04 20:03:45,976 - INFO - 重构图像保存至: /home/user/Downloads/jscc-test/jscc/infer_outputs/openamp3_trusted_current_direct_current/reconstructions/Places365_val_00000353_recon.png
2026-04-04 20:03:46,349 - INFO - 批量推理时间（1 个样本）: 0.371819 秒
2026-04-04 20:03:46,349 - INFO - 重构图像保存至: /home/user/Downloads/jscc-test/jscc/infer_outputs/openamp3_trusted_current_direct_current/reconstructions/Places365_val_00000354_recon.png
2026-04-04 20:03:46,668 - INFO - 批量推理时间（1 个样本）: 0.317894 秒
2026-04-04 20:03:46,668 - INFO - 重构图像保存至: /home/user/Downloads/jscc-test/jscc/infer_outputs/openamp3_trusted_current_direct_current/reconstructions/Places365_val_00000355_recon.png
2026-04-04 20:03:47,036 - INFO - 批量推理时间（1 个样本）: 0.366920 秒
2026-04-04 20:03:47,036 - INFO - 重构图像保存至: /home/user/Downloads/jscc-test/jscc/infer_outputs/openamp3_trusted_current_direct_current/reconstructions/Places365_val_00000356_recon.png
2026-04-04 20:03:47,398 - INFO - 批量推理时间（1 个样本）: 0.362084 秒
2026-04-04 20:03:47,399 - INFO - 重构图像保存至: /home/user/Downloads/jscc-test/jscc/infer_outputs/openamp3_trusted_current_direct_current/reconstructions/Places365_val_00000357_recon.png
2026-04-04 20:03:47,736 - INFO - 批量推理时间（1 个样本）: 0.336830 秒
2026-04-04 20:03:47,737 - INFO - 重构图像保存至: /home/user/Downloads/jscc-test/jscc/infer_outputs/openamp3_trusted_current_direct_current/reconstructions/Places365_val_00000358_recon.png
2026-04-04 20:03:48,099 - INFO - 批量推理时间（1 个样本）: 0.362228 秒
2026-04-04 20:03:48,100 - INFO - 重构图像保存至: /home/user/Downloads/jscc-test/jscc/infer_outputs/openamp3_trusted_current_direct_current/reconstructions/Places365_val_00000359_recon.png
2026-04-04 20:03:48,471 - INFO - 批量推理时间（1 个样本）: 0.370784 秒
2026-04-04 20:03:48,472 - INFO - 重构图像保存至: /home/user/Downloads/jscc-test/jscc/infer_outputs/openamp3_trusted_current_direct_current/reconstructions/Places365_val_00000360_recon.png
2026-04-04 20:03:48,839 - INFO - 批量推理时间（1 个样本）: 0.366830 秒
2026-04-04 20:03:48,839 - INFO - 重构图像保存至: /home/user/Downloads/jscc-test/jscc/infer_outputs/openamp3_trusted_current_direct_current/reconstructions/Places365_val_00000361_recon.png
2026-04-04 20:03:49,196 - INFO - 批量推理时间（1 个样本）: 0.356142 秒
2026-04-04 20:03:49,196 - INFO - 重构图像保存至: /home/user/Downloads/jscc-test/jscc/infer_outputs/openamp3_trusted_current_direct_current/reconstructions/Places365_val_00000362_recon.png
2026-04-04 20:03:49,573 - INFO - 批量推理时间（1 个样本）: 0.376251 秒
2026-04-04 20:03:49,573 - INFO - 重构图像保存至: /home/user/Downloads/jscc-test/jscc/infer_outputs/openamp3_trusted_current_direct_current/reconstructions/Places365_val_00000363_recon.png
2026-04-04 20:03:49,960 - INFO - 批量推理时间（1 个样本）: 0.386683 秒
2026-04-04 20:03:49,961 - INFO - 重构图像保存至: /home/user/Downloads/jscc-test/jscc/infer_outputs/openamp3_trusted_current_direct_current/reconstructions/Places365_val_00000364_recon.png
2026-04-04 20:03:50,313 - INFO - 批量推理时间（1 个样本）: 0.351302 秒
2026-04-04 20:03:50,313 - INFO - 重构图像保存至: /home/user/Downloads/jscc-test/jscc/infer_outputs/openamp3_trusted_current_direct_current/reconstructions/Places365_val_00000365_recon.png
2026-04-04 20:03:50,654 - INFO - 批量推理时间（1 个样本）: 0.340611 秒
2026-04-04 20:03:50,654 - INFO - 重构图像保存至: /home/user/Downloads/jscc-test/jscc/infer_outputs/openamp3_trusted_current_direct_current/reconstructions/Places365_val_00000366_recon.png
2026-04-04 20:03:51,009 - INFO - 批量推理时间（1 个样本）: 0.354063 秒
2026-04-04 20:03:51,010 - INFO - 重构图像保存至: /home/user/Downloads/jscc-test/jscc/infer_outputs/openamp3_trusted_current_direct_current/reconstructions/Places365_val_00000367_recon.png
2026-04-04 20:03:51,385 - INFO - 批量推理时间（1 个样本）: 0.375030 秒
2026-04-04 20:03:51,385 - INFO - 重构图像保存至: /home/user/Downloads/jscc-test/jscc/infer_outputs/openamp3_trusted_current_direct_current/reconstructions/Places365_val_00000368_recon.png
2026-04-04 20:03:51,712 - INFO - 批量推理时间（1 个样本）: 0.325332 秒
2026-04-04 20:03:51,712 - INFO - 重构图像保存至: /home/user/Downloads/jscc-test/jscc/infer_outputs/openamp3_trusted_current_direct_current/reconstructions/Places365_val_00000369_recon.png
2026-04-04 20:03:52,082 - INFO - 批量推理时间（1 个样本）: 0.370225 秒
2026-04-04 20:03:52,083 - INFO - 重构图像保存至: /home/user/Downloads/jscc-test/jscc/infer_outputs/openamp3_trusted_current_direct_current/reconstructions/Places365_val_00000370_recon.png
2026-04-04 20:03:52,434 - INFO - 批量推理时间（1 个样本）: 0.350606 秒
2026-04-04 20:03:52,435 - INFO - 重构图像保存至: /home/user/Downloads/jscc-test/jscc/infer_outputs/openamp3_trusted_current_direct_current/reconstructions/Places365_val_00000371_recon.png
2026-04-04 20:03:52,798 - INFO - 批量推理时间（1 个样本）: 0.363230 秒
2026-04-04 20:03:52,798 - INFO - 重构图像保存至: /home/user/Downloads/jscc-test/jscc/infer_outputs/openamp3_trusted_current_direct_current/reconstructions/Places365_val_00000372_recon.png
2026-04-04 20:03:53,158 - INFO - 批量推理时间（1 个样本）: 0.358905 秒
2026-04-04 20:03:53,158 - INFO - 重构图像保存至: /home/user/Downloads/jscc-test/jscc/infer_outputs/openamp3_trusted_current_direct_current/reconstructions/Places365_val_00000373_recon.png
2026-04-04 20:03:53,509 - INFO - 批量推理时间（1 个样本）: 0.349818 秒
2026-04-04 20:03:53,509 - INFO - 重构图像保存至: /home/user/Downloads/jscc-test/jscc/infer_outputs/openamp3_trusted_current_direct_current/reconstructions/Places365_val_00000374_recon.png
2026-04-04 20:03:53,865 - INFO - 批量推理时间（1 个样本）: 0.355501 秒
2026-04-04 20:03:53,866 - INFO - 重构图像保存至: /home/user/Downloads/jscc-test/jscc/infer_outputs/openamp3_trusted_current_direct_current/reconstructions/Places365_val_00000375_recon.png
2026-04-04 20:03:54,219 - INFO - 批量推理时间（1 个样本）: 0.352939 秒
2026-04-04 20:03:54,219 - INFO - 重构图像保存至: /home/user/Downloads/jscc-test/jscc/infer_outputs/openamp3_trusted_current_direct_current/reconstructions/Places365_val_00000376_recon.png
2026-04-04 20:03:54,974 - INFO - 批量推理时间（1 个样本）: 0.753481 秒
2026-04-04 20:03:54,974 - INFO - 重构图像保存至: /home/user/Downloads/jscc-test/jscc/infer_outputs/openamp3_trusted_current_direct_current/reconstructions/Places365_val_00000377_recon.png
2026-04-04 20:03:55,318 - INFO - 批量推理时间（1 个样本）: 0.343715 秒
2026-04-04 20:03:55,319 - INFO - 重构图像保存至: /home/user/Downloads/jscc-test/jscc/infer_outputs/openamp3_trusted_current_direct_current/reconstructions/Places365_val_00000378_recon.png
2026-04-04 20:03:55,672 - INFO - 批量推理时间（1 个样本）: 0.352643 秒
2026-04-04 20:03:55,673 - INFO - 重构图像保存至: /home/user/Downloads/jscc-test/jscc/infer_outputs/openamp3_trusted_current_direct_current/reconstructions/Places365_val_00000379_recon.png
2026-04-04 20:03:56,012 - INFO - 批量推理时间（1 个样本）: 0.338950 秒
2026-04-04 20:03:56,012 - INFO - 重构图像保存至: /home/user/Downloads/jscc-test/jscc/infer_outputs/openamp3_trusted_current_direct_current/reconstructions/Places365_val_00000380_recon.png
2026-04-04 20:03:56,370 - INFO - 批量推理时间（1 个样本）: 0.357368 秒
2026-04-04 20:03:56,371 - INFO - 重构图像保存至: /home/user/Downloads/jscc-test/jscc/infer_outputs/openamp3_trusted_current_direct_current/reconstructions/Places365_val_00000381_recon.png
2026-04-04 20:03:56,747 - INFO - 批量推理时间（1 个样本）: 0.374969 秒
2026-04-04 20:03:56,747 - INFO - 重构图像保存至: /home/user/Downloads/jscc-test/jscc/infer_outputs/openamp3_trusted_current_direct_current/reconstructions/Places365_val_00000382_recon.png
2026-04-04 20:03:57,087 - INFO - 批量推理时间（1 个样本）: 0.339713 秒
2026-04-04 20:03:57,087 - INFO - 重构图像保存至: /home/user/Downloads/jscc-test/jscc/infer_outputs/openamp3_trusted_current_direct_current/reconstructions/Places365_val_00000383_recon.png
2026-04-04 20:03:57,451 - INFO - 批量推理时间（1 个样本）: 0.362982 秒
2026-04-04 20:03:57,452 - INFO - 重构图像保存至: /home/user/Downloads/jscc-test/jscc/infer_outputs/openamp3_trusted_current_direct_current/reconstructions/Places365_val_00000384_recon.png
2026-04-04 20:03:57,800 - INFO - 批量推理时间（1 个样本）: 0.348090 秒
2026-04-04 20:03:57,800 - INFO - 重构图像保存至: /home/user/Downloads/jscc-test/jscc/infer_outputs/openamp3_trusted_current_direct_current/reconstructions/Places365_val_00000385_recon.png
2026-04-04 20:03:58,163 - INFO - 批量推理时间（1 个样本）: 0.361752 秒
2026-04-04 20:03:58,163 - INFO - 重构图像保存至: /home/user/Downloads/jscc-test/jscc/infer_outputs/openamp3_trusted_current_direct_current/reconstructions/Places365_val_00000386_recon.png
2026-04-04 20:03:58,532 - INFO - 批量推理时间（1 个样本）: 0.368088 秒
2026-04-04 20:03:58,532 - INFO - 重构图像保存至: /home/user/Downloads/jscc-test/jscc/infer_outputs/openamp3_trusted_current_direct_current/reconstructions/Places365_val_00000387_recon.png
2026-04-04 20:03:58,907 - INFO - 批量推理时间（1 个样本）: 0.373835 秒
2026-04-04 20:03:58,907 - INFO - 重构图像保存至: /home/user/Downloads/jscc-test/jscc/infer_outputs/openamp3_trusted_current_direct_current/reconstructions/Places365_val_00000388_recon.png
2026-04-04 20:03:59,244 - INFO - 批量推理时间（1 个样本）: 0.336918 秒
2026-04-04 20:03:59,244 - INFO - 重构图像保存至: /home/user/Downloads/jscc-test/jscc/infer_outputs/openamp3_trusted_current_direct_current/reconstructions/Places365_val_00000389_recon.png
2026-04-04 20:03:59,621 - INFO - 批量推理时间（1 个样本）: 0.375195 秒
2026-04-04 20:03:59,621 - INFO - 重构图像保存至: /home/user/Downloads/jscc-test/jscc/infer_outputs/openamp3_trusted_current_direct_current/reconstructions/Places365_val_00000390_recon.png
2026-04-04 20:03:59,999 - INFO - 批量推理时间（1 个样本）: 0.378127 秒
2026-04-04 20:04:00,000 - INFO - 重构图像保存至: /home/user/Downloads/jscc-test/jscc/infer_outputs/openamp3_trusted_current_direct_current/reconstructions/Places365_val_00000391_recon.png
2026-04-04 20:04:00,373 - INFO - 批量推理时间（1 个样本）: 0.372494 秒
2026-04-04 20:04:00,373 - INFO - 重构图像保存至: /home/user/Downloads/jscc-test/jscc/infer_outputs/openamp3_trusted_current_direct_current/reconstructions/Places365_val_00000392_recon.png
2026-04-04 20:04:00,734 - INFO - 批量推理时间（1 个样本）: 0.360113 秒
2026-04-04 20:04:00,734 - INFO - 重构图像保存至: /home/user/Downloads/jscc-test/jscc/infer_outputs/openamp3_trusted_current_direct_current/reconstructions/Places365_val_00000393_recon.png
2026-04-04 20:04:01,081 - INFO - 批量推理时间（1 个样本）: 0.346256 秒
2026-04-04 20:04:01,082 - INFO - 重构图像保存至: /home/user/Downloads/jscc-test/jscc/infer_outputs/openamp3_trusted_current_direct_current/reconstructions/Places365_val_00000394_recon.png
2026-04-04 20:04:01,411 - INFO - 批量推理时间（1 个样本）: 0.329346 秒
2026-04-04 20:04:01,411 - INFO - 重构图像保存至: /home/user/Downloads/jscc-test/jscc/infer_outputs/openamp3_trusted_current_direct_current/reconstructions/Places365_val_00000395_recon.png
2026-04-04 20:04:01,787 - INFO - 批量推理时间（1 个样本）: 0.374371 秒
2026-04-04 20:04:01,787 - INFO - 重构图像保存至: /home/user/Downloads/jscc-test/jscc/infer_outputs/openamp3_trusted_current_direct_current/reconstructions/Places365_val_00000396_recon.png
2026-04-04 20:04:02,137 - INFO - 批量推理时间（1 个样本）: 0.349733 秒
2026-04-04 20:04:02,137 - INFO - 重构图像保存至: /home/user/Downloads/jscc-test/jscc/infer_outputs/openamp3_trusted_current_direct_current/reconstructions/Places365_val_00000397_recon.png
2026-04-04 20:04:02,508 - INFO - 批量推理时间（1 个样本）: 0.369370 秒
2026-04-04 20:04:02,508 - INFO - 重构图像保存至: /home/user/Downloads/jscc-test/jscc/infer_outputs/openamp3_trusted_current_direct_current/reconstructions/Places365_val_00000398_recon.png
2026-04-04 20:04:02,858 - INFO - 批量推理时间（1 个样本）: 0.349857 秒
2026-04-04 20:04:02,858 - INFO - 重构图像保存至: /home/user/Downloads/jscc-test/jscc/infer_outputs/openamp3_trusted_current_direct_current/reconstructions/Places365_val_00000399_recon.png
2026-04-04 20:04:03,236 - INFO - 批量推理时间（1 个样本）: 0.376947 秒
2026-04-04 20:04:03,236 - INFO - 重构图像保存至: /home/user/Downloads/jscc-test/jscc/infer_outputs/openamp3_trusted_current_direct_current/reconstructions/Places365_val_00000400_recon.png
2026-04-04 20:04:03,607 - INFO - 批量推理时间（1 个样本）: 0.370119 秒
2026-04-04 20:04:03,607 - INFO - 重构图像保存至: /home/user/Downloads/jscc-test/jscc/infer_outputs/openamp3_trusted_current_direct_current/reconstructions/Places365_val_00000401_recon.png
2026-04-04 20:04:03,975 - INFO - 批量推理时间（1 个样本）: 0.367204 秒
2026-04-04 20:04:03,975 - INFO - 重构图像保存至: /home/user/Downloads/jscc-test/jscc/infer_outputs/openamp3_trusted_current_direct_current/reconstructions/Places365_val_00000402_recon.png
2026-04-04 20:04:04,346 - INFO - 批量推理时间（1 个样本）: 0.369850 秒
2026-04-04 20:04:04,346 - INFO - 重构图像保存至: /home/user/Downloads/jscc-test/jscc/infer_outputs/openamp3_trusted_current_direct_current/reconstructions/Places365_val_00000403_recon.png
2026-04-04 20:04:04,711 - INFO - 批量推理时间（1 个样本）: 0.364441 秒
2026-04-04 20:04:04,711 - INFO - 重构图像保存至: /home/user/Downloads/jscc-test/jscc/infer_outputs/openamp3_trusted_current_direct_current/reconstructions/Places365_val_00000404_recon.png
2026-04-04 20:04:05,093 - INFO - 批量推理时间（1 个样本）: 0.381230 秒
2026-04-04 20:04:05,094 - INFO - 重构图像保存至: /home/user/Downloads/jscc-test/jscc/infer_outputs/openamp3_trusted_current_direct_current/reconstructions/Places365_val_00000405_recon.png
2026-04-04 20:04:05,457 - INFO - 批量推理时间（1 个样本）: 0.363257 秒
2026-04-04 20:04:05,458 - INFO - 重构图像保存至: /home/user/Downloads/jscc-test/jscc/infer_outputs/openamp3_trusted_current_direct_current/reconstructions/Places365_val_00000406_recon.png
2026-04-04 20:04:05,798 - INFO - 批量推理时间（1 个样本）: 0.339080 秒
2026-04-04 20:04:05,798 - INFO - 重构图像保存至: /home/user/Downloads/jscc-test/jscc/infer_outputs/openamp3_trusted_current_direct_current/reconstructions/Places365_val_00000407_recon.png
2026-04-04 20:04:06,160 - INFO - 批量推理时间（1 个样本）: 0.362195 秒
2026-04-04 20:04:06,161 - INFO - 重构图像保存至: /home/user/Downloads/jscc-test/jscc/infer_outputs/openamp3_trusted_current_direct_current/reconstructions/Places365_val_00000408_recon.png
2026-04-04 20:04:06,506 - INFO - 批量推理时间（1 个样本）: 0.344691 秒
2026-04-04 20:04:06,507 - INFO - 重构图像保存至: /home/user/Downloads/jscc-test/jscc/infer_outputs/openamp3_trusted_current_direct_current/reconstructions/Places365_val_00000409_recon.png
2026-04-04 20:04:06,854 - INFO - 批量推理时间（1 个样本）: 0.346722 秒
2026-04-04 20:04:06,854 - INFO - 重构图像保存至: /home/user/Downloads/jscc-test/jscc/infer_outputs/openamp3_trusted_current_direct_current/reconstructions/Places365_val_00000410_recon.png
2026-04-04 20:04:07,204 - INFO - 批量推理时间（1 个样本）: 0.349299 秒
2026-04-04 20:04:07,205 - INFO - 重构图像保存至: /home/user/Downloads/jscc-test/jscc/infer_outputs/openamp3_trusted_current_direct_current/reconstructions/Places365_val_00000411_recon.png
2026-04-04 20:04:07,562 - INFO - 批量推理时间（1 个样本）: 0.357523 秒
2026-04-04 20:04:07,563 - INFO - 重构图像保存至: /home/user/Downloads/jscc-test/jscc/infer_outputs/openamp3_trusted_current_direct_current/reconstructions/Places365_val_00000412_recon.png
2026-04-04 20:04:07,936 - INFO - 批量推理时间（1 个样本）: 0.371967 秒
2026-04-04 20:04:07,936 - INFO - 重构图像保存至: /home/user/Downloads/jscc-test/jscc/infer_outputs/openamp3_trusted_current_direct_current/reconstructions/Places365_val_00000413_recon.png
2026-04-04 20:04:08,298 - INFO - 批量推理时间（1 个样本）: 0.361681 秒
2026-04-04 20:04:08,298 - INFO - 重构图像保存至: /home/user/Downloads/jscc-test/jscc/infer_outputs/openamp3_trusted_current_direct_current/reconstructions/Places365_val_00000414_recon.png
2026-04-04 20:04:08,663 - INFO - 批量推理时间（1 个样本）: 0.364718 秒
2026-04-04 20:04:08,664 - INFO - 重构图像保存至: /home/user/Downloads/jscc-test/jscc/infer_outputs/openamp3_trusted_current_direct_current/reconstructions/Places365_val_00000415_recon.png
2026-04-04 20:04:09,013 - INFO - 批量推理时间（1 个样本）: 0.348850 秒
2026-04-04 20:04:09,014 - INFO - 重构图像保存至: /home/user/Downloads/jscc-test/jscc/infer_outputs/openamp3_trusted_current_direct_current/reconstructions/Places365_val_00000416_recon.png
2026-04-04 20:04:09,397 - INFO - 批量推理时间（1 个样本）: 0.382510 秒
2026-04-04 20:04:09,397 - INFO - 重构图像保存至: /home/user/Downloads/jscc-test/jscc/infer_outputs/openamp3_trusted_current_direct_current/reconstructions/Places365_val_00000417_recon.png
2026-04-04 20:04:09,746 - INFO - 批量推理时间（1 个样本）: 0.347891 秒
2026-04-04 20:04:09,746 - INFO - 重构图像保存至: /home/user/Downloads/jscc-test/jscc/infer_outputs/openamp3_trusted_current_direct_current/reconstructions/Places365_val_00000418_recon.png
2026-04-04 20:04:10,082 - INFO - 批量推理时间（1 个样本）: 0.335364 秒
2026-04-04 20:04:10,082 - INFO - 重构图像保存至: /home/user/Downloads/jscc-test/jscc/infer_outputs/openamp3_trusted_current_direct_current/reconstructions/Places365_val_00000419_recon.png
2026-04-04 20:04:10,419 - INFO - 批量推理时间（1 个样本）: 0.335988 秒
2026-04-04 20:04:10,419 - INFO - 重构图像保存至: /home/user/Downloads/jscc-test/jscc/infer_outputs/openamp3_trusted_current_direct_current/reconstructions/Places365_val_00000420_recon.png
2026-04-04 20:04:10,789 - INFO - 批量推理时间（1 个样本）: 0.369341 秒
2026-04-04 20:04:10,789 - INFO - 重构图像保存至: /home/user/Downloads/jscc-test/jscc/infer_outputs/openamp3_trusted_current_direct_current/reconstructions/Places365_val_00000421_recon.png
2026-04-04 20:04:11,151 - INFO - 批量推理时间（1 个样本）: 0.361284 秒
2026-04-04 20:04:11,152 - INFO - 重构图像保存至: /home/user/Downloads/jscc-test/jscc/infer_outputs/openamp3_trusted_current_direct_current/reconstructions/Places365_val_00000422_recon.png
2026-04-04 20:04:11,505 - INFO - 批量推理时间（1 个样本）: 0.353409 秒
2026-04-04 20:04:11,506 - INFO - 重构图像保存至: /home/user/Downloads/jscc-test/jscc/infer_outputs/openamp3_trusted_current_direct_current/reconstructions/Places365_val_00000423_recon.png
2026-04-04 20:04:11,870 - INFO - 批量推理时间（1 个样本）: 0.363901 秒
2026-04-04 20:04:11,871 - INFO - 重构图像保存至: /home/user/Downloads/jscc-test/jscc/infer_outputs/openamp3_trusted_current_direct_current/reconstructions/Places365_val_00000424_recon.png
2026-04-04 20:04:12,221 - INFO - 批量推理时间（1 个样本）: 0.350361 秒
2026-04-04 20:04:12,221 - INFO - 重构图像保存至: /home/user/Downloads/jscc-test/jscc/infer_outputs/openamp3_trusted_current_direct_current/reconstructions/Places365_val_00000425_recon.png
2026-04-04 20:04:12,576 - INFO - 批量推理时间（1 个样本）: 0.354140 秒
2026-04-04 20:04:12,577 - INFO - 重构图像保存至: /home/user/Downloads/jscc-test/jscc/infer_outputs/openamp3_trusted_current_direct_current/reconstructions/Places365_val_00000426_recon.png
2026-04-04 20:04:12,912 - INFO - 批量推理时间（1 个样本）: 0.335458 秒
2026-04-04 20:04:12,913 - INFO - 重构图像保存至: /home/user/Downloads/jscc-test/jscc/infer_outputs/openamp3_trusted_current_direct_current/reconstructions/Places365_val_00000427_recon.png
2026-04-04 20:04:13,259 - INFO - 批量推理时间（1 个样本）: 0.345008 秒
2026-04-04 20:04:13,259 - INFO - 重构图像保存至: /home/user/Downloads/jscc-test/jscc/infer_outputs/openamp3_trusted_current_direct_current/reconstructions/Places365_val_00000428_recon.png
2026-04-04 20:04:13,628 - INFO - 批量推理时间（1 个样本）: 0.368823 秒
2026-04-04 20:04:13,628 - INFO - 重构图像保存至: /home/user/Downloads/jscc-test/jscc/infer_outputs/openamp3_trusted_current_direct_current/reconstructions/Places365_val_00000429_recon.png
2026-04-04 20:04:13,983 - INFO - 批量推理时间（1 个样本）: 0.354100 秒
2026-04-04 20:04:13,984 - INFO - 重构图像保存至: /home/user/Downloads/jscc-test/jscc/infer_outputs/openamp3_trusted_current_direct_current/reconstructions/Places365_val_00000430_recon.png
2026-04-04 20:04:14,348 - INFO - 批量推理时间（1 个样本）: 0.364024 秒
2026-04-04 20:04:14,348 - INFO - 重构图像保存至: /home/user/Downloads/jscc-test/jscc/infer_outputs/openamp3_trusted_current_direct_current/reconstructions/Places365_val_00000431_recon.png
2026-04-04 20:04:14,717 - INFO - 批量推理时间（1 个样本）: 0.368087 秒
2026-04-04 20:04:14,718 - INFO - 重构图像保存至: /home/user/Downloads/jscc-test/jscc/infer_outputs/openamp3_trusted_current_direct_current/reconstructions/Places365_val_00000432_recon.png
2026-04-04 20:04:15,042 - INFO - 批量推理时间（1 个样本）: 0.324451 秒
2026-04-04 20:04:15,043 - INFO - 重构图像保存至: /home/user/Downloads/jscc-test/jscc/infer_outputs/openamp3_trusted_current_direct_current/reconstructions/Places365_val_00000433_recon.png
2026-04-04 20:04:15,385 - INFO - 批量推理时间（1 个样本）: 0.341128 秒
2026-04-04 20:04:15,385 - INFO - 重构图像保存至: /home/user/Downloads/jscc-test/jscc/infer_outputs/openamp3_trusted_current_direct_current/reconstructions/Places365_val_00000434_recon.png
2026-04-04 20:04:15,751 - INFO - 批量推理时间（1 个样本）: 0.365637 秒
2026-04-04 20:04:15,751 - INFO - 重构图像保存至: /home/user/Downloads/jscc-test/jscc/infer_outputs/openamp3_trusted_current_direct_current/reconstructions/Places365_val_00000435_recon.png
2026-04-04 20:04:16,101 - INFO - 批量推理时间（1 个样本）: 0.348617 秒
2026-04-04 20:04:16,101 - INFO - 重构图像保存至: /home/user/Downloads/jscc-test/jscc/infer_outputs/openamp3_trusted_current_direct_current/reconstructions/Places365_val_00000436_recon.png
2026-04-04 20:04:16,460 - INFO - 批量推理时间（1 个样本）: 0.358614 秒
2026-04-04 20:04:16,460 - INFO - 重构图像保存至: /home/user/Downloads/jscc-test/jscc/infer_outputs/openamp3_trusted_current_direct_current/reconstructions/Places365_val_00000437_recon.png
2026-04-04 20:04:16,815 - INFO - 批量推理时间（1 个样本）: 0.353611 秒
2026-04-04 20:04:16,815 - INFO - 重构图像保存至: /home/user/Downloads/jscc-test/jscc/infer_outputs/openamp3_trusted_current_direct_current/reconstructions/Places365_val_00000438_recon.png
2026-04-04 20:04:17,171 - INFO - 批量推理时间（1 个样本）: 0.355831 秒
2026-04-04 20:04:17,172 - INFO - 重构图像保存至: /home/user/Downloads/jscc-test/jscc/infer_outputs/openamp3_trusted_current_direct_current/reconstructions/Places365_val_00000439_recon.png
2026-04-04 20:04:17,533 - INFO - 批量推理时间（1 个样本）: 0.360198 秒
2026-04-04 20:04:17,533 - INFO - 重构图像保存至: /home/user/Downloads/jscc-test/jscc/infer_outputs/openamp3_trusted_current_direct_current/reconstructions/Places365_val_00000440_recon.png
2026-04-04 20:04:17,875 - INFO - 批量推理时间（1 个样本）: 0.341751 秒
2026-04-04 20:04:17,876 - INFO - 重构图像保存至: /home/user/Downloads/jscc-test/jscc/infer_outputs/openamp3_trusted_current_direct_current/reconstructions/Places365_val_00000441_recon.png
2026-04-04 20:04:18,240 - INFO - 批量推理时间（1 个样本）: 0.363713 秒
2026-04-04 20:04:18,241 - INFO - 重构图像保存至: /home/user/Downloads/jscc-test/jscc/infer_outputs/openamp3_trusted_current_direct_current/reconstructions/Places365_val_00000442_recon.png
2026-04-04 20:04:18,587 - INFO - 批量推理时间（1 个样本）: 0.345743 秒
2026-04-04 20:04:18,587 - INFO - 重构图像保存至: /home/user/Downloads/jscc-test/jscc/infer_outputs/openamp3_trusted_current_direct_current/reconstructions/Places365_val_00000443_recon.png
2026-04-04 20:04:18,944 - INFO - 批量推理时间（1 个样本）: 0.356069 秒
2026-04-04 20:04:18,944 - INFO - 重构图像保存至: /home/user/Downloads/jscc-test/jscc/infer_outputs/openamp3_trusted_current_direct_current/reconstructions/Places365_val_00000444_recon.png
2026-04-04 20:04:19,327 - INFO - 批量推理时间（1 个样本）: 0.382547 秒
2026-04-04 20:04:19,327 - INFO - 重构图像保存至: /home/user/Downloads/jscc-test/jscc/infer_outputs/openamp3_trusted_current_direct_current/reconstructions/Places365_val_00000445_recon.png
2026-04-04 20:04:19,703 - INFO - 批量推理时间（1 个样本）: 0.374504 秒
2026-04-04 20:04:19,703 - INFO - 重构图像保存至: /home/user/Downloads/jscc-test/jscc/infer_outputs/openamp3_trusted_current_direct_current/reconstructions/Places365_val_00000446_recon.png
2026-04-04 20:04:20,070 - INFO - 批量推理时间（1 个样本）: 0.366279 秒
2026-04-04 20:04:20,070 - INFO - 重构图像保存至: /home/user/Downloads/jscc-test/jscc/infer_outputs/openamp3_trusted_current_direct_current/reconstructions/Places365_val_00000447_recon.png
2026-04-04 20:04:20,449 - INFO - 批量推理时间（1 个样本）: 0.377828 秒
2026-04-04 20:04:20,449 - INFO - 重构图像保存至: /home/user/Downloads/jscc-test/jscc/infer_outputs/openamp3_trusted_current_direct_current/reconstructions/Places365_val_00000448_recon.png
2026-04-04 20:04:20,791 - INFO - 批量推理时间（1 个样本）: 0.341243 秒
2026-04-04 20:04:20,791 - INFO - 重构图像保存至: /home/user/Downloads/jscc-test/jscc/infer_outputs/openamp3_trusted_current_direct_current/reconstructions/Places365_val_00000449_recon.png
2026-04-04 20:04:21,155 - INFO - 批量推理时间（1 个样本）: 0.362945 秒
2026-04-04 20:04:21,155 - INFO - 重构图像保存至: /home/user/Downloads/jscc-test/jscc/infer_outputs/openamp3_trusted_current_direct_current/reconstructions/Places365_val_00000450_recon.png
2026-04-04 20:04:21,511 - INFO - 批量推理时间（1 个样本）: 0.355934 秒
2026-04-04 20:04:21,512 - INFO - 重构图像保存至: /home/user/Downloads/jscc-test/jscc/infer_outputs/openamp3_trusted_current_direct_current/reconstructions/Places365_val_00000451_recon.png
2026-04-04 20:04:21,856 - INFO - 批量推理时间（1 个样本）: 0.343758 秒
2026-04-04 20:04:21,857 - INFO - 重构图像保存至: /home/user/Downloads/jscc-test/jscc/infer_outputs/openamp3_trusted_current_direct_current/reconstructions/Places365_val_00000452_recon.png
2026-04-04 20:04:22,203 - INFO - 批量推理时间（1 个样本）: 0.346024 秒
2026-04-04 20:04:22,203 - INFO - 重构图像保存至: /home/user/Downloads/jscc-test/jscc/infer_outputs/openamp3_trusted_current_direct_current/reconstructions/Places365_val_00000453_recon.png
2026-04-04 20:04:22,564 - INFO - 批量推理时间（1 个样本）: 0.359553 秒
2026-04-04 20:04:22,564 - INFO - 重构图像保存至: /home/user/Downloads/jscc-test/jscc/infer_outputs/openamp3_trusted_current_direct_current/reconstructions/Places365_val_00000454_recon.png
2026-04-04 20:04:22,935 - INFO - 批量推理时间（1 个样本）: 0.370425 秒
2026-04-04 20:04:22,935 - INFO - 重构图像保存至: /home/user/Downloads/jscc-test/jscc/infer_outputs/openamp3_trusted_current_direct_current/reconstructions/Places365_val_00000455_recon.png
2026-04-04 20:04:23,282 - INFO - 批量推理时间（1 个样本）: 0.346551 秒
2026-04-04 20:04:23,283 - INFO - 重构图像保存至: /home/user/Downloads/jscc-test/jscc/infer_outputs/openamp3_trusted_current_direct_current/reconstructions/Places365_val_00000456_recon.png
2026-04-04 20:04:23,646 - INFO - 批量推理时间（1 个样本）: 0.363099 秒
2026-04-04 20:04:23,646 - INFO - 重构图像保存至: /home/user/Downloads/jscc-test/jscc/infer_outputs/openamp3_trusted_current_direct_current/reconstructions/Places365_val_00000457_recon.png
2026-04-04 20:04:24,014 - INFO - 批量推理时间（1 个样本）: 0.367169 秒
2026-04-04 20:04:24,015 - INFO - 重构图像保存至: /home/user/Downloads/jscc-test/jscc/infer_outputs/openamp3_trusted_current_direct_current/reconstructions/Places365_val_00000458_recon.png
2026-04-04 20:04:24,337 - INFO - 批量推理时间（1 个样本）: 0.322089 秒
2026-04-04 20:04:24,337 - INFO - 重构图像保存至: /home/user/Downloads/jscc-test/jscc/infer_outputs/openamp3_trusted_current_direct_current/reconstructions/Places365_val_00000459_recon.png
2026-04-04 20:04:24,722 - INFO - 批量推理时间（1 个样本）: 0.383298 秒
2026-04-04 20:04:24,722 - INFO - 重构图像保存至: /home/user/Downloads/jscc-test/jscc/infer_outputs/openamp3_trusted_current_direct_current/reconstructions/Places365_val_00000460_recon.png
2026-04-04 20:04:25,114 - INFO - 批量推理时间（1 个样本）: 0.391435 秒
2026-04-04 20:04:25,114 - INFO - 重构图像保存至: /home/user/Downloads/jscc-test/jscc/infer_outputs/openamp3_trusted_current_direct_current/reconstructions/Places365_val_00000461_recon.png
2026-04-04 20:04:25,468 - INFO - 批量推理时间（1 个样本）: 0.353463 秒
2026-04-04 20:04:25,469 - INFO - 重构图像保存至: /home/user/Downloads/jscc-test/jscc/infer_outputs/openamp3_trusted_current_direct_current/reconstructions/Places365_val_00000462_recon.png
2026-04-04 20:04:25,839 - INFO - 批量推理时间（1 个样本）: 0.370199 秒
2026-04-04 20:04:25,839 - INFO - 重构图像保存至: /home/user/Downloads/jscc-test/jscc/infer_outputs/openamp3_trusted_current_direct_current/reconstructions/Places365_val_00000463_recon.png
2026-04-04 20:04:26,218 - INFO - 批量推理时间（1 个样本）: 0.377835 秒
2026-04-04 20:04:26,218 - INFO - 重构图像保存至: /home/user/Downloads/jscc-test/jscc/infer_outputs/openamp3_trusted_current_direct_current/reconstructions/Places365_val_00000464_recon.png
2026-04-04 20:04:26,586 - INFO - 批量推理时间（1 个样本）: 0.367784 秒
2026-04-04 20:04:26,587 - INFO - 重构图像保存至: /home/user/Downloads/jscc-test/jscc/infer_outputs/openamp3_trusted_current_direct_current/reconstructions/Places365_val_00000465_recon.png
2026-04-04 20:04:26,945 - INFO - 批量推理时间（1 个样本）: 0.358373 秒
2026-04-04 20:04:26,946 - INFO - 重构图像保存至: /home/user/Downloads/jscc-test/jscc/infer_outputs/openamp3_trusted_current_direct_current/reconstructions/Places365_val_00000466_recon.png
2026-04-04 20:04:27,316 - INFO - 批量推理时间（1 个样本）: 0.369355 秒
2026-04-04 20:04:27,316 - INFO - 重构图像保存至: /home/user/Downloads/jscc-test/jscc/infer_outputs/openamp3_trusted_current_direct_current/reconstructions/Places365_val_00000467_recon.png
2026-04-04 20:04:27,675 - INFO - 批量推理时间（1 个样本）: 0.358813 秒
2026-04-04 20:04:27,676 - INFO - 重构图像保存至: /home/user/Downloads/jscc-test/jscc/infer_outputs/openamp3_trusted_current_direct_current/reconstructions/Places365_val_00000468_recon.png
2026-04-04 20:04:28,037 - INFO - 批量推理时间（1 个样本）: 0.360586 秒
2026-04-04 20:04:28,037 - INFO - 重构图像保存至: /home/user/Downloads/jscc-test/jscc/infer_outputs/openamp3_trusted_current_direct_current/reconstructions/Places365_val_00000469_recon.png
2026-04-04 20:04:28,403 - INFO - 批量推理时间（1 个样本）: 0.365129 秒
2026-04-04 20:04:28,403 - INFO - 重构图像保存至: /home/user/Downloads/jscc-test/jscc/infer_outputs/openamp3_trusted_current_direct_current/reconstructions/Places365_val_00000470_recon.png
2026-04-04 20:04:28,761 - INFO - 批量推理时间（1 个样本）: 0.357137 秒
2026-04-04 20:04:28,761 - INFO - 重构图像保存至: /home/user/Downloads/jscc-test/jscc/infer_outputs/openamp3_trusted_current_direct_current/reconstructions/Places365_val_00000471_recon.png
2026-04-04 20:04:29,097 - INFO - 批量推理时间（1 个样本）: 0.334819 秒
2026-04-04 20:04:29,097 - INFO - 重构图像保存至: /home/user/Downloads/jscc-test/jscc/infer_outputs/openamp3_trusted_current_direct_current/reconstructions/Places365_val_00000472_recon.png
2026-04-04 20:04:29,444 - INFO - 批量推理时间（1 个样本）: 0.345772 秒
2026-04-04 20:04:29,444 - INFO - 重构图像保存至: /home/user/Downloads/jscc-test/jscc/infer_outputs/openamp3_trusted_current_direct_current/reconstructions/Places365_val_00000473_recon.png
2026-04-04 20:04:29,794 - INFO - 批量推理时间（1 个样本）: 0.349538 秒
2026-04-04 20:04:29,794 - INFO - 重构图像保存至: /home/user/Downloads/jscc-test/jscc/infer_outputs/openamp3_trusted_current_direct_current/reconstructions/Places365_val_00000474_recon.png
2026-04-04 20:04:30,983 - INFO - 批量推理时间（1 个样本）: 1.187670 秒
2026-04-04 20:04:30,983 - INFO - 重构图像保存至: /home/user/Downloads/jscc-test/jscc/infer_outputs/openamp3_trusted_current_direct_current/reconstructions/Places365_val_00000475_recon.png
2026-04-04 20:04:31,339 - INFO - 批量推理时间（1 个样本）: 0.355392 秒
2026-04-04 20:04:31,339 - INFO - 重构图像保存至: /home/user/Downloads/jscc-test/jscc/infer_outputs/openamp3_trusted_current_direct_current/reconstructions/Places365_val_00000476_recon.png
2026-04-04 20:04:31,683 - INFO - 批量推理时间（1 个样本）: 0.343607 秒
2026-04-04 20:04:31,684 - INFO - 重构图像保存至: /home/user/Downloads/jscc-test/jscc/infer_outputs/openamp3_trusted_current_direct_current/reconstructions/Places365_val_00000477_recon.png
2026-04-04 20:04:32,032 - INFO - 批量推理时间（1 个样本）: 0.348259 秒
2026-04-04 20:04:32,033 - INFO - 重构图像保存至: /home/user/Downloads/jscc-test/jscc/infer_outputs/openamp3_trusted_current_direct_current/reconstructions/Places365_val_00000478_recon.png
2026-04-04 20:04:32,381 - INFO - 批量推理时间（1 个样本）: 0.347402 秒
2026-04-04 20:04:32,381 - INFO - 重构图像保存至: /home/user/Downloads/jscc-test/jscc/infer_outputs/openamp3_trusted_current_direct_current/reconstructions/Places365_val_00000479_recon.png
2026-04-04 20:04:32,718 - INFO - 批量推理时间（1 个样本）: 0.336901 秒
2026-04-04 20:04:32,719 - INFO - 重构图像保存至: /home/user/Downloads/jscc-test/jscc/infer_outputs/openamp3_trusted_current_direct_current/reconstructions/Places365_val_00000480_recon.png
2026-04-04 20:04:33,083 - INFO - 批量推理时间（1 个样本）: 0.363403 秒
2026-04-04 20:04:33,083 - INFO - 重构图像保存至: /home/user/Downloads/jscc-test/jscc/infer_outputs/openamp3_trusted_current_direct_current/reconstructions/Places365_val_00000481_recon.png
2026-04-04 20:04:33,438 - INFO - 批量推理时间（1 个样本）: 0.354064 秒
2026-04-04 20:04:33,438 - INFO - 重构图像保存至: /home/user/Downloads/jscc-test/jscc/infer_outputs/openamp3_trusted_current_direct_current/reconstructions/Places365_val_00000482_recon.png
2026-04-04 20:04:33,805 - INFO - 批量推理时间（1 个样本）: 0.365596 秒
2026-04-04 20:04:33,805 - INFO - 重构图像保存至: /home/user/Downloads/jscc-test/jscc/infer_outputs/openamp3_trusted_current_direct_current/reconstructions/Places365_val_00000483_recon.png
2026-04-04 20:04:34,130 - INFO - 批量推理时间（1 个样本）: 0.324755 秒
2026-04-04 20:04:34,130 - INFO - 重构图像保存至: /home/user/Downloads/jscc-test/jscc/infer_outputs/openamp3_trusted_current_direct_current/reconstructions/Places365_val_00000484_recon.png
2026-04-04 20:04:34,482 - INFO - 批量推理时间（1 个样本）: 0.351291 秒
2026-04-04 20:04:34,483 - INFO - 重构图像保存至: /home/user/Downloads/jscc-test/jscc/infer_outputs/openamp3_trusted_current_direct_current/reconstructions/Places365_val_00000485_recon.png
2026-04-04 20:04:34,852 - INFO - 批量推理时间（1 个样本）: 0.368826 秒
2026-04-04 20:04:34,852 - INFO - 重构图像保存至: /home/user/Downloads/jscc-test/jscc/infer_outputs/openamp3_trusted_current_direct_current/reconstructions/Places365_val_00000486_recon.png
2026-04-04 20:04:35,219 - INFO - 批量推理时间（1 个样本）: 0.365433 秒
2026-04-04 20:04:35,219 - INFO - 重构图像保存至: /home/user/Downloads/jscc-test/jscc/infer_outputs/openamp3_trusted_current_direct_current/reconstructions/Places365_val_00000487_recon.png
2026-04-04 20:04:35,586 - INFO - 批量推理时间（1 个样本）: 0.367089 秒
2026-04-04 20:04:35,587 - INFO - 重构图像保存至: /home/user/Downloads/jscc-test/jscc/infer_outputs/openamp3_trusted_current_direct_current/reconstructions/Places365_val_00000488_recon.png
2026-04-04 20:04:35,928 - INFO - 批量推理时间（1 个样本）: 0.340931 秒
2026-04-04 20:04:35,929 - INFO - 重构图像保存至: /home/user/Downloads/jscc-test/jscc/infer_outputs/openamp3_trusted_current_direct_current/reconstructions/Places365_val_00000489_recon.png
2026-04-04 20:04:36,299 - INFO - 批量推理时间（1 个样本）: 0.369631 秒
2026-04-04 20:04:36,299 - INFO - 重构图像保存至: /home/user/Downloads/jscc-test/jscc/infer_outputs/openamp3_trusted_current_direct_current/reconstructions/Places365_val_00000490_recon.png
2026-04-04 20:04:36,652 - INFO - 批量推理时间（1 个样本）: 0.352610 秒
2026-04-04 20:04:36,653 - INFO - 重构图像保存至: /home/user/Downloads/jscc-test/jscc/infer_outputs/openamp3_trusted_current_direct_current/reconstructions/Places365_val_00000491_recon.png
2026-04-04 20:04:37,015 - INFO - 批量推理时间（1 个样本）: 0.362383 秒
2026-04-04 20:04:37,016 - INFO - 重构图像保存至: /home/user/Downloads/jscc-test/jscc/infer_outputs/openamp3_trusted_current_direct_current/reconstructions/Places365_val_00000492_recon.png
2026-04-04 20:04:37,359 - INFO - 批量推理时间（1 个样本）: 0.342209 秒
2026-04-04 20:04:37,359 - INFO - 重构图像保存至: /home/user/Downloads/jscc-test/jscc/infer_outputs/openamp3_trusted_current_direct_current/reconstructions/Places365_val_00000493_recon.png
2026-04-04 20:04:37,683 - INFO - 批量推理时间（1 个样本）: 0.323173 秒
2026-04-04 20:04:37,683 - INFO - 重构图像保存至: /home/user/Downloads/jscc-test/jscc/infer_outputs/openamp3_trusted_current_direct_current/reconstructions/Places365_val_00000494_recon.png
2026-04-04 20:04:38,053 - INFO - 批量推理时间（1 个样本）: 0.369272 秒
2026-04-04 20:04:38,053 - INFO - 重构图像保存至: /home/user/Downloads/jscc-test/jscc/infer_outputs/openamp3_trusted_current_direct_current/reconstructions/Places365_val_00000495_recon.png
2026-04-04 20:04:38,397 - INFO - 批量推理时间（1 个样本）: 0.342947 秒
2026-04-04 20:04:38,397 - INFO - 重构图像保存至: /home/user/Downloads/jscc-test/jscc/infer_outputs/openamp3_trusted_current_direct_current/reconstructions/Places365_val_00000496_recon.png
2026-04-04 20:04:38,742 - INFO - 批量推理时间（1 个样本）: 0.343811 秒
2026-04-04 20:04:38,742 - INFO - 重构图像保存至: /home/user/Downloads/jscc-test/jscc/infer_outputs/openamp3_trusted_current_direct_current/reconstructions/Places365_val_00000497_recon.png
2026-04-04 20:04:39,083 - INFO - 批量推理时间（1 个样本）: 0.340398 秒
2026-04-04 20:04:39,083 - INFO - 重构图像保存至: /home/user/Downloads/jscc-test/jscc/infer_outputs/openamp3_trusted_current_direct_current/reconstructions/Places365_val_00000498_recon.png
2026-04-04 20:04:39,452 - INFO - 批量推理时间（1 个样本）: 0.368435 秒
2026-04-04 20:04:39,453 - INFO - 重构图像保存至: /home/user/Downloads/jscc-test/jscc/infer_outputs/openamp3_trusted_current_direct_current/reconstructions/Places365_val_00000499_recon.png
2026-04-04 20:04:39,830 - INFO - 批量推理时间（1 个样本）: 0.377101 秒
2026-04-04 20:04:39,830 - INFO - 重构图像保存至: /home/user/Downloads/jscc-test/jscc/infer_outputs/openamp3_trusted_current_direct_current/reconstructions/Places365_val_00000500_recon.png
2026-04-04 20:04:40,200 - INFO - 批量推理时间（1 个样本）: 0.368557 秒
2026-04-04 20:04:40,200 - INFO - 重构图像保存至: /home/user/Downloads/jscc-test/jscc/infer_outputs/openamp3_trusted_current_direct_current/reconstructions/Places365_val_00000501_recon.png
2026-04-04 20:04:40,544 - INFO - 批量推理时间（1 个样本）: 0.343107 秒
2026-04-04 20:04:40,544 - INFO - 重构图像保存至: /home/user/Downloads/jscc-test/jscc/infer_outputs/openamp3_trusted_current_direct_current/reconstructions/Places365_val_00000502_recon.png
2026-04-04 20:04:40,898 - INFO - 批量推理时间（1 个样本）: 0.353037 秒
2026-04-04 20:04:40,898 - INFO - 重构图像保存至: /home/user/Downloads/jscc-test/jscc/infer_outputs/openamp3_trusted_current_direct_current/reconstructions/Places365_val_00000503_recon.png
2026-04-04 20:04:41,277 - INFO - 批量推理时间（1 个样本）: 0.378626 秒
2026-04-04 20:04:41,277 - INFO - 重构图像保存至: /home/user/Downloads/jscc-test/jscc/infer_outputs/openamp3_trusted_current_direct_current/reconstructions/Places365_val_00000504_recon.png
2026-04-04 20:04:41,637 - INFO - 批量推理时间（1 个样本）: 0.358417 秒
2026-04-04 20:04:41,637 - INFO - 重构图像保存至: /home/user/Downloads/jscc-test/jscc/infer_outputs/openamp3_trusted_current_direct_current/reconstructions/Places365_val_00000505_recon.png
2026-04-04 20:04:41,998 - INFO - 批量推理时间（1 个样本）: 0.360239 秒
2026-04-04 20:04:41,998 - INFO - 重构图像保存至: /home/user/Downloads/jscc-test/jscc/infer_outputs/openamp3_trusted_current_direct_current/reconstructions/Places365_val_00000506_recon.png
2026-04-04 20:04:42,335 - INFO - 批量推理时间（1 个样本）: 0.335718 秒
2026-04-04 20:04:42,335 - INFO - 重构图像保存至: /home/user/Downloads/jscc-test/jscc/infer_outputs/openamp3_trusted_current_direct_current/reconstructions/Places365_val_00000507_recon.png
2026-04-04 20:04:42,335 - INFO - 处理完成: 300/300 文件成功
{"variant": "current", "artifact_path": "/home/user/Downloads/jscc-test/jscc/tvm_tune_logs/optimized_model.so", "artifact_sha256": "6f236b07f9b0bf981b6762ddb72449e23332d2d92c76b38acdcadc1d9b536dc1", "artifact_sha256_expected": "6f236b07f9b0bf981b6762ddb72449e23332d2d92c76b38acdcadc1d9b536dc1", "artifact_sha256_match": true, "input_dir": "/home/user/Downloads/jscc-test/简化版latent", "output_dir": "/home/user/Downloads/jscc-test/jscc/infer_outputs/openamp3_trusted_current_direct_current/reconstructions", "output_count": 300, "processed_count": 300, "input_count": 300, "available_input_count": 300, "load_ms": 2.419, "vm_init_ms": 0.474, "run_count": 300, "run_samples_ms": [419.207, 367.11, 352.669, 350.425, 363.276, 360.276, 353.198, 329.293, 361.416, 361.297, 359.554, 375.497, 371.018, 355.541, 357.023, 364.126, 358.549, 369.194, 344.946, 384.41, 347.642, 366.824, 372.97, 365.841, 358.535, 345.581, 371.144, 333.123, 342.143, 355.998, 374.804, 359.959, 357.399, 348.447, 362.682, 369.666, 381.407, 366.62, 361.74, 371.178, 367.81, 378.859, 367.587, 371.51, 354.936, 363.973, 358.963, 385.747, 361.023, 363.995, 346.61, 371.035, 373.227, 340.025, 323.761, 346.894, 359.089, 338.818, 370.503, 351.807, 359.809, 352.873, 360.833, 360.9, 359.788, 364.948, 348.556, 360.066, 364.364, 380.318, 372.942, 350.215, 377.989, 349.467, 367.748, 384.867, 373.547, 351.885, 369.847, 379.633, 385.843, 365.695, 356.542, 364.23, 338.674, 357.457, 348.549, 364.623, 335.274, 347.125, 358.045, 346.997, 368.088, 362.783, 343.419, 349.107, 359.919, 347.197, 354.385, 360.319, 360.802, 384.846, 386.869, 350.705, 353.709, 361.096, 384.071, 375.916, 373.238, 347.15, 371.617, 366.383, 376.721, 352.116, 343.979, 339.021, 344.609, 375.32, 373.89, 354.746, 364.201, 363.602, 341.265, 365.474, 368.804, 372.185, 353.842, 358.034, 362.374, 330.969, 332.708, 378.187, 345.524, 365.801, 373.14, 342.473, 360.328, 350.834, 357.625, 368.611, 364.451, 360.795, 350.254, 339.279, 388.797, 345.24, 371.819, 317.894, 366.92, 362.084, 336.83, 362.228, 370.784, 366.83, 356.142, 376.251, 386.683, 351.302, 340.611, 354.063, 375.03, 325.332, 370.225, 350.606, 363.23, 358.905, 349.818, 355.501, 352.939, 753.481, 343.715, 352.643, 338.95, 357.368, 374.969, 339.713, 362.982, 348.09, 361.752, 368.088, 373.835, 336.918, 375.195, 378.127, 372.494, 360.113, 346.256, 329.346, 374.371, 349.733, 369.37, 349.857, 376.947, 370.119, 367.204, 369.85, 364.441, 381.23, 363.257, 339.08, 362.195, 344.691, 346.722, 349.299, 357.523, 371.967, 361.681, 364.718, 348.85, 382.51, 347.891, 335.364, 335.988, 369.341, 361.284, 353.409, 363.901, 350.361, 354.14, 335.458, 345.008, 368.823, 354.1, 364.024, 368.087, 324.451, 341.128, 365.637, 348.617, 358.614, 353.611, 355.831, 360.198, 341.751, 363.713, 345.743, 356.069, 382.547, 374.504, 366.279, 377.828, 341.243, 362.945, 355.934, 343.758, 346.024, 359.553, 370.425, 346.551, 363.099, 367.169, 322.089, 383.298, 391.435, 353.463, 370.199, 377.835, 367.784, 358.373, 369.355, 358.813, 360.586, 365.129, 357.137, 334.819, 345.772, 349.538, 1187.67, 355.392, 343.607, 348.259, 347.402, 336.901, 363.403, 354.064, 365.596, 324.755, 351.291, 368.826, 365.433, 367.089, 340.931, 369.631, 352.61, 362.383, 342.209, 323.173, 369.272, 342.947, 343.811, 340.398, 368.435, 377.101, 368.557, 343.107, 353.037, 378.626, 358.417, 360.239, 335.718], "run_median_ms": 360.218, "run_mean_ms": 362.908, "run_min_ms": 317.894, "run_max_ms": 1187.67, "run_variance_ms2": 2995.936958, "output_shape": [1, 3, 256, 256], "output_dtype": "float32", "snr": 10.0, "batch_size": 1, "save_format": "png", "seed": null, "max_inputs": 300, "runtime_profiling": {"requested": false, "profile_samples_requested": 0, "attempted_samples": 0, "successful_samples": 0, "supported": null, "status": "not_requested", "top_ops": [], "sample_results": []}}
