Warning: Permanently added '100.121.87.73' (ED25519) to the list of known hosts.
[sudo] user 的密码： {
  "rpmsg_exists": true,
  "job_req_tx_hex": "4d4f43530100010001000000552400002c000000fc817faf6f236b07f9b0bf981b6762ddb72449e23332d2d92c76b38acdcadc1d9b536dc160ea00000100000003000000",
  "job_ack_rx_hex": "4d4f43530100020001000000552400000c000000190b2c73010000000000000002000000",
  "job_ack_len": 36,
  "job_ack_hdr": {
    "magic": 1396920141,
    "version": 1,
    "msg_type": 2,
    "seq": 1,
    "job_id": 9301,
    "payload_len": 12,
    "header_crc32": 1932266265
  },
  "job_ack": {
    "decision": 1,
    "fault_code": 0,
    "guard_state": 2
  },
  "heartbeat_tx_hex": "4d4f435301000300020000005524000010000000b8d0728302000000d20400000000000064000000",
  "heartbeat_ack_rx_hex": "4d4f435301000400020000005524000008000000080512730200000001000000",
  "heartbeat_ack_len": 32,
  "heartbeat_ack_hdr": {
    "magic": 1396920141,
    "version": 1,
    "msg_type": 4,
    "seq": 2,
    "job_id": 9301,
    "payload_len": 8,
    "header_crc32": 1930560776
  },
  "heartbeat_ack": {
    "guard_state": 2,
    "heartbeat_ok": 1
  },
  "status_req_tx_hex": "4d4f435301000800030000005524000000000000a5f0f607",
  "status_resp_rx_hex": "4d4f435301000900030000005524000018000000a36e540f020000005524000000000000010000000000000000000000",
  "status_resp_len": 48,
  "status_resp_hdr": {
    "magic": 1396920141,
    "version": 1,
    "msg_type": 9,
    "seq": 3,
    "job_id": 9301,
    "payload_len": 24,
    "header_crc32": 257191587
  },
  "status_resp": {
    "guard_state": 2,
    "active_job_id": 9301,
    "last_fault_code": 0,
    "heartbeat_ok": 1,
    "sticky_fault": 0,
    "total_fault_count": 0
  }
}
